

Building a new DB, current time: 02/25/2024 23:16:58
New DB name:   /Users/macvbookpro/PycharmProjects/repeatmodeler/RM_5058.SunFeb252315302024/round-2/sampleDB-2.fa.masked
New DB title:  /Users/macvbookpro/PycharmProjects/repeatmodeler/RM_5058.SunFeb252315302024/round-2/sampleDB-2.fa.masked
Sequence type: Nucleotide
Keep MBits: T
Maximum file size: 3000000000B
Adding sequences from FASTA; added 79 sequences in 0.0247319 seconds.




Building a new DB, current time: 02/25/2024 23:35:40
New DB name:   /Users/macvbookpro/PycharmProjects/repeatmodeler/RM_5058.SunFeb252315302024/round-2/family-201.fa
New DB title:  /Users/macvbookpro/PycharmProjects/repeatmodeler/RM_5058.SunFeb252315302024/round-2/family-201.fa
Sequence type: Nucleotide
Keep MBits: T
Maximum file size: 3000000000B
Adding sequences from FASTA; added 19 sequences in 0.00967216 seconds.




Building a new DB, current time: 02/25/2024 23:35:40
New DB name:   /Users/macvbookpro/PycharmProjects/repeatmodeler/RM_5058.SunFeb252315302024/round-2/family-201-cons-2.fa
New DB title:  /Users/macvbookpro/PycharmProjects/repeatmodeler/RM_5058.SunFeb252315302024/round-2/family-201-cons-2.fa
Sequence type: Nucleotide
Keep MBits: T
Maximum file size: 3000000000B
Adding sequences from FASTA; added 1 sequences in 0.000298977 seconds.




Building a new DB, current time: 02/25/2024 23:35:40
New DB name:   /Users/macvbookpro/PycharmProjects/repeatmodeler/RM_5058.SunFeb252315302024/round-2/family-201-cons-3.fa
New DB title:  /Users/macvbookpro/PycharmProjects/repeatmodeler/RM_5058.SunFeb252315302024/round-2/family-201-cons-3.fa
Sequence type: Nucleotide
Keep MBits: T
Maximum file size: 3000000000B
Adding sequences from FASTA; added 1 sequences in 0.000313997 seconds.




Building a new DB, current time: 02/25/2024 23:35:40
New DB name:   /Users/macvbookpro/PycharmProjects/repeatmodeler/RM_5058.SunFeb252315302024/round-2/family-201-cons-4.fa
New DB title:  /Users/macvbookpro/PycharmProjects/repeatmodeler/RM_5058.SunFeb252315302024/round-2/family-201-cons-4.fa
Sequence type: Nucleotide
Keep MBits: T
Maximum file size: 3000000000B
Adding sequences from FASTA; added 1 sequences in 0.000272036 seconds.




Building a new DB, current time: 02/25/2024 23:35:41
New DB name:   /Users/macvbookpro/PycharmProjects/repeatmodeler/RM_5058.SunFeb252315302024/round-2/family-201-cons-5.fa
New DB title:  /Users/macvbookpro/PycharmProjects/repeatmodeler/RM_5058.SunFeb252315302024/round-2/family-201-cons-5.fa
Sequence type: Nucleotide
Keep MBits: T
Maximum file size: 3000000000B
Adding sequences from FASTA; added 1 sequences in 0.000272989 seconds.




Building a new DB, current time: 02/25/2024 23:35:41
New DB name:   /Users/macvbookpro/PycharmProjects/repeatmodeler/RM_5058.SunFeb252315302024/round-2/family-201-cons-6.fa
New DB title:  /Users/macvbookpro/PycharmProjects/repeatmodeler/RM_5058.SunFeb252315302024/round-2/family-201-cons-6.fa
Sequence type: Nucleotide
Keep MBits: T
Maximum file size: 3000000000B
Adding sequences from FASTA; added 1 sequences in 0.000392199 seconds.




Building a new DB, current time: 02/25/2024 23:35:41
New DB name:   /Users/macvbookpro/PycharmProjects/repeatmodeler/RM_5058.SunFeb252315302024/round-2/family-201-cons-7.fa
New DB title:  /Users/macvbookpro/PycharmProjects/repeatmodeler/RM_5058.SunFeb252315302024/round-2/family-201-cons-7.fa
Sequence type: Nucleotide
Keep MBits: T
Maximum file size: 3000000000B
Adding sequences from FASTA; added 1 sequences in 0.000350952 seconds.


