   SW   perc perc perc  query        position in query           matching       repeat           position in repeat
score   div. del. ins.  sequence     begin   end        (left)   repeat         class/family   begin  end    (left)  ID

   20    8.3  2.4  4.9  NC_000964.3     9413    9454 (4206152) + GA-rich        Low_complexity      1     41    (0)   1  
16386    0.2  0.1  0.0  NC_000964.3     9663   11437 (4204169) + rnd-1_family-5 Unknown             6   1781    (5)   2  
  389   18.8  0.0  0.0  NC_000964.3    11462   11541 (4204065) + rnd-1_family-4 SINE/tRNA           1     80    (1)   3  
  300   10.7  3.6  0.0  NC_000964.3    11559   11614 (4203992) + rnd-1_family-4 SINE/tRNA          10     67   (14)   4  
29472    0.1  0.0  0.0  NC_000964.3    11627   14809 (4200797) + rnd-1_family-3 rRNA             1734   4916    (0)   5  
15845    0.4  0.2  0.2  NC_000964.3    30188   31917 (4183689) + rnd-1_family-3 rRNA                1   1730 (3186)   6  
  389   18.8  0.0  0.0  NC_000964.3    31930   32009 (4183597) + rnd-1_family-4 SINE/tRNA           1     80    (1)   7  
  300   10.7  3.6  0.0  NC_000964.3    32027   32082 (4183524) + rnd-1_family-4 SINE/tRNA          10     67   (14)   8  
28245    0.1  0.0  0.0  NC_000964.3    32095   35153 (4180453) + rnd-1_family-3 rRNA             1734   4792  (124)   9  
 1140    0.0  0.0  0.0  NC_000964.3    35232   35354 (4180252) + rnd-1_family-3 rRNA             4794   4916    (0)   9  
   13   20.5  0.0  4.9  NC_000964.3    45438   45480 (4170126) + (TTTTTA)n      Simple_repeat       1     41    (0)  10  
  259   20.6  4.4  0.0  NC_000964.3    70187   70254 (4145352) + rnd-1_family-4 SINE/tRNA           9     79    (2)  11  
45796    0.1  0.1  0.0  NC_000964.3    90442   95354 (4120252) + rnd-1_family-3 rRNA                1   4916    (0)  12  
  407   12.7  0.0  0.0  NC_000964.3    95382   95452 (4120154) + rnd-1_family-0 SINE/tRNA          10     80    (1)  13  
  392    9.9  2.7  2.7  NC_000964.3    95461   95533 (4120073) + rnd-1_family-0 SINE/tRNA           9     81    (0)  14  
  618    6.2  0.0  0.0  NC_000964.3    95565   95645 (4119961) + rnd-1_family-0 SINE/tRNA           1     81    (0)  15  
  263   18.6  3.4  0.0  NC_000964.3    95778   95836 (4119770) + rnd-1_family-4 SINE/tRNA           9     69   (12)  16  
  299   22.7  0.0  1.3  NC_000964.3    95958   96033 (4119573) + rnd-1_family-0 SINE/tRNA           5     79    (2)  17  
  302   18.9  0.0  1.4  NC_000964.3    96065   96139 (4119467) + rnd-1_family-0 SINE/tRNA           8     81    (0)  18  
  309   10.7  3.6  0.0  NC_000964.3    96153   96208 (4119398) + rnd-1_family-4 SINE/tRNA          10     67   (14)  19  
45816    0.1  0.1  0.0  NC_000964.3    96298  101210 (4114396) + rnd-1_family-3 rRNA                1   4916    (0)  20  
   17   29.0  0.0  0.0  NC_000964.3   120707  120760 (4094846) + (CTG)n         Simple_repeat       1     54    (0)  21  
   14   22.1  2.3  2.3  NC_000964.3   125360  125403 (4090203) + GA-rich        Low_complexity      1     44    (0)  22  
45547    0.2  0.1  0.0  NC_000964.3   160804  165707 (4049899) + rnd-1_family-3 rRNA                5   4915    (1)  23  
  317    8.1  3.2  1.6  NC_000964.3   165758  165820 (4049786) + rnd-1_family-0 SINE/tRNA           7     70   (11)  24  
  263   18.6  3.4  0.0  NC_000964.3   165965  166023 (4049583) + rnd-1_family-4 SINE/tRNA           9     69   (12)  25  
  299   22.7  0.0  1.3  NC_000964.3   166066  166141 (4049465) + rnd-1_family-0 SINE/tRNA           5     79    (2)  26  
  302   18.9  0.0  1.4  NC_000964.3   166173  166247 (4049359) + rnd-1_family-0 SINE/tRNA           8     81    (0)  27  
  309   10.7  3.6  0.0  NC_000964.3   166260  166315 (4049291) + rnd-1_family-4 SINE/tRNA          10     67   (14)  28  
45475    0.1  0.2  0.0  NC_000964.3   166406  171314 (4044292) + rnd-1_family-3 rRNA                1   4916    (0)  29  
34856    0.1  0.2  0.0  NC_000964.3   171404  176314 (4039292) + rnd-1_family-3 rRNA                1   4916    (0)  30  
  386   13.9  0.0  0.0  NC_000964.3   194290  194361 (4021245) + rnd-1_family-0 SINE/tRNA          10     81    (0)  31  
  374   10.5  0.0  0.0  NC_000964.3   194369  194425 (4021181) + rnd-1_family-0 SINE/tRNA           9     65   (16)  32  
   17   28.7  0.0  1.8  NC_000964.3   198388  198445 (4017161) + (CAAGAT)n      Simple_repeat       1     57    (0)  33  
   12   19.6  2.9  0.0  NC_000964.3   199634  199668 (4015938) + A-rich         Low_complexity      1     36    (0)  34  
   12   27.2  2.3  0.0  NC_000964.3   277324  277367 (3938239) + (GAGAT)n       Simple_repeat       1     45    (0)  35  
 1007   17.3  0.4  0.4  NC_000964.3   379374  379599 (3836007) C rnd-1_family-2 Unknown           (0)    226      1  36  
  821   23.1  0.0  0.0  NC_000964.3   382497  382721 (3832885) C rnd-1_family-2 Unknown           (0)    226      2  37  
  836   18.0  1.8  0.4  NC_000964.3   385590  385812 (3829794) C rnd-1_family-2 Unknown           (0)    226      1  38  
  959   22.7  0.7  1.1  NC_000964.3   390144  390415 (3825191) C rnd-1_family-1 Unknown           (0)    304     34  39  
  782   23.1  0.5  0.5  NC_000964.3   393268  393489 (3822117) C rnd-1_family-1 Unknown           (4)    300     79  40  
  869   17.6  1.8  0.4  NC_000964.3   396354  396576 (3819030) C rnd-1_family-2 Unknown           (0)    226      1  41  
 1035   19.2  1.1  1.5  NC_000964.3   400941  401204 (3814402) C rnd-1_family-1 Unknown           (0)    304     42  42  
   13   24.5  2.3  0.0  NC_000964.3   455897  455939 (3759667) + (GTTTT)n       Simple_repeat       1     44    (0)  43  
   16    5.2  0.0  0.0  NC_000964.3   490578  490597 (3725009) + (T)n           Simple_repeat       1     20    (0)  44  
  296    8.1  3.2  1.6  NC_000964.3   528708  528770 (3686836) + rnd-1_family-0 SINE/tRNA           7     70   (11)  45  
  614    6.2  0.0  0.0  NC_000964.3   529085  529165 (3686441) + rnd-1_family-0 SINE/tRNA           1     81    (0)  46  
   12    7.5  6.7  3.2  NC_000964.3   543207  543236 (3672370) + A-rich         Low_complexity      1     31    (0)  47  
  299   22.8  0.0  1.3  NC_000964.3   635108  635187 (3580419) + rnd-1_family-0 SINE/tRNA           1     79    (2)  48  
14970    0.5  0.0  0.0  NC_000964.3   635280  636920 (3578686) + rnd-1_family-5 Unknown             1   1641  (145)  49 *
44704    0.1  0.0  0.0  NC_000964.3   635434  640254 (3575352) + rnd-1_family-3 rRNA               95   4915    (1)  50  
  665    4.9  0.0  0.0  NC_000964.3   640403  640483 (3575123) + rnd-1_family-4 SINE/tRNA           1     81    (0)  51  
   12   25.3  2.4  0.0  NC_000964.3   640505  640546 (3575060) + (TTTTCT)n      Simple_repeat       1     43    (0)  52  
   14   19.2  0.0  6.8  NC_000964.3   648300  648346 (3567260) + (TTATT)n       Simple_repeat       1     44    (0)  53  
   12   24.1  0.0  0.0  NC_000964.3   652259  652292 (3563314) + (TTTAT)n       Simple_repeat       1     34    (0)  54  
   12   12.6  0.0  3.7  NC_000964.3   675883  675910 (3539696) + (TTCTT)n       Simple_repeat       1     27    (0)  55  
   12   19.6  3.9  5.9  NC_000964.3   682396  682447 (3533159) + (GCT)n         Simple_repeat       1     51    (0)  56  
   16   21.4  7.5  1.4  NC_000964.3   692092  692158 (3523448) + A-rich         Low_complexity      1     71    (0)  57  
   11   20.7  5.1  0.0  NC_000964.3   733765  733803 (3481803) + (GCGCAA)n      Simple_repeat       1     41    (0)  58  
   12   26.7  2.0  2.0  NC_000964.3   747179  747229 (3468377) + (TCTAAT)n      Simple_repeat       1     51    (0)  59  
   28   37.4  0.0  0.0  NC_000964.3   753547  753669 (3461937) + (CAT)n         Simple_repeat       1    123    (0)  60  
  792    0.0  0.0  1.1  NC_000964.3   946540  946631 (3268975) + rnd-1_family-3 rRNA                3     93 (4823)  61  
43497    0.1  0.0  0.0  NC_000964.3   946697  951389 (3264217) + rnd-1_family-3 rRNA               95   4787  (129)  61  
  991    7.9  0.0  0.0  NC_000964.3   951448  951573 (3264033) + rnd-1_family-3 rRNA             4790   4915    (1)  61  
  313    8.1  3.2  1.6  NC_000964.3   951586  951648 (3263958) + rnd-1_family-0 SINE/tRNA           7     70   (11)  62  
  398   12.7  0.0  0.0  NC_000964.3   951876  951946 (3263660) + rnd-1_family-0 SINE/tRNA          10     80    (1)  63  
  665    4.9  0.0  0.0  NC_000964.3   952040  952120 (3263486) + rnd-1_family-4 SINE/tRNA           1     81    (0)  64  
  348   16.9  0.0  0.0  NC_000964.3   952130  952206 (3263400) + rnd-1_family-0 SINE/tRNA           2     78    (3)  65  
  374   10.5  0.0  0.0  NC_000964.3   952218  952274 (3263332) + rnd-1_family-0 SINE/tRNA           9     65   (16)  66  
  257   18.6  3.4  0.0  NC_000964.3   952707  952765 (3262841) + rnd-1_family-4 SINE/tRNA           9     69   (12)  67  
   12    5.6  0.0  0.0  NC_000964.3  1019237 1019255 (3196351) + (TTC)n         Simple_repeat       1     19    (0)  68  
   12   17.6  0.0  9.5  NC_000964.3  1168786 1168831 (3046775) + (CGGTTTT)n     Simple_repeat       1     42    (0)  69  
   15   16.4  0.0  2.9  NC_000964.3  1251079 1251114 (2964492) + (TTGTCT)n      Simple_repeat       1     35    (0)  70  
   14   35.5  0.0  0.0  NC_000964.3  1253123 1253180 (2962426) + (CGG)n         Simple_repeat       1     58    (0)  71  
  278   24.3  1.4  0.0  NC_000964.3  1262787 1262860 (2952746) + rnd-1_family-4 SINE/tRNA           1     75    (6)  72  
   15   26.4  3.3  5.7  NC_000964.3  1264943 1265032 (2950574) + (AATATA)n      Simple_repeat       1     88    (0)  73  
   21   21.6  4.2  5.3  NC_000964.3  1276179 1276273 (2939333) + A-rich         Low_complexity      1     94    (0)  74  
   12   15.9  5.7  0.0  NC_000964.3  1281869 1281903 (2933703) + A-rich         Low_complexity      1     37    (0)  75  
   11   30.6  0.0  0.0  NC_000964.3  1336253 1336296 (2879310) + (GCCGGA)n      Simple_repeat       1     44    (0)  76  
   22   17.2  0.0  0.0  NC_000964.3  1417861 1417899 (2797707) + A-rich         Low_complexity      1     39    (0)  77  
   12   10.1  9.4  0.0  NC_000964.3  1421399 1421430 (2794176) + (GAAT)n        Simple_repeat       1     35    (0)  78  
   27    6.8  2.0  4.1  NC_000964.3  1434164 1434213 (2781393) + (CTTTTT)n      Simple_repeat       1     49    (0)  79  
   11   27.1  2.3  0.0  NC_000964.3  1489614 1489657 (2725949) + A-rich         Low_complexity      1     45    (0)  80  
   16   24.4  0.0  5.4  NC_000964.3  1494759 1494817 (2720789) + (TTTC)n        Simple_repeat       1     56    (0)  81  
   18   15.4  0.0  0.0  NC_000964.3  1509707 1509742 (2705864) + GA-rich        Low_complexity      1     36    (0)  82  
   13   18.3  2.6  2.6  NC_000964.3  1690583 1690621 (2524985) + GA-rich        Low_complexity      1     39    (0)  83  
   14   20.8  0.0  0.0  NC_000964.3  1692595 1692627 (2522979) + (ATT)n         Simple_repeat       1     33    (0)  84  
   29   24.0  0.0  1.4  NC_000964.3  1734306 1734380 (2481226) + (AAC)n         Simple_repeat       1     74    (0)  85  
   17   17.7  2.1  4.2  NC_000964.3  1762169 1762227 (2453379) + A-rich         Low_complexity      1     57    (0)  86  
  642   25.7  0.8  1.7  NC_000964.3  1797276 1797516 (2418090) C rnd-1_family-1 Unknown           (0)    304     66  87  
  754   25.3  1.3  1.3  NC_000964.3  1836854 1837085 (2378521) C rnd-1_family-1 Unknown           (0)    304     73  88  
   11   20.5  2.9  0.0  NC_000964.3  1923053 1923086 (2292520) + (ATATTT)n      Simple_repeat       1     35    (0)  89  
  948   21.4  1.1  1.5  NC_000964.3  1961342 1961607 (2253999) + rnd-1_family-1 Unknown            40    304    (0)  90  
  725   26.1  1.6  3.0  NC_000964.3  1965945 1966252 (2249354) + rnd-1_family-1 Unknown             1    304    (0)  91  
 2110    8.2  0.0  0.3  NC_000964.3  1969044 1969348 (2246258) + rnd-1_family-1 Unknown             1    304    (0)  92  
  934   26.8  0.7  2.0  NC_000964.3  1972146 1972453 (2243153) + rnd-1_family-1 Unknown             1    304    (0)  93  
 1047   24.3  0.0  1.0  NC_000964.3  1976741 1977031 (2238575) + rnd-1_family-1 Unknown            17    304    (0)  94  
 2069    8.9  0.0  0.3  NC_000964.3  1979826 1980130 (2235476) + rnd-1_family-1 Unknown             1    304    (0)  95  
  631   27.2  2.1  2.8  NC_000964.3  1984444 1984730 (2230876) + rnd-1_family-1 Unknown            20    304    (0)  96  
  692   27.2  0.4  0.4  NC_000964.3  1987623 1987847 (2227759) + rnd-1_family-2 Unknown             2    226    (0)  97  
  822   24.8  2.2  2.6  NC_000964.3  1992157 1992425 (2223181) + rnd-1_family-1 Unknown            37    304    (0)  98  
 2133    7.9  0.0  0.3  NC_000964.3  1995253 1995557 (2220049) + rnd-1_family-1 Unknown             1    304    (0)  99  
   12   10.6  2.7  8.6  NC_000964.3  2090822 2090858 (2124748) + (TTATT)n       Simple_repeat       1     35    (0) 100  
   15   17.1  0.0  0.0  NC_000964.3  2105339 2105371 (2110235) + A-rich         Low_complexity      1     33    (0) 101  
   15   21.0  1.6  6.8  NC_000964.3  2157208 2157213 (2058393) + (TTTTAT)n      Simple_repeat       1     20   (39) 102  
   16   12.3  6.2  4.1  NC_000964.3  2157214 2157261 (2058345) + (TATTA)n       Simple_repeat       1     49    (0) 103  
   15   21.0  1.6  6.8  NC_000964.3  2157262 2157269 (2058337) + (TTTTAT)n      Simple_repeat      21     59    (0) 102  
   14   16.3  4.7  2.3  NC_000964.3  2166997 2167039 (2048567) + (TTCATC)n      Simple_repeat       1     44    (0) 104  
   13   18.9  0.0  0.0  NC_000964.3  2185585 2185614 (2029992) + (TTTC)n        Simple_repeat       1     30    (0) 105  
   12   15.8  0.0  3.5  NC_000964.3  2195795 2195824 (2019782) + (TTATT)n       Simple_repeat       1     29    (0) 106  
   12   23.9  0.0  2.5  NC_000964.3  2203398 2203438 (2012168) + (TATTTCA)n     Simple_repeat       1     40    (0) 107  
   13   24.2  5.0  5.0  NC_000964.3  2217668 2217747 (1997859) + (TATTTGA)n     Simple_repeat       1     80    (0) 108  
   13   15.2  0.0  3.3  NC_000964.3  2217853 2217883 (1997723) + (TTAT)n        Simple_repeat       1     30    (0) 109  
   12   18.1  0.0  3.1  NC_000964.3  2245765 2245797 (1969809) + (AAGGTA)n      Simple_repeat       1     32    (0) 110  
   12   23.1  0.0  4.8  NC_000964.3  2248547 2248590 (1967016) + A-rich         Low_complexity      1     42    (0) 111  
   11   15.7  0.0 10.3  NC_000964.3  2265097 2265139 (1950467) + A-rich         Low_complexity      1     39    (0) 112  
   11   15.2  2.4  7.5  NC_000964.3  2265237 2265278 (1950328) + (ATTTTG)n      Simple_repeat       1     40    (0) 113  
   11   16.4  5.9  0.0  NC_000964.3  2314423 2314456 (1901150) + (TTCGGC)n      Simple_repeat       1     36    (0) 114  
   12   31.3  0.0  0.0  NC_000964.3  2417780 2417826 (1797780) + (CTTCAT)n      Simple_repeat       1     47    (0) 115  
   16   17.6  2.6  0.0  NC_000964.3  2482194 2482232 (1733374) + A-rich         Low_complexity      1     40    (0) 116  
   12   16.0  0.0  3.5  NC_000964.3  2533276 2533305 (1682301) + (TGTT)n        Simple_repeat       1     29    (0) 117  
   12   14.8  0.0  6.2  NC_000964.3  2534049 2534082 (1681524) + (TTGAT)n       Simple_repeat       1     32    (0) 118  
   13   18.2  0.0  0.0  NC_000964.3  2596210 2596240 (1619366) + A-rich         Low_complexity      1     31    (0) 119  
   15   20.1  0.0  0.0  NC_000964.3  2647778 2647811 (1567795) + (ACA)n         Simple_repeat       1     34    (0) 120  
   16   17.0  0.0  0.0  NC_000964.3  2672262 2672294 (1543312) + (TTC)n         Simple_repeat       1     33    (0) 121  
   12   26.8  1.8  3.6  NC_000964.3  2678068 2678124 (1537482) + (TACTTTT)n     Simple_repeat       1     56    (0) 122  
   17   26.9  3.8  2.5  NC_000964.3  2684293 2684371 (1531235) + (CTTCTT)n      Simple_repeat       1     80    (0) 123  
   14   13.7  3.1  0.0  NC_000964.3  2699405 2699436 (1516170) + (ATTTAT)n      Simple_repeat       1     33    (0) 124  
   15   19.2  5.3  3.5  NC_000964.3  2699590 2699646 (1515960) + (TTTTC)n       Simple_repeat       1     58    (0) 125  
   13   11.9  7.8  5.8  NC_000964.3  2736650 2736700 (1478906) + (ATATCA)n      Simple_repeat       1     52    (0) 126  
   16   21.3  0.0  0.0  NC_000964.3  2761086 2761123 (1454483) + (CAT)n         Simple_repeat       1     38    (0) 127  
   12   18.6  3.6  7.4  NC_000964.3  2773350 2773405 (1442201) + (ATGAA)n       Simple_repeat       1     54    (0) 128  
   13   18.8  0.0  0.0  NC_000964.3  2789270 2789300 (1426306) + (CTGAAT)n      Simple_repeat       1     31    (0) 129  
   12   19.7  0.0  0.0  NC_000964.3  2813586 2813614 (1401992) + A-rich         Low_complexity      1     29    (0) 130  
  331   13.6  0.0  1.5  NC_000964.3  2899820 2899886 (1315720) C rnd-1_family-0 SINE/tRNA        (10)     71      6 131  
   13   18.2  0.0  0.0  NC_000964.3  2937661 2937691 (1277915) + (ATCGCA)n      Simple_repeat       1     31    (0) 132  
   14   15.4  7.4  3.6  NC_000964.3  2954092 2954145 (1261461) + (CAGCAGAG)n    Simple_repeat       1     56    (0) 133  
   19   15.3  0.0  0.0  NC_000964.3  3018329 3018365 (1197241) + (TTTGGT)n      Simple_repeat       1     37    (0) 134  
   14   14.1  0.0  3.1  NC_000964.3  3054639 3054671 (1160935) + (CATTAT)n      Simple_repeat       1     32    (0) 135  
   13   33.1  0.0  5.1  NC_000964.3  3129436 3129517 (1086089) + (ACAATAA)n     Simple_repeat       1     78    (0) 136  
   14   28.0  0.0  0.0  NC_000964.3  3159338 3159380 (1056226) + (CTT)n         Simple_repeat       1     43    (0) 137  
  314    8.1  3.2  1.6  NC_000964.3  3172078 3172140 (1043466) C rnd-1_family-0 SINE/tRNA        (11)     70      7 138  
  408   18.8  0.0  0.0  NC_000964.3  3172154 3172233 (1043373) C rnd-1_family-4 SINE/tRNA         (1)     80      1 139  
  389   16.2  0.0  0.0  NC_000964.3  3172421 3172500 (1043106) C rnd-1_family-0 SINE/tRNA         (0)     81      2 140  
  674    4.9  0.0  0.0  NC_000964.3  3172510 3172590 (1043016) C rnd-1_family-4 SINE/tRNA         (0)     81      1 141  
  343   16.7  0.0  1.3  NC_000964.3  3172791 3172869 (1042737) C rnd-1_family-0 SINE/tRNA         (1)     80      3 142  
  259   20.6  4.4  0.0  NC_000964.3  3172875 3172942 (1042664) C rnd-1_family-4 SINE/tRNA         (2)     79      9 143  
  309   10.7  3.6  0.0  NC_000964.3  3172978 3173033 (1042573) C rnd-1_family-4 SINE/tRNA        (14)     67     10 144  
  293   19.2  0.0  1.4  NC_000964.3  3173044 3173117 (1042489) C rnd-1_family-0 SINE/tRNA         (1)     80      8 145  
  299   22.7  0.0  1.3  NC_000964.3  3173137 3173212 (1042394) C rnd-1_family-0 SINE/tRNA         (2)     79      5 146  
  263   18.6  3.4  0.0  NC_000964.3  3173334 3173392 (1042214) C rnd-1_family-4 SINE/tRNA        (12)     69      9 147  
  618    6.2  0.0  0.0  NC_000964.3  3173498 3173578 (1042028) C rnd-1_family-0 SINE/tRNA         (0)     81      1 148  
  392    9.9  2.7  2.7  NC_000964.3  3173611 3173683 (1041923) C rnd-1_family-0 SINE/tRNA         (0)     81      9 149  
  418   12.5  0.0  0.0  NC_000964.3  3173719 3173790 (1041816) C rnd-1_family-0 SINE/tRNA         (0)     81     10 150  
37264    0.1  0.0  0.0  NC_000964.3  3173818 3178639 (1036967) C rnd-1_family-3 rRNA              (0)   4916     95 151  
  805    2.1  0.0  0.0  NC_000964.3  3178705 3178797 (1036809) C rnd-1_family-3 rRNA           (4823)     93      1 151  
   12    5.5  0.0  0.0  NC_000964.3  3196478 3196496 (1019110) + (TTC)n         Simple_repeat       1     19    (0) 152  
   14   18.2  6.8  0.0  NC_000964.3  3249048 3249091  (966515) + (TATCATT)n     Simple_repeat       1     47    (0) 153  
  827   23.7  1.4  3.1  NC_000964.3  3281754 3282045  (933561) + rnd-1_family-1 Unknown            18    304    (0) 154  
  891   22.1  2.0  3.8  NC_000964.3  3284976 3285267  (930339) + rnd-1_family-1 Unknown            18    304    (0) 155  
   13   20.0  6.5  0.0  NC_000964.3  3292372 3292417  (923189) + (AATCAT)n      Simple_repeat       1     49    (0) 156  
   12   25.8  1.9  3.8  NC_000964.3  3346219 3346272  (869334) + A-rich         Low_complexity      1     53    (0) 157  
   16   14.4  0.0  0.0  NC_000964.3  3417891 3417921  (797685) + (AAACGC)n      Simple_repeat       1     31    (0) 158  
   12   17.9  0.0  5.9  NC_000964.3  3429069 3429104  (786502) + (CTT)n         Simple_repeat       1     34    (0) 159  
   12   21.3  2.5  2.5  NC_000964.3  3463265 3463304  (752302) + (AATTT)n       Simple_repeat       1     40    (0) 160  
   11   20.8  0.0  2.9  NC_000964.3  3626597 3626631  (588975) + (TACCAA)n      Simple_repeat       1     34    (0) 161  
   11   21.1  2.5  2.5  NC_000964.3  3634669 3634708  (580898) + (TCATTA)n      Simple_repeat       1     40    (0) 162  
   15   18.3  0.0  2.6  NC_000964.3  3671673 3671711  (543895) + (AATAATC)n     Simple_repeat       1     38    (0) 163  
   13   18.5  5.5  5.5  NC_000964.3  3674360 3674414  (541192) + (TCT)n         Simple_repeat       1     55    (0) 164  
   12   23.8  3.9  1.9  NC_000964.3  3681235 3681285  (534321) + (TTAATG)n      Simple_repeat       1     52    (0) 165  
   12   23.3  0.0  0.0  NC_000964.3  3761195 3761229  (454377) + A-rich         Low_complexity      1     35    (0) 166  
   17   23.3  0.0  0.0  NC_000964.3  3770145 3770189  (445417) + (CCTTTTG)n     Simple_repeat       1     45    (0) 167  
   13    8.3  3.6  3.6  NC_000964.3  3794731 3794758  (420848) + (TCT)n         Simple_repeat       1     28    (0) 168  
   15   13.7  0.0  0.0  NC_000964.3  3924011 3924034  (291572) + (T)n           Simple_repeat       1     24    (0) 169  
   11   17.6  0.0  5.9  NC_000964.3  3973296 3973331  (242275) + (TTTCTT)n      Simple_repeat       1     34    (0) 170  
   14   21.4  1.9  5.8  NC_000964.3  4037097 4037150  (178456) + (ATTT)n        Simple_repeat       1     52    (0) 171  
   11   24.1  0.0  0.0  NC_000964.3  4066821 4066854  (148752) + A-rich         Low_complexity      1     34    (0) 172  
   12   17.3  2.2  7.0  NC_000964.3  4070298 4070342  (145264) + A-rich         Low_complexity      1     43    (0) 173  
   13   26.4  0.0  0.0  NC_000964.3  4124280 4124320   (91286) + (AATAATA)n     Simple_repeat       1     41    (0) 174  
  316   17.6  0.0  0.0  NC_000964.3  4154786 4154859   (60747) C rnd-1_family-0 SINE/tRNA         (5)     76      3 175  
  641    5.1  0.0  0.0  NC_000964.3  4154893 4154971   (60635) C rnd-1_family-4 SINE/tRNA         (0)     81      3 176  
  617    6.2  0.0  0.0  NC_000964.3  4155131 4155211   (60395) C rnd-1_family-0 SINE/tRNA         (0)     81      1 177  
