

Building a new DB, current time: 02/25/2024 23:52:58
New DB name:   /Users/macvbookpro/PycharmProjects/repeatmodeler/RM_7080.SunFeb252349412024/round-2/sampleDB-2.fa.masked
New DB title:  /Users/macvbookpro/PycharmProjects/repeatmodeler/RM_7080.SunFeb252349412024/round-2/sampleDB-2.fa.masked
Sequence type: Nucleotide
Keep MBits: T
Maximum file size: 3000000000B
Adding sequences from FASTA; added 76 sequences in 0.0773299 seconds.




Building a new DB, current time: 02/25/2024 23:58:54
New DB name:   /Users/macvbookpro/PycharmProjects/repeatmodeler/RM_7080.SunFeb252349412024/round-2/family-50.fa
New DB title:  /Users/macvbookpro/PycharmProjects/repeatmodeler/RM_7080.SunFeb252349412024/round-2/family-50.fa
Sequence type: Nucleotide
Keep MBits: T
Maximum file size: 3000000000B
Adding sequences from FASTA; added 16 sequences in 0.00413013 seconds.




Building a new DB, current time: 02/25/2024 23:59:04
New DB name:   /Users/macvbookpro/PycharmProjects/repeatmodeler/RM_7080.SunFeb252349412024/round-2/family-50-cons-2.fa
New DB title:  /Users/macvbookpro/PycharmProjects/repeatmodeler/RM_7080.SunFeb252349412024/round-2/family-50-cons-2.fa
Sequence type: Nucleotide
Keep MBits: T
Maximum file size: 3000000000B
Adding sequences from FASTA; added 1 sequences in 0.00582004 seconds.




Building a new DB, current time: 02/25/2024 23:59:14
New DB name:   /Users/macvbookpro/PycharmProjects/repeatmodeler/RM_7080.SunFeb252349412024/round-2/family-50-cons-3.fa
New DB title:  /Users/macvbookpro/PycharmProjects/repeatmodeler/RM_7080.SunFeb252349412024/round-2/family-50-cons-3.fa
Sequence type: Nucleotide
Keep MBits: T
Maximum file size: 3000000000B
Adding sequences from FASTA; added 1 sequences in 0.00182986 seconds.




Building a new DB, current time: 02/25/2024 23:59:25
New DB name:   /Users/macvbookpro/PycharmProjects/repeatmodeler/RM_7080.SunFeb252349412024/round-2/family-50-cons-4.fa
New DB title:  /Users/macvbookpro/PycharmProjects/repeatmodeler/RM_7080.SunFeb252349412024/round-2/family-50-cons-4.fa
Sequence type: Nucleotide
Keep MBits: T
Maximum file size: 3000000000B
Adding sequences from FASTA; added 1 sequences in 0.000667095 seconds.




Building a new DB, current time: 02/25/2024 23:59:36
New DB name:   /Users/macvbookpro/PycharmProjects/repeatmodeler/RM_7080.SunFeb252349412024/round-2/family-50-cons-5.fa
New DB title:  /Users/macvbookpro/PycharmProjects/repeatmodeler/RM_7080.SunFeb252349412024/round-2/family-50-cons-5.fa
Sequence type: Nucleotide
Keep MBits: T
Maximum file size: 3000000000B
Adding sequences from FASTA; added 1 sequences in 0.000591993 seconds.




Building a new DB, current time: 02/25/2024 23:59:46
New DB name:   /Users/macvbookpro/PycharmProjects/repeatmodeler/RM_7080.SunFeb252349412024/round-2/family-50-cons-6.fa
New DB title:  /Users/macvbookpro/PycharmProjects/repeatmodeler/RM_7080.SunFeb252349412024/round-2/family-50-cons-6.fa
Sequence type: Nucleotide
Keep MBits: T
Maximum file size: 3000000000B
Adding sequences from FASTA; added 1 sequences in 0.00114202 seconds.




Building a new DB, current time: 02/25/2024 23:59:57
New DB name:   /Users/macvbookpro/PycharmProjects/repeatmodeler/RM_7080.SunFeb252349412024/round-2/family-50-cons-7.fa
New DB title:  /Users/macvbookpro/PycharmProjects/repeatmodeler/RM_7080.SunFeb252349412024/round-2/family-50-cons-7.fa
Sequence type: Nucleotide
Keep MBits: T
Maximum file size: 3000000000B
Adding sequences from FASTA; added 1 sequences in 0.00390911 seconds.




Building a new DB, current time: 02/26/2024 00:00:09
New DB name:   /Users/macvbookpro/PycharmProjects/repeatmodeler/RM_7080.SunFeb252349412024/round-2/family-50-cons-8.fa
New DB title:  /Users/macvbookpro/PycharmProjects/repeatmodeler/RM_7080.SunFeb252349412024/round-2/family-50-cons-8.fa
Sequence type: Nucleotide
Keep MBits: T
Maximum file size: 3000000000B
Adding sequences from FASTA; added 1 sequences in 0.00340199 seconds.




Building a new DB, current time: 02/26/2024 00:00:23
New DB name:   /Users/macvbookpro/PycharmProjects/repeatmodeler/RM_7080.SunFeb252349412024/round-2/family-50-cons-9.fa
New DB title:  /Users/macvbookpro/PycharmProjects/repeatmodeler/RM_7080.SunFeb252349412024/round-2/family-50-cons-9.fa
Sequence type: Nucleotide
Keep MBits: T
Maximum file size: 3000000000B
Adding sequences from FASTA; added 1 sequences in 0.0172679 seconds.




Building a new DB, current time: 02/26/2024 00:00:36
New DB name:   /Users/macvbookpro/PycharmProjects/repeatmodeler/RM_7080.SunFeb252349412024/round-2/family-50-cons-10.fa
New DB title:  /Users/macvbookpro/PycharmProjects/repeatmodeler/RM_7080.SunFeb252349412024/round-2/family-50-cons-10.fa
Sequence type: Nucleotide
Keep MBits: T
Maximum file size: 3000000000B
Adding sequences from FASTA; added 1 sequences in 0.0173368 seconds.




Building a new DB, current time: 02/26/2024 00:00:49
New DB name:   /Users/macvbookpro/PycharmProjects/repeatmodeler/RM_7080.SunFeb252349412024/round-2/family-50-cons-11.fa
New DB title:  /Users/macvbookpro/PycharmProjects/repeatmodeler/RM_7080.SunFeb252349412024/round-2/family-50-cons-11.fa
Sequence type: Nucleotide
Keep MBits: T
Maximum file size: 3000000000B
Adding sequences from FASTA; added 1 sequences in 0.016274 seconds.


