001489 75.1 000622 001982 gi|5 036787 038086 gi|8 
000296 78.0 002082 002299 gi|5 033624 033835 gi|37 
000262 72.3 002146 002300 gi|5 010565 010709 gi|21 
000260 71.4 002704 002794 gi|5 028676 028766 gi|37 
000275 73.8 002839 002710 gi|5 001737 001866 gi|41 
000299 77.3 003680 003855 gi|5 015006 015181 gi|66 
000305 78.7 004415 004186 gi|5 037731 038000 gi|65 
000352 90.3 004379 004287 gi|5 030548 030660 gi|54 
000378 88.2 004303 004378 gi|5 036603 036675 gi|65 
000428 89.3 004379 004305 gi|5 036629 036700 gi|65 
000400 91.0 004311 004377 gi|5 035197 035265 gi|38 
000428 94.2 004381 004313 gi|5 003716 003775 gi|72 
000462 93.7 004317 004379 gi|5 021425 021486 gi|19 
000400 91.7 004318 004377 gi|5 030537 030593 gi|54 
000421 88.9 004320 004400 gi|5 012277 012355 gi|35 
000311 81.9 004536 004322 gi|5 020789 021013 gi|70 
000385 87.7 004378 004322 gi|5 022097 022153 gi|21 
000420 92.6 004381 004328 gi|5 014390 014443 gi|44 
000412 87.6 004417 004329 gi|5 021389 021489 gi|19 
000410 95.8 004377 004330 gi|5 025468 025515 gi|49 
000437 98.0 004331 004379 gi|5 037777 037825 gi|65 
000437 98.0 004331 004379 gi|5 014391 014439 gi|44 
000442 91.4 004388 004331 gi|5 012278 012335 gi|35 
000437 98.0 004379 004331 gi|5 024257 024305 gi|54 
000397 94.0 004331 004380 gi|5 003717 003766 gi|72 
000488 96.4 004332 004387 gi|5 020958 021013 gi|70 
000392 92.2 004332 004382 gi|5 024257 024307 gi|54 
000442 100.0 004333 004379 gi|5 022097 022143 gi|21 
000374 88.1 004334 004392 gi|5 025468 025527 gi|49 
000409 97.8 004379 004334 gi|5 035220 035265 gi|38 
000759 75.9 004389 005280 gi|5 020975 021873 gi|44 
008131 89.3 015359 014075 gi|5 005958 007249 gi|53 
002916 78.7 014106 014828 gi|5 039269 039992 gi|69 
000358 75.9 015247 014829 gi|5 027165 027583 gi|10 
002862 82.7 014837 015356 gi|5 000001 000520 gi|70 
000263 90.8 014858 014944 gi|5 008674 008750 gi|7 
000273 72.2 024073 023664 gi|5 003831 004241 gi|37 
000371 71.2 026048 025823 gi|5 000001 000229 gi|8 
000257 83.6 027295 027229 gi|5 018889 018952 gi|71 
002275 76.5 030461 031357 gi|5 004282 005185 gi|25 
001028 74.6 032386 033416 gi|5 004025 005064 gi|65 
000960 77.9 037070 035577 gi|5 005565 007091 gi|55 
000825 76.1 038714 037398 gi|5 009781 011069 gi|55 
000263 79.7 000268 000141 gi|4 009984 010111 gi|51 
000917 71.8 022267 021938 gi|4 021297 021626 gi|72 
000259 80.8 024677 024780 gi|4 032158 032248 gi|24 
001178 76.5 028087 029201 gi|4 023548 024657 gi|45 
001144 77.0 031578 029387 gi|4 029566 031753 gi|48 
000277 76.2 030775 031279 gi|4 023762 024269 gi|38 
000294 77.2 031252 030928 gi|4 013094 013424 gi|72 
000268 72.6 030940 031253 gi|4 009572 009900 gi|54 
000252 75.0 031088 031435 gi|4 013391 013756 gi|69 
000255 71.1 031246 031126 gi|4 001628 001751 gi|27 
000638 77.6 031643 033797 gi|4 023476 025618 gi|38 
000258 80.7 031729 031668 gi|4 030606 030669 gi|48 
000252 74.6 034529 033947 gi|4 014226 014823 gi|64 
000391 74.2 035034 033987 gi|4 031011 032090 gi|76 
000418 77.0 033989 034327 gi|4 017114 017452 gi|40 
000502 78.4 034373 034004 gi|4 023965 024343 gi|67 
000435 76.4 001221 000781 gi|2 013308 013747 gi|3 
000250 76.0 000781 001109 gi|2 031745 032073 gi|76 
000378 76.8 001208 000782 gi|2 017030 017456 gi|40 
000254 68.4 001087 000784 gi|2 034460 034784 gi|26 
000329 76.5 001262 002006 gi|2 020910 021642 gi|33 
000253 79.8 001365 001845 gi|2 014106 014557 gi|72 
000280 73.3 002030 001799 gi|2 008405 008630 gi|33 
001038 71.1 012149 010957 gi|2 005900 007113 gi|43 
000260 80.1 012409 012589 gi|2 017876 018060 gi|58 
000329 78.4 012498 013029 gi|2 012827 013382 gi|12 
000450 72.0 013420 013854 gi|2 011603 012040 gi|43 
000255 82.0 017794 017882 gi|2 000492 000576 gi|53 
000664 73.6 019100 018269 gi|2 027120 027979 gi|18 
000575 75.3 019335 018313 gi|2 037306 038334 gi|50 
001990 73.4 024911 023774 gi|2 008176 009380 gi|52 
000335 74.3 024914 025256 gi|2 016672 017008 gi|59 
000428 75.6 025377 025733 gi|2 016720 017074 gi|59 
000269 77.9 031194 030797 gi|2 000186 000604 gi|9 
000254 76.9 030901 031155 gi|2 035419 035670 gi|41 
000287 79.0 039246 039454 gi|2 000826 001021 gi|32 
000510 71.1 009774 008621 gi|3 016929 018075 gi|13 
001169 74.0 009956 011027 gi|3 036685 037752 gi|65 
000374 76.5 014472 011794 gi|3 023336 025996 gi|67 
000256 79.6 012094 011958 gi|3 000737 000876 gi|40 
000373 76.0 014493 013282 gi|3 031043 032213 gi|76 
000538 78.8 013286 013715 gi|3 033873 034299 gi|4 
000574 76.3 013290 014369 gi|3 016999 018078 gi|40 
000464 79.3 013752 013290 gi|3 014418 014893 gi|64 
000457 80.2 014711 014801 gi|3 006981 007069 gi|4 
002228 74.5 014933 016358 gi|3 007126 008524 gi|4 
000309 75.0 022981 023824 gi|3 016982 017831 gi|50 
001539 76.9 028695 027528 gi|3 010158 011397 gi|61 
000391 81.9 030513 030722 gi|3 016514 016737 gi|15 
000252 78.7 031897 031734 gi|3 012334 012513 gi|17 
000355 81.0 034085 033949 gi|3 034185 034334 gi|29 
000296 75.5 034347 034456 gi|3 004878 004983 gi|22 
000269 86.4 034741 034610 gi|3 033569 033700 gi|29 
000269 83.3 035233 035352 gi|3 027522 027635 gi|67 
000313 74.1 000219 000108 gi|6 032252 032358 gi|39 
000422 80.5 000215 000139 gi|6 010716 010792 gi|13 
000255 76.0 004339 004746 gi|6 000233 000667 gi|9 
000318 77.5 016262 016032 gi|6 010140 010415 gi|24 
000373 87.1 018415 018346 gi|6 015389 015465 gi|73 
000327 89.4 018369 018415 gi|6 027441 027487 gi|37 
000310 83.9 018486 018369 gi|6 027354 027486 gi|37 
000313 80.5 018369 018486 gi|6 015390 015504 gi|73 
000350 75.0 018430 018813 gi|6 007477 007871 gi|19 
000494 75.2 019053 018445 gi|6 007224 007874 gi|45 
000250 78.0 018476 018739 gi|6 029792 030058 gi|53 
000384 78.7 018498 019089 gi|6 029339 029927 gi|52 
000303 76.4 018736 018500 gi|6 020948 021187 gi|39 
000477 75.6 019055 018502 gi|6 019878 020428 gi|26 
000544 75.1 018564 019106 gi|6 031635 032202 gi|13 
000431 77.6 019050 018564 gi|6 019887 020361 gi|44 
000339 75.0 018564 019070 gi|6 029740 030246 gi|41 
000295 78.0 018632 019071 gi|6 033301 033774 gi|46 
000392 76.6 019090 018638 gi|6 009882 010319 gi|58 
000295 75.9 018644 018780 gi|6 007710 007847 gi|66 
000250 87.8 018738 018657 gi|6 034059 034140 gi|51 
000473 79.7 021730 021980 gi|6 012976 013206 gi|27 
000607 78.7 022042 021780 gi|6 034055 034306 gi|31 
000256 76.9 022655 022745 gi|6 020491 020580 gi|71 
000278 79.6 023142 022770 gi|6 034117 034492 gi|31 
000391 79.9 022816 023153 gi|6 012884 013215 gi|27 
000263 79.4 023959 024118 gi|6 013751 013903 gi|63 
000276 81.6 024030 024116 gi|6 008301 008382 gi|7 
000302 79.5 024048 024120 gi|6 019048 019121 gi|33 
000332 86.3 024067 024117 gi|6 036672 036722 gi|20 
000345 94.1 024068 024118 gi|6 017478 017529 gi|70 
000330 90.1 024138 024068 gi|6 017462 017529 gi|70 
000304 87.0 024068 024136 gi|6 020533 020608 gi|76 
000256 82.8 024068 024125 gi|6 031711 031766 gi|11 
000286 85.5 024069 024123 gi|6 004445 004497 gi|61 
001269 81.6 028025 027678 gi|6 037559 037927 gi|39 
000726 77.7 027823 028015 gi|6 030266 030461 gi|20 
000726 73.4 029147 028408 gi|6 028428 029177 gi|12 
000261 78.5 029393 029217 gi|6 008067 008229 gi|66 
000522 74.6 029230 029966 gi|6 000568 001304 gi|37 
000321 80.7 029303 029364 gi|6 034397 034458 gi|7 
000281 69.5 029939 029638 gi|6 012780 013081 gi|18 
000259 75.7 029844 029954 gi|6 026099 026215 gi|67 
000252 69.0 032168 032053 gi|6 010927 011042 gi|57 
000288 79.1 032630 032353 gi|6 023811 024100 gi|28 
000279 73.0 032527 032417 gi|6 029954 030063 gi|53 
000270 74.3 033450 033241 gi|6 005429 005647 gi|41 
000306 75.0 033256 033435 gi|6 007553 007738 gi|45 
000298 75.7 033256 033436 gi|6 011715 011907 gi|74 
000280 79.7 033635 033257 gi|6 019895 020280 gi|33 
000312 77.7 033469 033268 gi|6 023830 024038 gi|28 
000280 75.8 033269 033396 gi|6 015346 015476 gi|11 
000281 75.7 033646 033322 gi|6 006191 006514 gi|41 
010020 90.5 034503 035890 gi|6 009269 010663 gi|75 
010465 91.7 034504 035894 gi|6 028340 029730 gi|71 
000367 71.7 037917 038298 gi|6 018735 019114 gi|38 
001422 75.1 038423 039959 gi|6 011808 013353 gi|48 
000251 76.5 038793 038432 gi|6 025356 025724 gi|72 
000251 78.7 039056 038469 gi|6 018667 019249 gi|76 
000320 75.0 038481 038656 gi|6 018451 018626 gi|21 
000252 79.4 003634 003392 gi|1 034323 034578 gi|18 
000305 82.6 009175 009295 gi|1 018767 018908 gi|72 
000251 83.7 015561 015732 gi|1 000549 000706 gi|29 
000250 72.5 019365 020038 gi|1 008186 008859 gi|58 
001661 74.4 020451 021873 gi|1 009330 010778 gi|58 
000266 80.0 020905 021473 gi|1 007105 007712 gi|45 
000321 75.8 021730 020909 gi|1 029512 030345 gi|41 
001298 78.2 021846 020977 gi|1 024195 025049 gi|32 
000267 73.7 021505 020977 gi|1 003723 004245 gi|14 
000660 75.3 020984 021663 gi|1 019847 020515 gi|44 
000355 73.4 021426 021010 gi|1 031709 032140 gi|13 
000261 77.6 021440 021316 gi|1 028849 028973 gi|53 
000280 75.8 034824 033924 gi|1 019871 020732 gi|44 
001671 75.9 034186 034898 gi|1 029602 030319 gi|41 
000319 72.9 034259 034505 gi|1 029807 030060 gi|53 
000314 73.9 034272 034505 gi|1 028885 029124 gi|56 
000287 75.0 034313 034508 gi|1 003713 003911 gi|14 
000328 72.5 034322 034884 gi|1 018561 019126 gi|6 
000327 73.3 034387 034506 gi|1 033284 033412 gi|46 
000306 75.6 034811 034402 gi|1 020619 021049 gi|39 
000339 75.2 034404 034811 gi|1 031717 032124 gi|13 
000345 77.7 034857 034674 gi|1 002941 003116 gi|23 
000381 76.6 038231 038866 gi|1 016665 017306 gi|28 
000547 76.8 038764 038347 gi|1 000206 000656 gi|9 
000262 82.2 039863 039963 gi|1 027366 027458 gi|42 
000341 76.1 005667 005200 gi|9 008510 008993 gi|76 
000365 87.2 007668 007583 gi|9 011285 011365 gi|16 
000257 83.3 008243 008290 gi|7 019328 019376 gi|15 
000328 89.2 008323 008396 gi|7 017469 017541 gi|70 
000311 85.8 008437 008325 gi|7 020469 020590 gi|76 
000265 81.1 008382 008330 gi|7 004445 004497 gi|61 
000267 83.3 008392 008333 gi|7 017471 017529 gi|70 
000334 73.5 010892 010474 gi|7 030212 030627 gi|10 
000289 70.0 010674 010886 gi|7 038735 038947 gi|31 
000258 76.6 011767 011567 gi|7 004655 004855 gi|62 
000436 73.2 017078 016148 gi|7 032786 033720 gi|32 
000262 73.4 016310 016583 gi|7 022012 022289 gi|19 
000322 80.2 016450 016575 gi|7 006780 006908 gi|21 
000335 73.5 016834 016665 gi|7 000152 000321 gi|11 
000564 74.9 016674 017075 gi|7 024781 025183 gi|66 
000452 74.2 017939 018167 gi|7 029416 029644 gi|14 
000286 77.6 018519 018643 gi|7 001825 001946 gi|43 
000810 77.1 021823 021362 gi|7 030243 030705 gi|63 
000312 74.9 021871 021449 gi|7 033741 034166 gi|41 
001744 78.5 023053 023475 gi|7 017787 018211 gi|18 
000254 86.6 023834 023930 gi|7 033338 033434 gi|42 
000285 81.4 026040 026125 gi|7 003642 003745 gi|40 
000260 74.8 028839 028693 gi|7 017553 017692 gi|42 
000251 86.9 030778 030876 gi|7 020432 020524 gi|22 
000252 85.7 032240 032386 gi|7 008399 008526 gi|73 
000280 80.4 034986 034742 gi|7 007558 007802 gi|19 
000280 80.0 035930 036009 gi|7 030173 030252 gi|63 
000251 84.2 036697 036508 gi|7 003180 003353 gi|75 
000255 81.7 036636 036695 gi|7 028027 028086 gi|15 
000253 75.9 038094 037547 gi|7 000198 000801 gi|9 
000305 77.2 037937 037648 gi|7 009989 010254 gi|10 
000390 77.2 038788 039257 gi|7 038952 039430 gi|19 
000257 78.4 038943 039447 gi|7 039490 039983 gi|54 
000347 71.6 000303 000001 gi|11 024790 025092 gi|66 
000252 79.8 002311 002419 gi|11 013812 013927 gi|19 
000250 83.5 011053 010933 gi|11 020764 020884 gi|20 
000496 73.9 014934 015649 gi|11 008107 008788 gi|27 
000397 79.1 015055 015441 gi|11 019884 020279 gi|44 
000307 79.5 015597 015111 gi|11 031591 032050 gi|13 
000253 73.1 015452 015282 gi|11 029811 029992 gi|41 
000258 77.2 015328 015441 gi|11 035772 035887 gi|51 
000315 81.1 015335 015424 gi|11 011714 011806 gi|74 
000250 81.3 015449 015343 gi|11 029021 029124 gi|56 
000271 78.2 015430 015353 gi|11 031593 031672 gi|70 
000282 76.5 016137 016272 gi|11 014448 014573 gi|37 
000254 75.5 021205 021412 gi|11 027184 027386 gi|17 
000251 79.9 021242 021385 gi|11 019572 019718 gi|41 
000966 70.9 026239 027439 gi|11 031094 032267 gi|62 
000646 75.4 028348 028826 gi|11 039491 039966 gi|35 
000336 81.0 031698 031760 gi|11 019056 019118 gi|33 
000392 82.7 031700 031809 gi|11 020522 020636 gi|76 
000317 80.0 031700 031784 gi|11 017468 017556 gi|70 
000342 82.9 031778 031703 gi|11 017459 017537 gi|70 
000384 90.2 031761 031711 gi|11 013853 013903 gi|63 
000270 79.6 031759 031711 gi|11 020534 020582 gi|76 
000324 90.3 031712 031783 gi|11 013855 013925 gi|63 
000347 82.6 031832 031712 gi|11 018988 019117 gi|33 
000272 77.0 031712 032002 gi|11 037727 037984 gi|37 
000318 85.1 031759 031713 gi|11 037727 037773 gi|37 
000518 74.1 032302 031866 gi|11 037603 038056 gi|63 
000903 76.8 033214 032350 gi|11 034757 035609 gi|63 
000669 73.2 035304 034217 gi|11 033491 034585 gi|63 
003840 78.0 035516 036625 gi|11 032308 033429 gi|63 
000500 73.5 038184 038757 gi|11 007132 007705 gi|52 
001401 75.7 001550 000002 gi|10 028713 030170 gi|33 
001500 77.0 000003 001330 gi|10 024263 025562 gi|75 
001647 75.5 000019 001367 gi|10 017879 019192 gi|75 
001226 74.5 000024 001348 gi|10 036856 038129 gi|75 
001171 74.8 001330 000025 gi|10 001265 002532 gi|15 
001498 75.6 001330 000053 gi|10 026900 028163 gi|15 
001351 75.6 001467 000070 gi|10 031925 033267 gi|33 
000380 72.0 000523 000081 gi|10 000484 000926 gi|54 
000739 74.5 001357 000083 gi|10 019007 020254 gi|15 
001863 76.8 002227 000118 gi|10 024877 026950 gi|33 
000284 79.3 000175 000118 gi|10 036424 036481 gi|33 
001447 74.3 000118 001949 gi|10 003162 004936 gi|75 
001265 76.4 001454 000123 gi|10 036402 037704 gi|15 
000294 76.2 000128 000190 gi|10 032304 032366 gi|75 
000257 83.0 000175 000129 gi|10 009914 009960 gi|15 
000409 73.5 001463 000419 gi|10 022091 023069 gi|15 
000315 76.1 001414 000420 gi|10 008678 009630 gi|15 
000936 78.2 001363 000454 gi|10 015117 015984 gi|15 
000354 75.7 001348 000460 gi|10 011951 012777 gi|15 
000655 79.2 001469 000533 gi|10 035109 036006 gi|33 
000339 78.1 001240 000534 gi|10 005684 006354 gi|15 
000267 74.5 000540 000821 gi|10 021607 021894 gi|75 
000267 74.5 000540 000821 gi|10 029470 029757 gi|75 
000257 76.5 001288 000642 gi|10 030155 030747 gi|15 
000343 73.5 001355 001114 gi|10 039688 039923 gi|15 
000379 74.5 001115 001436 gi|10 030003 030309 gi|75 
000289 73.8 001115 001347 gi|10 022140 022375 gi|75 
002684 75.5 003388 002530 gi|10 022817 023678 gi|33 
000295 76.3 003316 002607 gi|10 025727 026427 gi|50 
000293 75.1 008012 007279 gi|10 000399 001152 gi|41 
000427 77.4 007305 007525 gi|10 008430 008647 gi|33 
000260 75.0 008099 007305 gi|10 013913 014711 gi|72 
000289 75.2 007758 008035 gi|10 026234 026538 gi|38 
000262 74.8 007762 008130 gi|10 035425 035798 gi|41 
000335 78.5 008027 007823 gi|10 036781 036973 gi|29 
000653 77.1 008051 009121 gi|10 025424 026485 gi|54 
000537 75.3 008097 009525 gi|10 025509 026912 gi|49 
000735 75.6 008117 009112 gi|10 023192 024178 gi|39 
000516 77.6 008155 009321 gi|10 038829 039978 gi|54 
000251 75.8 008157 008342 gi|10 039731 039916 gi|72 
000447 76.9 008742 009113 gi|10 011952 012314 gi|59 
000287 76.1 009413 009500 gi|10 024452 024536 gi|39 
000421 75.4 009802 010106 gi|10 007706 008014 gi|72 
000591 75.2 010624 009804 gi|10 002867 003666 gi|57 
000272 81.9 010642 010527 gi|10 002179 002305 gi|71 
000255 73.8 012423 011533 gi|10 021242 022114 gi|11 
000274 81.3 012490 012341 gi|10 004984 005134 gi|29 
000320 81.4 012575 012794 gi|10 036774 036983 gi|29 
000284 76.6 012575 012775 gi|10 030387 030590 gi|28 
000492 74.8 016659 018426 gi|10 028668 030422 gi|66 
000300 76.1 016922 017059 gi|10 010346 010483 gi|17 
000281 81.6 017171 017047 gi|10 022349 022469 gi|44 
000255 84.1 017397 017335 gi|10 024754 024820 gi|41 
000252 77.9 019247 018995 gi|10 036280 036505 gi|70 
000294 74.8 019630 019472 gi|10 019572 019731 gi|41 
000328 77.4 019673 019484 gi|10 021199 021385 gi|11 
000265 71.7 019643 019499 gi|10 027199 027337 gi|17 
000250 79.5 019714 019642 gi|10 039098 039168 gi|74 
001515 74.3 022186 019847 gi|10 005702 008052 gi|70 
008337 74.8 024547 019856 gi|10 022718 027467 gi|48 
000321 74.8 025323 022582 gi|10 002358 005138 gi|70 
000403 78.7 022990 022709 gi|10 003657 003926 gi|70 
002738 73.4 026870 024773 gi|10 020314 022444 gi|48 
000282 74.9 026902 026075 gi|10 000791 001623 gi|70 
001134 71.5 028289 027050 gi|10 018812 020047 gi|48 
000408 75.2 027165 027583 gi|10 006070 006488 gi|53 
000253 77.6 037137 037364 gi|10 014075 014284 gi|31 
000457 77.0 000003 000254 gi|8 025336 025607 gi|40 
001556 73.6 009479 008799 gi|8 010800 011481 gi|63 
000256 81.9 034714 034621 gi|8 028140 028242 gi|28 
000636 73.9 003957 003122 gi|12 003909 004744 gi|18 
001160 73.4 013788 012649 gi|12 024300 025438 gi|54 
001826 71.8 012711 013792 gi|12 017853 018934 gi|58 
000270 79.3 013112 012929 gi|12 025975 026167 gi|27 
000365 72.9 013359 013083 gi|12 028714 028992 gi|47 
000315 73.1 014008 014739 gi|12 039030 039770 gi|43 
000250 79.1 017581 017496 gi|12 015764 015851 gi|32 
000266 75.2 018005 018129 gi|12 033876 033997 gi|68 
000252 82.7 018275 018372 gi|12 031353 031446 gi|69 
004001 80.0 021844 022805 gi|12 025661 026637 gi|50 
000814 75.2 021901 022799 gi|12 024385 025290 gi|50 
005860 76.2 025234 023046 gi|12 036125 038305 gi|70 
000311 71.6 023348 023247 gi|12 037685 037786 gi|70 
000316 76.0 023695 023350 gi|12 038012 038328 gi|70 
000254 72.8 028411 027990 gi|12 024860 025302 gi|19 
000267 81.6 035425 035350 gi|12 013654 013734 gi|56 
000378 73.9 001437 001647 gi|14 026398 026607 gi|37 
000289 72.9 004035 003659 gi|14 020054 020433 gi|44 
000368 70.2 003677 003914 gi|14 029694 029926 gi|41 
000335 78.8 011541 011923 gi|14 022363 022721 gi|38 
000723 71.7 011580 012638 gi|14 016035 017091 gi|38 
000250 76.2 012146 012038 gi|14 032419 032526 gi|38 
000370 73.1 017152 017698 gi|14 023277 023844 gi|68 
000267 75.7 017153 017861 gi|14 014610 015321 gi|38 
000796 76.4 019549 020463 gi|14 002846 003737 gi|65 
000310 85.0 019825 019917 gi|14 019657 019742 gi|76 
006857 78.9 034981 033140 gi|14 023713 025555 gi|26 
002367 73.8 035409 037347 gi|14 015172 017150 gi|51 
000257 78.2 036151 036237 gi|14 025173 025259 gi|54 
000293 84.6 037046 037123 gi|14 037523 037609 gi|22 
000346 76.2 005489 005660 gi|17 011468 011636 gi|53 
001011 72.8 005770 006136 gi|17 020830 021196 gi|60 
000850 80.7 006560 006271 gi|17 036027 036294 gi|43 
000262 82.8 007419 007534 gi|17 025032 025148 gi|24 
000273 78.6 010580 010347 gi|17 036599 036829 gi|33 
000273 83.1 019047 018894 gi|17 019596 019748 gi|51 
000264 72.1 019027 019180 gi|17 033270 033424 gi|20 
000284 75.1 021283 021583 gi|17 024180 024488 gi|37 
000866 72.7 023200 021991 gi|17 038174 039389 gi|41 
001124 74.4 026350 025148 gi|17 038174 039394 gi|41 
000656 76.0 028746 030177 gi|17 022877 024315 gi|59 
000256 82.6 032687 032795 gi|17 011924 012058 gi|63 
000297 80.4 037788 037733 gi|17 000767 000823 gi|49 
001481 77.3 002937 004002 gi|13 016650 017706 gi|74 
001053 76.2 002950 004372 gi|13 020314 021723 gi|74 
000254 77.7 005840 006009 gi|13 020758 020924 gi|21 
000419 75.2 005843 006048 gi|13 002830 003056 gi|63 
000519 75.6 008565 007603 gi|13 019000 019947 gi|15 
000259 81.4 008540 008498 gi|13 039704 039746 gi|15 
000258 83.0 008544 008498 gi|13 001249 001298 gi|15 
000292 76.2 010786 010682 gi|13 034045 034148 gi|45 
000301 78.9 010783 010713 gi|13 002354 002422 gi|67 
000326 76.7 010833 010718 gi|13 002644 002759 gi|67 
000870 72.5 028430 027563 gi|13 038934 039786 gi|71 
000253 76.2 028997 028918 gi|13 039378 039461 gi|37 
000324 76.7 032121 031611 gi|13 019887 020398 gi|44 
000334 75.2 032122 031623 gi|13 019882 020386 gi|26 
000280 75.7 032145 031632 gi|13 009898 010399 gi|58 
000501 76.2 031633 032173 gi|13 029400 029940 gi|52 
000256 79.8 031824 031691 gi|13 039305 039442 gi|73 
000265 82.0 031733 031871 gi|13 007723 007864 gi|19 
000339 84.9 035337 035026 gi|13 032006 032273 gi|50 
000567 77.6 038780 037933 gi|13 027344 028194 gi|35 
000323 76.3 039136 037945 gi|13 037394 038623 gi|22 
000334 75.8 038549 038083 gi|13 036214 036663 gi|46 
000274 81.7 003069 003172 gi|16 035160 035263 gi|21 
000681 76.8 004278 003487 gi|16 027649 028429 gi|59 
000261 78.1 019599 019794 gi|16 004387 004586 gi|43 
000437 81.7 020821 020984 gi|16 009842 010015 gi|62 
071289 99.6 024456 032342 gi|16 000001 007920 gi|49 
000278 80.7 025278 025222 gi|16 037733 037788 gi|17 
000418 84.0 027097 027215 gi|16 026514 026650 gi|43 
000430 78.6 031720 031206 gi|16 014003 014521 gi|49 
041876 99.4 036862 032167 gi|16 003227 007927 gi|49 
000266 75.6 032517 032354 gi|16 005103 005266 gi|49 
000447 80.1 032825 033337 gi|16 014003 014521 gi|49 
000262 83.0 001512 001266 gi|18 026812 027057 gi|56 
000256 79.2 003397 002955 gi|18 017023 017474 gi|74 
000278 82.5 004043 004139 gi|18 031960 032071 gi|76 
000289 86.6 004066 004192 gi|18 032181 032299 gi|48 
000263 76.9 009947 009827 gi|18 013507 013634 gi|44 
001105 73.9 013480 012551 gi|18 000565 001514 gi|37 
000250 75.0 012972 013131 gi|18 008725 008894 gi|70 
000702 76.2 015090 015678 gi|18 012803 013399 gi|31 
001084 78.6 016474 015872 gi|18 026399 026994 gi|69 
000296 71.6 017589 017669 gi|18 027825 027905 gi|31 
000253 81.6 017591 017731 gi|18 036855 037015 gi|51 
000278 70.4 017672 017592 gi|18 027829 027909 gi|31 
002901 76.9 019461 018726 gi|18 006382 007150 gi|47 
000604 74.2 027066 027935 gi|18 037487 038335 gi|50 
000278 78.4 028320 028458 gi|18 001775 001902 gi|68 
000883 76.1 036384 035071 gi|18 008495 009808 gi|76 
000263 83.6 035837 035982 gi|18 022247 022386 gi|29 
002436 77.0 037684 036744 gi|18 004912 005850 gi|53 
000563 73.7 038106 038752 gi|18 030401 031049 gi|28 
002254 73.3 002938 000001 gi|15 036438 039381 gi|75 
002552 72.9 000001 002742 gi|15 027660 030362 gi|33 
002026 71.8 000021 002915 gi|15 030797 033713 gi|33 
002829 75.0 003014 000022 gi|15 017387 020410 gi|75 
001169 71.6 002094 000029 gi|15 021546 023603 gi|75 
000580 72.2 000047 000711 gi|15 034000 034664 gi|33 
000792 71.4 002094 000098 gi|15 029409 031421 gi|75 
000594 72.7 000900 002036 gi|15 034886 036022 gi|33 
001231 72.8 001236 002948 gi|15 025760 027453 gi|33 
001175 74.4 002692 001255 gi|15 002932 004333 gi|75 
001532 72.9 002826 001385 gi|15 023989 025435 gi|75 
000601 74.3 002029 002822 gi|15 000483 001276 gi|54 
000326 72.3 002827 002550 gi|15 031881 032158 gi|75 
000366 69.9 003000 002563 gi|15 039542 039990 gi|75 
001610 73.1 006387 003798 gi|15 021566 024178 gi|75 
000295 76.4 004230 003799 gi|15 017359 017769 gi|75 
001951 74.7 006432 003809 gi|15 037294 039902 gi|75 
001474 72.6 006387 003810 gi|15 029429 032057 gi|75 
000920 74.8 004019 010391 gi|15 030452 036907 gi|33 
000484 73.0 004126 005048 gi|15 033735 034678 gi|33 
001525 74.5 006292 004145 gi|15 018465 020636 gi|75 
001677 73.4 004408 006363 gi|15 027744 029678 gi|33 
000344 72.6 005251 006291 gi|15 034911 035930 gi|33 
001844 74.8 005484 012716 gi|15 025678 032811 gi|33 
000401 75.5 006360 005568 gi|15 032740 033517 gi|75 
000474 74.3 006354 005720 gi|15 024796 025430 gi|75 
000250 75.6 006724 007227 gi|15 004091 004602 gi|48 
001472 72.7 009542 006891 gi|15 037358 039981 gi|75 
000595 75.4 007457 006938 gi|15 017277 017789 gi|75 
002078 70.4 010270 006946 gi|15 028724 032076 gi|75 
003223 72.9 013833 006963 gi|15 017276 024166 gi|75 
001858 74.1 010594 007355 gi|15 017352 020570 gi|75 
001494 74.0 007518 011430 gi|15 030809 034682 gi|33 
000440 76.7 009535 008539 gi|15 024795 025773 gi|75 
000757 75.4 010278 008610 gi|15 002870 004476 gi|75 
002852 74.5 008721 016869 gi|15 025763 033771 gi|33 
000551 76.7 009553 008753 gi|15 032727 033497 gi|75 
000370 76.8 009591 010356 gi|15 003757 004513 gi|48 
005637 75.5 013654 009888 gi|15 028509 032377 gi|75 
008285 76.3 016779 009897 gi|15 017529 024454 gi|75 
002055 73.2 012777 010109 gi|15 037300 039969 gi|75 
000304 83.7 011449 011583 gi|15 005842 005975 gi|61 
000407 71.2 011624 012009 gi|15 034909 035294 gi|33 
002176 72.7 016362 011750 gi|15 021139 025772 gi|75 
000252 72.8 012737 011925 gi|15 032715 033531 gi|75 
000486 71.2 012277 012700 gi|15 035568 036006 gi|33 
002530 71.8 016362 012957 gi|15 029002 032476 gi|75 
000651 73.1 013218 014488 gi|15 033319 034569 gi|33 
001902 75.2 016757 013258 gi|15 036521 039991 gi|75 
002077 75.5 013639 016639 gi|15 027438 030366 gi|33 
000973 74.6 014793 016742 gi|15 034907 036879 gi|33 
000615 78.2 015051 016783 gi|15 025692 027393 gi|33 
000425 77.6 015054 015433 gi|15 002839 003219 gi|48 
000570 74.7 016677 015135 gi|15 002840 004336 gi|75 
000584 73.2 015984 015142 gi|15 032656 033498 gi|75 
000502 75.1 016753 015149 gi|15 023945 025562 gi|75 
000304 77.6 016029 016725 gi|15 003829 004515 gi|48 
000338 72.2 016757 016463 gi|15 010281 010575 gi|17 
002096 74.2 017307 021370 gi|15 033480 037614 gi|33 
003121 75.5 017381 022438 gi|15 027282 032280 gi|33 
002855 74.8 020634 017438 gi|15 036523 039719 gi|75 
002192 70.9 020205 017535 gi|15 029038 031744 gi|75 
002576 74.6 020917 017595 gi|15 017278 020605 gi|75 
002787 71.0 020205 017627 gi|15 021175 023771 gi|75 
000256 84.5 017752 017682 gi|15 019850 019919 gi|48 
003002 74.6 017692 022428 gi|15 030706 035468 gi|33 
006429 76.1 024048 018446 gi|15 020534 026191 gi|75 
015171 74.9 035197 018679 gi|15 017307 033830 gi|75 
002245 74.7 018906 022972 gi|15 025661 029680 gi|33 
001082 75.5 020593 018924 gi|15 002806 004440 gi|75 
000317 74.5 018928 019256 gi|15 002828 003156 gi|48 
000609 79.3 019908 020793 gi|15 003829 004681 gi|48 
000364 77.0 020137 020793 gi|15 000812 001466 gi|54 
001990 72.9 023002 020354 gi|15 018331 021026 gi|75 
000372 66.0 020562 020354 gi|15 028681 028889 gi|75 
001688 73.6 022441 020357 gi|15 037881 039969 gi|75 
000263 85.9 020878 020955 gi|15 020137 020209 gi|36 
000298 73.0 022858 022217 gi|15 024889 025562 gi|75 
000317 72.7 022877 022574 gi|15 037439 037736 gi|75 
000407 70.5 023697 023346 gi|15 017690 018053 gi|75 
000556 76.3 023981 027117 gi|15 000171 003150 gi|48 
002929 74.8 026593 024010 gi|15 000001 002598 gi|75 
006132 75.1 031980 024012 gi|15 028392 036358 gi|75 
000281 78.5 025070 024964 gi|15 038423 038537 gi|75 
002627 75.9 026517 029583 gi|15 031663 034694 gi|33 
001545 76.1 028706 026698 gi|15 036374 038282 gi|75 
000665 73.8 026732 028593 gi|15 035081 036969 gi|33 
001907 75.9 028760 026768 gi|15 017345 019286 gi|75 
003497 74.1 026887 033948 gi|15 025776 032687 gi|33 
001044 73.6 028709 026894 gi|15 002588 004329 gi|75 
003443 74.1 026894 030747 gi|15 028912 032687 gi|33 
000257 78.0 027169 027043 gi|15 011609 011728 gi|17 
000265 70.5 027671 027204 gi|15 021591 022039 gi|75 
000265 70.5 027671 027204 gi|15 029454 029902 gi|75 
000790 71.9 027704 028707 gi|15 000487 001466 gi|54 
000268 75.8 027990 028472 gi|15 004027 004482 gi|48 
001799 74.8 031947 028263 gi|15 036335 039961 gi|75 
002010 74.6 031999 028609 gi|15 017299 020687 gi|75 
000252 84.0 029085 029265 gi|15 027605 027777 gi|52 
004597 74.6 035084 029707 gi|15 028484 033887 gi|75 
001409 73.6 029852 031698 gi|15 034993 036845 gi|33 
004938 74.8 030093 039942 gi|15 025769 035486 gi|33 
006479 74.5 038441 030113 gi|15 017231 025562 gi|75 
001956 74.5 031204 034899 gi|15 033081 036845 gi|33 
001433 74.2 034994 031477 gi|15 036472 039960 gi|75 
000256 76.4 032875 032980 gi|15 026745 026857 gi|29 
003475 73.2 038013 032915 gi|15 028764 033866 gi|75 
004717 75.5 033294 039933 gi|15 025769 032279 gi|33 
002978 72.5 039932 033314 gi|15 018920 025562 gi|75 
001036 73.9 034405 036013 gi|15 033081 034707 gi|33 
003277 73.7 038300 034678 gi|15 036360 039960 gi|75 
001163 75.3 036179 037780 gi|15 034903 036563 gi|33 
003323 74.6 036354 039999 gi|15 025597 029207 gi|33 
001535 73.9 038332 036480 gi|15 002557 004373 gi|75 
001805 73.0 039942 036523 gi|15 029982 033498 gi|75 
003473 74.3 039942 036530 gi|15 022119 025562 gi|75 
000785 71.9 037346 038284 gi|15 000526 001461 gi|54 
001946 74.2 039999 037837 gi|15 037822 039991 gi|75 
000250 77.7 039982 039494 gi|15 025287 025772 gi|75 
000288 71.9 039601 039935 gi|15 025676 026017 gi|33 
000309 74.5 039968 039698 gi|15 004071 004338 gi|75 
000281 75.1 039923 039707 gi|15 033275 033497 gi|75 
004235 77.2 021067 022479 gi|20 015792 017207 gi|48 
001624 70.7 022551 023337 gi|20 014998 015780 gi|53 
001384 72.6 027160 027849 gi|20 016597 017281 gi|53 
000889 82.1 030486 030280 gi|20 037544 037750 gi|39 
000304 79.4 036724 036618 gi|20 037724 037823 gi|37 
000268 77.1 036659 036728 gi|20 020512 020589 gi|76 
000305 84.3 036675 036757 gi|20 017481 017577 gi|70 
000269 83.3 036722 036675 gi|20 017479 017526 gi|70 
000458 73.4 036899 036742 gi|20 003359 003519 gi|22 
000254 72.0 038909 039040 gi|20 034717 034846 gi|49 
000338 69.7 039629 039991 gi|20 004001 004363 gi|66 
000266 80.5 004929 004802 gi|21 036812 036933 gi|52 
000263 76.3 008991 008756 gi|21 012850 013086 gi|38 
000406 71.0 013008 012243 gi|21 035332 036077 gi|38 
000369 74.8 012314 012996 gi|21 010492 011165 gi|40 
005026 75.8 020269 018382 gi|21 017405 019306 gi|76 
000451 76.8 019155 018437 gi|21 024970 025690 gi|72 
000404 73.2 019100 018451 gi|21 033644 034299 gi|51 
000298 77.1 019375 018468 gi|21 016244 017154 gi|76 
003441 74.3 022009 020324 gi|21 015544 017229 gi|76 
000373 78.0 021287 020355 gi|21 018359 019263 gi|76 
000256 75.1 020925 020577 gi|21 035486 035834 gi|51 
000379 77.7 022143 021669 gi|21 024257 024792 gi|54 
000395 83.3 022143 022060 gi|21 020958 021041 gi|70 
000385 88.6 022075 022144 gi|21 024232 024305 gi|54 
000383 90.9 022089 022143 gi|21 025458 025513 gi|49 
000413 96.2 022144 022092 gi|21 030547 030598 gi|54 
000439 89.0 022173 022092 gi|21 012263 012338 gi|35 
000371 90.4 022094 022145 gi|21 003716 003767 gi|72 
000449 85.7 022094 022191 gi|21 014390 014504 gi|44 
000443 91.3 022162 022094 gi|21 035194 035269 gi|38 
000371 95.6 022097 022141 gi|21 030549 030593 gi|54 
000462 87.2 022097 022174 gi|21 020959 021034 gi|70 
000433 96.3 022150 022097 gi|21 003710 003764 gi|72 
000374 93.8 022144 022097 gi|21 014391 014438 gi|44 
000346 93.3 022097 022141 gi|21 035221 035265 gi|38 
000439 93.5 022097 022158 gi|21 037779 037838 gi|65 
000417 97.9 022143 022097 gi|21 036629 036675 gi|65 
000384 93.9 022145 022097 gi|21 037776 037824 gi|65 
000356 89.3 022097 022152 gi|21 036630 036684 gi|65 
000396 97.8 022141 022097 gi|21 025468 025512 gi|49 
000367 93.6 022098 022144 gi|21 012289 012335 gi|35 
002891 76.9 023998 022203 gi|21 012375 014168 gi|58 
002309 77.0 022209 024011 gi|21 020413 022209 gi|54 
000420 76.6 022763 022216 gi|21 028443 028993 gi|28 
000392 78.6 024426 024231 gi|21 012089 012281 gi|58 
000310 77.1 026027 026214 gi|21 007611 007794 gi|40 
000323 76.7 026209 026051 gi|21 036379 036534 gi|38 
000258 73.7 026293 026051 gi|21 017501 017743 gi|51 
000397 74.8 026051 026296 gi|21 000507 000755 gi|39 
000296 75.1 000764 000009 gi|23 012623 013372 gi|73 
001810 74.2 000809 003657 gi|23 009216 012085 gi|74 
000257 72.1 003170 002949 gi|23 024812 025030 gi|32 
005439 77.5 006000 004576 gi|23 016940 018374 gi|49 
000990 73.9 007693 008716 gi|23 025462 026476 gi|54 
000762 71.5 007742 008723 gi|23 038812 039808 gi|54 
000297 73.8 007894 009006 gi|23 023362 024467 gi|39 
000277 78.5 007902 008648 gi|23 031366 032110 gi|59 
000346 75.8 007906 008770 gi|23 025716 026566 gi|49 
000305 72.4 008346 008765 gi|23 011949 012344 gi|59 
000274 81.4 012856 012717 gi|23 031195 031334 gi|29 
000311 75.4 016402 017971 gi|23 009668 011135 gi|72 
000264 88.0 024819 024918 gi|23 038944 039030 gi|51 
000283 76.9 030512 030628 gi|23 018916 019034 gi|52 
000276 81.0 031608 031691 gi|23 023346 023438 gi|49 
000593 78.2 007422 008167 gi|19 028756 029516 gi|56 
000710 77.2 007434 008176 gi|19 029702 030458 gi|53 
000850 77.1 007485 008261 gi|19 028649 029416 gi|53 
000792 75.3 007485 008263 gi|19 027713 028482 gi|56 
000335 75.1 008176 007487 gi|19 019727 020434 gi|39 
000294 77.7 008181 007493 gi|19 038952 039633 gi|73 
001565 75.2 009759 007507 gi|19 019049 021238 gi|39 
000308 76.9 007804 007597 gi|19 020187 020398 gi|26 
000270 74.7 008142 007701 gi|19 016600 017032 gi|76 
000568 76.5 008374 009074 gi|19 028656 029329 gi|53 
000544 75.5 008374 009084 gi|19 027720 028401 gi|56 
000671 77.7 008377 009857 gi|19 029752 031173 gi|53 
000864 73.1 008387 009104 gi|19 028815 029542 gi|56 
000505 79.5 009055 008402 gi|19 020602 021234 gi|39 
000292 80.8 008949 008454 gi|19 019961 020420 gi|44 
015864 96.3 015105 013172 gi|19 037420 039353 gi|53 
000336 80.0 019583 018688 gi|19 017474 018296 gi|63 
000426 80.3 021194 021487 gi|19 020722 021006 gi|70 
000343 81.4 021484 021221 gi|19 025468 025765 gi|49 
000355 84.4 021485 021313 gi|19 022097 022251 gi|21 
000418 88.7 021488 021383 gi|19 030546 030634 gi|54 
000425 90.8 021484 021409 gi|19 012289 012365 gi|35 
000456 94.9 021486 021428 gi|19 036629 036686 gi|65 
000440 96.5 021486 021430 gi|19 020958 021012 gi|70 
000407 93.1 021430 021487 gi|19 012280 012335 gi|35 
000442 96.6 021489 021431 gi|19 035217 035272 gi|38 
000460 96.3 021486 021433 gi|19 024257 024310 gi|54 
000413 88.7 021433 021503 gi|19 025463 025529 gi|49 
000440 94.4 021436 021489 gi|19 022093 022146 gi|21 
000426 84.2 021437 021518 gi|19 003716 003795 gi|72 
000447 96.2 021437 021489 gi|19 014390 014442 gi|44 
000719 80.0 021438 022398 gi|19 030547 031463 gi|54 
000473 94.9 021438 021496 gi|19 037777 037834 gi|65 
000421 96.0 021487 021438 gi|19 037777 037826 gi|65 
000430 93.2 021496 021438 gi|19 014383 014440 gi|44 
000393 95.7 021438 021484 gi|19 035219 035265 gi|38 
000424 94.2 021439 021507 gi|19 024257 024319 gi|54 
000439 92.4 021439 021504 gi|19 036629 036702 gi|65 
000470 88.2 021506 021439 gi|19 003696 003765 gi|72 
000387 78.6 022384 021623 gi|19 033213 033913 gi|32 
000259 82.6 031192 031358 gi|19 026723 026895 gi|57 
000455 77.2 032038 032313 gi|19 030458 030757 gi|23 
000319 74.8 034931 034237 gi|19 033222 033913 gi|32 
000277 88.0 037537 037438 gi|19 001839 001935 gi|72 
000720 77.0 038422 039831 gi|19 025494 026906 gi|54 
000364 76.5 038423 039438 gi|19 001289 002295 gi|56 
000585 76.7 038447 039438 gi|19 023219 024192 gi|39 
000528 76.8 038450 039788 gi|19 025558 026869 gi|49 
001067 77.6 038459 039634 gi|19 038830 039999 gi|54 
000453 75.6 039446 038538 gi|19 023831 024727 gi|62 
000260 70.3 038957 039437 gi|19 011856 012321 gi|59 
000340 74.3 010520 009829 gi|22 026023 026720 gi|34 
000521 76.6 015820 016349 gi|22 007105 007637 gi|51 
000321 74.8 015946 015840 gi|22 025261 025370 gi|43 
000322 83.1 018375 018569 gi|22 028441 028618 gi|30 
000543 79.7 029979 030150 gi|22 032205 032370 gi|73 
000638 75.8 038709 037097 gi|22 030194 031789 gi|52 
000314 74.7 038661 037348 gi|22 010617 011881 gi|73 
000881 74.2 038056 038691 gi|22 027619 028248 gi|35 
000540 75.0 038125 038705 gi|22 015525 016112 gi|58 
009935 77.1 003895 000723 gi|24 013647 016821 gi|43 
000261 82.5 009484 009342 gi|24 036200 036330 gi|50 
000254 83.2 009465 009589 gi|24 008520 008654 gi|55 
000307 84.7 012557 012667 gi|24 012567 012672 gi|29 
000354 78.9 025138 024335 gi|24 023845 024585 gi|36 
000299 73.5 024339 024640 gi|24 027337 027636 gi|49 
000260 76.7 005453 005581 gi|25 004995 005120 gi|61 
003201 83.7 007209 006633 gi|25 035236 035814 gi|42 
001630 74.6 014892 016103 gi|25 008160 009377 gi|57 
000263 80.5 016776 016852 gi|25 032316 032397 gi|31 
000434 75.6 020773 021922 gi|25 015225 016371 gi|26 
000253 85.5 035744 035826 gi|25 002759 002842 gi|72 
000292 75.1 000024 000324 gi|28 017627 017929 gi|59 
000253 75.4 016534 016647 gi|28 036342 036446 gi|54 
000309 80.7 017035 016860 gi|28 001770 001945 gi|43 
000270 74.2 016940 017307 gi|28 035417 035781 gi|41 
000324 77.4 023727 025387 gi|28 007497 009082 gi|66 
000368 75.9 023735 025396 gi|28 022637 024231 gi|46 
000271 74.2 023942 024038 gi|28 033313 033409 gi|46 
000254 74.1 024980 024544 gi|28 009733 010164 gi|74 
000363 77.4 028240 028917 gi|28 013372 014053 gi|58 
000317 76.1 030399 030880 gi|28 013999 014471 gi|72 
000275 82.3 030656 030470 gi|28 022771 022984 gi|53 
000345 74.0 001166 000851 gi|27 009189 009504 gi|54 
000263 77.4 001894 001607 gi|27 013290 013571 gi|69 
000277 75.0 001625 001936 gi|27 013090 013407 gi|72 
000281 79.9 001628 001816 gi|27 010978 011158 gi|65 
000286 77.5 001633 001921 gi|27 002105 002378 gi|65 
000279 76.3 008444 008582 gi|27 020144 020282 gi|44 
001340 73.3 010797 009843 gi|27 027449 028397 gi|55 
000742 91.3 012305 012431 gi|27 003756 003883 gi|72 
001738 80.6 013367 012646 gi|27 033929 034660 gi|31 
001903 74.2 007136 005436 gi|26 026441 028134 gi|71 
001639 73.5 010476 011285 gi|26 001407 002217 gi|71 
000300 88.7 010760 010628 gi|26 015348 015451 gi|50 
000259 73.6 017928 017766 gi|26 037803 037970 gi|40 
001025 75.7 020447 019789 gi|26 029324 029982 gi|52 
000282 79.1 020464 020139 gi|26 029752 030101 gi|53 
000337 73.1 020369 020143 gi|26 029740 029972 gi|41 
000262 76.7 020433 020181 gi|26 028869 029133 gi|56 
000296 79.5 020414 020191 gi|26 000296 000520 gi|62 
000298 78.7 023201 023024 gi|26 038088 038265 gi|49 
000454 72.7 031243 030848 gi|26 021107 021507 gi|50 
000250 68.8 030921 031032 gi|26 012446 012557 gi|40 
000453 74.2 030952 031249 gi|26 001623 001935 gi|38 
000270 77.3 034740 034986 gi|26 017410 017662 gi|40 
000336 73.7 036932 036244 gi|26 035106 035812 gi|41 
000356 78.0 036372 036471 gi|26 000390 000489 gi|41 
000258 80.2 037077 036386 gi|26 008432 009099 gi|33 
000261 79.4 038480 038605 gi|26 012396 012524 gi|72 
000329 87.3 002007 001898 gi|29 014679 014784 gi|61 
000780 74.4 019706 020388 gi|29 004020 004687 gi|52 
000266 95.7 031663 031708 gi|29 006325 006368 gi|40 
000444 74.4 034547 035511 gi|29 019035 019993 gi|66 
002305 82.9 000614 000187 gi|30 011029 011461 gi|47 
000570 83.5 000527 000708 gi|30 039827 040000 gi|42 
000267 74.7 000720 000810 gi|30 036759 036850 gi|43 
001427 83.3 001042 001346 gi|30 010047 010337 gi|42 
001622 77.8 002601 002161 gi|30 000715 001152 gi|59 
000432 75.9 006141 006410 gi|30 030816 031094 gi|43 
000417 71.8 006541 007222 gi|30 031258 031958 gi|43 
000718 76.2 014525 013876 gi|30 024927 025579 gi|40 
000359 75.7 032173 032063 gi|30 031871 031983 gi|42 
000251 89.3 038851 038906 gi|30 038677 038738 gi|62 
000731 76.4 012794 011327 gi|31 036983 038468 gi|67 
000664 76.9 012283 011368 gi|31 022027 022942 gi|69 
000343 78.9 027811 028009 gi|31 036832 037055 gi|51 
000294 78.1 033216 033370 gi|31 014074 014228 gi|54 
000298 76.8 035650 035847 gi|31 019224 019420 gi|33 
000256 84.7 035704 035938 gi|31 006463 006705 gi|41 
000280 81.8 035721 035808 gi|31 005517 005604 gi|41 
000817 74.6 037332 038941 gi|31 018057 019681 gi|68 
000250 84.5 002935 003057 gi|32 035566 035702 gi|33 
000507 76.6 006901 006247 gi|32 004498 005144 gi|56 
000336 75.6 015393 015704 gi|32 036009 036320 gi|63 
000320 76.9 015433 015891 gi|32 018333 018787 gi|59 
001220 72.7 017340 018190 gi|32 000131 001002 gi|36 
000253 77.0 022465 021941 gi|32 009732 010322 gi|73 
000899 75.9 025036 024002 gi|32 009889 010919 gi|58 
000374 72.1 024394 025049 gi|32 029606 030278 gi|41 
000498 73.1 025058 024426 gi|32 019826 020458 gi|44 
000302 76.4 024605 024710 gi|32 027932 028037 gi|56 
000298 83.0 024605 024704 gi|32 028868 028967 gi|53 
000273 72.7 025081 024899 gi|32 011329 011511 gi|74 
000830 71.8 034046 032808 gi|32 023937 025166 gi|66 
000265 79.2 002324 002152 gi|34 012605 012779 gi|46 
000254 81.1 030550 030713 gi|34 014968 015154 gi|70 
000450 79.1 031988 031400 gi|34 016641 017200 gi|71 
000262 80.0 001604 001435 gi|35 030135 030310 gi|41 
000254 75.0 005099 005238 gi|35 036460 036588 gi|57 
000466 81.9 012158 012350 gi|35 020826 021018 gi|70 
000390 86.0 012352 012160 gi|35 020936 021138 gi|70 
000360 86.9 012335 012160 gi|35 037777 037926 gi|65 
000386 84.2 012336 012173 gi|35 014390 014536 gi|44 
000381 87.0 012387 012196 gi|35 035178 035353 gi|38 
000359 81.4 012361 012222 gi|35 025436 025569 gi|49 
000404 84.8 012270 012335 gi|35 014374 014440 gi|44 
000373 93.1 012276 012333 gi|35 036620 036675 gi|65 
000416 96.8 012278 012339 gi|35 030544 030599 gi|54 
000391 86.7 012283 012357 gi|35 037774 037854 gi|65 
000464 94.5 012286 012340 gi|35 025465 025519 gi|49 
000428 97.9 012335 012288 gi|35 030547 030594 gi|54 
000464 100.0 012289 012337 gi|35 024259 024307 gi|54 
000384 95.7 012334 012289 gi|35 024257 024302 gi|54 
000416 100.0 012289 012332 gi|35 035222 035265 gi|38 
000404 95.8 012336 012289 gi|35 003716 003763 gi|72 
000384 95.7 012289 012334 gi|35 003720 003765 gi|72 
000393 96.5 012345 012289 gi|35 036623 036674 gi|65 
000423 78.0 028116 026950 gi|35 010743 011865 gi|73 
000308 77.8 027395 027153 gi|35 031126 031362 gi|52 
000311 75.2 027305 027409 gi|35 015126 015231 gi|58 
000665 79.1 028268 027618 gi|35 030170 030843 gi|52 
000419 72.2 027688 028176 gi|35 015525 016025 gi|58 
000259 77.7 009114 008407 gi|33 014007 014732 gi|72 
000280 77.0 008624 008425 gi|33 011874 012081 gi|40 
000310 77.3 012903 012520 gi|33 025266 025650 gi|40 
000255 83.5 019126 019030 gi|33 013847 013952 gi|63 
000262 72.8 019032 019123 gi|33 020496 020587 gi|76 
000347 85.0 019059 019118 gi|33 017469 017528 gi|70 
000386 81.8 019069 019178 gi|33 013854 013960 gi|63 
000288 81.5 019070 019123 gi|33 037727 037781 gi|37 
000288 83.6 019070 019136 gi|33 004445 004508 gi|61 
000272 77.8 019270 019427 gi|33 007683 007837 gi|66 
000266 79.1 021545 020905 gi|33 000570 001193 gi|71 
001540 76.4 028453 025166 gi|33 001721 004913 gi|75 
001521 71.9 027539 025684 gi|33 017368 019250 gi|75 
000291 77.3 025952 025728 gi|33 030055 030273 gi|75 
001831 73.5 027381 025756 gi|33 036510 038141 gi|75 
002363 73.2 029459 025759 gi|33 021811 025592 gi|75 
000670 73.4 029459 025762 gi|33 029674 033518 gi|75 
000320 73.5 026730 027379 gi|33 003920 004554 gi|48 
003018 74.0 030670 027072 gi|33 036341 039984 gi|75 
002431 75.1 030769 027467 gi|33 017247 020644 gi|75 
001226 74.8 030386 028904 gi|33 002858 004336 gi|75 
001977 72.9 032233 028918 gi|33 022175 025562 gi|75 
000592 75.3 029676 030472 gi|33 000483 001306 gi|54 
002443 73.3 033741 030198 gi|33 036434 039973 gi|75 
001721 74.5 033911 030828 gi|33 017284 020391 gi|75 
001574 74.2 035341 032027 gi|33 022268 025613 gi|75 
000939 73.8 034455 032029 gi|33 001972 004347 gi|75 
000358 73.6 034691 032041 gi|33 030781 033503 gi|75 
000636 74.1 032805 033600 gi|33 000483 001272 gi|54 
001431 75.8 036027 033346 gi|33 037344 039999 gi|75 
000900 74.9 036973 033736 gi|33 017470 020654 gi|75 
000444 76.3 036007 035115 gi|33 003576 004448 gi|75 
001632 76.7 037014 035247 gi|33 031704 033498 gi|75 
000642 73.8 036007 035368 gi|33 024794 025445 gi|75 
000255 76.7 036471 036257 gi|33 021171 021385 gi|75 
000255 76.7 036471 036257 gi|33 029034 029248 gi|75 
000252 81.5 036482 036348 gi|33 023364 023493 gi|64 
000315 71.0 037064 036409 gi|33 023768 024453 gi|75 
000272 71.7 037546 037307 gi|33 031166 031407 gi|75 
000572 75.9 039035 037686 gi|33 015484 016806 gi|75 
001204 74.8 037792 039065 gi|33 004624 005893 gi|54 
000268 78.3 006310 006512 gi|36 000957 001154 gi|37 
000332 83.2 016458 016618 gi|36 012861 013016 gi|38 
000402 75.0 024604 023797 gi|36 027316 028202 gi|49 
000276 75.8 029686 029941 gi|36 022302 022561 gi|51 
028001 97.2 040000 036642 gi|36 027391 030744 gi|39 
000396 82.5 036670 036749 gi|36 002671 002751 gi|64 
000366 82.0 036749 036672 gi|36 012652 012730 gi|39 
027481 98.2 040000 036813 gi|36 009373 012538 gi|39 
016361 96.4 036813 038797 gi|36 002865 004847 gi|64 
000318 92.2 038940 038990 gi|36 007213 007265 gi|39 
000318 92.2 038940 038990 gi|36 025231 025283 gi|39 
000514 74.7 014420 015572 gi|38 023092 024257 gi|68 
000259 81.4 020662 020763 gi|38 010542 010643 gi|67 
000273 72.5 024315 023865 gi|38 021851 022281 gi|41 
000326 75.7 025820 026902 gi|38 035028 036040 gi|41 
000257 79.7 026512 026237 gi|38 036986 037225 gi|71 
002354 75.0 027957 029110 gi|38 036581 037729 gi|41 
000256 76.7 035101 034686 gi|38 028287 028680 gi|48 
000367 84.1 035272 034889 gi|38 020949 021326 gi|70 
000466 90.0 035265 035186 gi|38 014394 014479 gi|44 
000350 89.9 035265 035187 gi|38 030550 030630 gi|54 
000432 91.8 035270 035198 gi|38 025463 025528 gi|49 
000392 93.5 035204 035265 gi|38 014380 014437 gi|44 
000377 91.1 035265 035210 gi|38 036631 036690 gi|65 
000444 90.2 035213 035273 gi|38 030541 030601 gi|54 
000385 92.2 035215 035265 gi|38 036624 036674 gi|65 
000393 95.7 035265 035219 gi|38 024259 024305 gi|54 
000420 85.7 035219 035358 gi|38 037777 037906 gi|65 
000393 95.7 035219 035265 gi|38 003717 003763 gi|72 
000446 100.0 035220 035270 gi|38 024257 024310 gi|54 
000385 95.7 035265 035220 gi|38 003720 003765 gi|72 
000416 100.0 035222 035265 gi|38 025468 025511 gi|49 
000943 75.6 037216 035412 gi|38 009283 011097 gi|40 
000251 83.5 004096 004240 gi|37 008838 008978 gi|61 
000255 78.9 009148 008926 gi|37 036028 036241 gi|47 
001210 71.2 011677 012724 gi|37 016385 017447 gi|60 
000269 80.2 022884 022764 gi|37 024197 024314 gi|58 
000943 73.2 026159 024696 gi|37 034683 036118 gi|45 
001501 74.5 024697 026104 gi|37 031749 033126 gi|56 
001226 74.2 024697 026170 gi|37 038172 039615 gi|56 
000600 73.4 024801 026095 gi|37 034211 035476 gi|53 
000404 82.2 027496 027424 gi|37 015380 015453 gi|73 
000253 77.6 027435 028010 gi|37 015383 015982 gi|73 
000263 80.3 028032 027896 gi|37 025430 025551 gi|74 
002477 76.6 032627 029922 gi|37 003737 006417 gi|46 
002637 78.1 030421 032620 gi|37 023558 025712 gi|44 
000297 80.8 037453 037613 gi|37 029853 030022 gi|69 
000345 84.2 037701 037782 gi|37 013820 013909 gi|63 
000271 83.0 037788 037701 gi|37 017467 017546 gi|70 
000265 82.6 039519 039633 gi|37 014448 014555 gi|50 
000296 77.1 000758 000506 gi|39 017492 017744 gi|51 
000264 79.1 001639 001501 gi|39 039817 039952 gi|66 
000524 89.0 006817 006736 gi|39 008483 008566 gi|64 
000460 82.7 006949 006817 gi|39 008455 008574 gi|64 
019280 97.3 012849 010557 gi|39 002554 004847 gi|64 
000584 73.7 020436 018907 gi|39 028807 030303 gi|56 
000284 74.5 018917 019406 gi|39 038178 038668 gi|73 
000359 76.7 020300 019633 gi|39 027849 028505 gi|56 
000288 79.0 020300 019640 gi|39 028785 029428 gi|53 
000855 75.5 020436 019671 gi|39 029743 030514 gi|53 
000292 78.2 019706 020447 gi|39 038954 039651 gi|73 
000417 78.3 020392 020094 gi|39 029315 029607 gi|52 
000279 77.9 020303 020096 gi|39 007623 007826 gi|66 
000294 74.3 020380 020112 gi|39 033148 033418 gi|46 
000690 77.1 021277 020522 gi|39 028632 029393 gi|53 
000671 74.6 021265 020522 gi|39 027715 028457 gi|56 
000324 77.5 021305 020603 gi|39 029711 030424 gi|53 
000258 76.5 021270 020603 gi|39 028804 029488 gi|56 
000262 77.7 021042 020823 gi|39 000423 000651 gi|62 
000327 74.3 020888 021078 gi|39 020129 020325 gi|44 
000261 79.2 021169 020906 gi|39 029361 029616 gi|52 
000264 75.0 021065 020942 gi|39 007685 007808 gi|66 
000276 76.8 021337 021788 gi|39 023175 023658 gi|71 
000744 74.7 023190 024184 gi|39 025491 026492 gi|54 
000661 74.8 023192 024166 gi|39 025531 026508 gi|49 
000656 74.5 023231 024192 gi|39 038830 039815 gi|54 
000367 75.6 023368 023601 gi|39 001471 001705 gi|56 
000283 73.3 023749 024178 gi|39 011889 012313 gi|59 
000420 84.3 024830 024761 gi|39 008483 008552 gi|64 
000449 81.5 024969 024819 gi|39 008453 008595 gi|64 
017902 96.7 030753 028575 gi|39 002633 004847 gi|64 
000429 80.0 032260 032339 gi|39 016282 016361 gi|70 
000493 74.9 001190 000057 gi|42 024432 025574 gi|74 
000260 85.6 000536 000646 gi|42 028357 028477 gi|66 
000292 79.2 001312 000813 gi|42 025699 026178 gi|74 
001115 72.8 003240 001669 gi|42 018512 020090 gi|46 
000667 71.0 004154 003321 gi|42 034435 035265 gi|67 
000339 82.9 013381 013538 gi|42 017885 018045 gi|57 
000293 83.3 021430 021371 gi|42 010948 011005 gi|47 
000377 84.9 021811 021739 gi|42 010901 010972 gi|47 
000399 77.7 000406 001168 gi|41 014011 014751 gi|72 
000258 80.2 004136 004026 gi|41 031238 031348 gi|54 
000251 74.7 005634 005414 gi|41 020171 020392 gi|44 
000258 77.4 005638 005502 gi|41 036116 036256 gi|65 
000310 73.5 008672 008096 gi|41 010296 010869 gi|50 
000783 74.4 010885 013777 gi|41 001519 004428 gi|76 
000304 76.0 021590 022356 gi|41 029558 030345 gi|48 
000373 74.4 021702 022236 gi|41 026011 026570 gi|72 
000252 77.2 022248 021713 gi|41 034986 035540 gi|50 
000313 74.2 021860 022076 gi|41 002031 002247 gi|65 
000294 85.2 024883 024667 gi|41 029286 029477 gi|66 
000258 74.3 024828 024720 gi|41 038457 038563 gi|70 
000287 84.2 026864 026719 gi|41 006402 006528 gi|61 
000631 75.3 030209 029692 gi|41 019904 020409 gi|44 
000323 74.5 030249 029694 gi|41 009899 010445 gi|58 
000528 73.4 033721 034198 gi|41 030175 030656 gi|63 
000253 74.2 033722 033950 gi|41 029149 029384 gi|54 
000431 78.5 035198 035695 gi|41 028424 028923 gi|48 
000309 79.1 035424 035677 gi|41 022772 023028 gi|53 
000327 80.6 035929 036072 gi|41 015111 015263 gi|70 
000415 75.8 039982 039520 gi|41 013431 013890 gi|69 
000558 77.3 039985 039616 gi|41 035185 035549 gi|50 
000274 75.3 039616 040000 gi|41 001865 002237 gi|65 
000868 81.4 039622 039998 gi|41 012867 013231 gi|72 
000359 74.2 039965 039637 gi|41 009789 010111 gi|54 
000264 65.5 039982 039786 gi|41 008697 008887 gi|69 
000379 77.8 039800 039970 gi|41 010924 011091 gi|65 
000284 70.5 000136 000616 gi|43 013616 014098 gi|59 
000291 72.2 000284 000707 gi|43 018261 018685 gi|59 
000274 71.3 000967 001387 gi|43 032699 033115 gi|59 
000284 79.3 002335 002220 gi|43 002186 002296 gi|71 
008232 85.7 016798 018109 gi|43 010085 011389 gi|59 
000253 85.5 019940 019879 gi|43 003790 003860 gi|75 
000403 86.1 026514 026650 gi|43 002643 002761 gi|49 
000423 81.7 036277 036440 gi|43 001432 001586 gi|53 
000439 76.0 036292 036466 gi|43 010027 010211 gi|53 
000367 74.3 036355 036712 gi|43 010747 011107 gi|53 
000415 83.9 003412 003326 gi|40 030684 030770 gi|45 
001438 75.3 003499 004101 gi|40 037470 038036 gi|57 
000260 84.2 003778 003684 gi|40 018218 018302 gi|65 
000482 76.3 007623 007875 gi|40 026416 026669 gi|56 
000330 78.1 007881 007635 gi|40 017493 017739 gi|51 
000331 81.8 007881 007679 gi|40 012839 013035 gi|76 
000314 76.0 010230 010039 gi|40 012801 013003 gi|76 
000296 76.1 010046 010208 gi|40 026523 026685 gi|56 
000275 75.2 011905 011575 gi|40 014734 015057 gi|63 
000257 71.0 012548 012442 gi|40 021332 021438 gi|50 
000538 75.9 017565 016993 gi|40 031616 032209 gi|76 
000846 75.6 017727 017023 gi|40 014147 014872 gi|64 
000309 77.5 017025 018130 gi|40 035727 036805 gi|50 
000499 81.6 018141 017124 gi|40 023382 024348 gi|67 
000377 78.1 020801 021476 gi|40 034265 034993 gi|62 
000562 74.0 021970 021268 gi|40 006141 006864 gi|76 
000438 79.0 021507 021959 gi|40 035112 035566 gi|62 
000330 78.2 002855 003369 gi|47 014564 015084 gi|55 
000255 78.3 017663 017731 gi|47 021078 021152 gi|72 
000253 80.9 001740 001896 gi|45 022186 022345 gi|46 
000322 70.6 002683 002487 gi|45 004038 004240 gi|52 
000322 76.0 007831 007545 gi|45 000260 000540 gi|62 
000250 89.8 011828 011770 gi|45 032236 032286 gi|74 
000311 81.8 011848 011794 gi|45 025297 025351 gi|47 
000544 76.1 013564 012909 gi|45 019145 019792 gi|51 
000506 74.9 026557 027002 gi|45 001783 002215 gi|59 
000268 76.2 027093 027294 gi|45 013046 013267 gi|49 
000282 76.8 030708 030763 gi|45 014647 014702 gi|70 
000252 77.0 030709 030782 gi|45 016176 016249 gi|70 
000260 78.2 033080 033249 gi|45 007063 007229 gi|51 
000354 75.9 034047 034249 gi|45 002353 002579 gi|67 
000277 82.0 034047 034107 gi|45 002690 002749 gi|67 
000366 80.4 034259 034163 gi|45 001981 002074 gi|67 
001309 75.3 036117 034505 gi|45 038172 039779 gi|56 
000835 73.5 036105 034585 gi|45 034119 035624 gi|53 
001950 77.7 036117 034646 gi|45 031749 033217 gi|56 
000292 70.4 036101 035967 gi|45 032777 032911 gi|53 
000271 74.8 038909 037783 gi|45 003102 004212 gi|63 
000469 81.5 010889 010566 gi|44 003606 003928 gi|69 
000422 90.9 014375 014440 gi|44 020939 021006 gi|70 
000463 87.7 014377 014457 gi|44 003701 003785 gi|72 
000462 93.2 014440 014382 gi|44 037777 037835 gi|65 
000396 96.1 014439 014389 gi|44 036629 036678 gi|65 
000473 100.0 014439 014390 gi|44 024257 024306 gi|54 
000357 82.7 014655 014390 gi|44 020727 021007 gi|70 
000402 90.4 014391 014463 gi|44 030547 030629 gi|54 
000421 96.0 014391 014440 gi|44 037777 037826 gi|65 
000412 95.9 014392 014440 gi|44 024257 024305 gi|54 
000397 87.0 014460 014392 gi|44 003695 003765 gi|72 
000347 80.2 014392 014502 gi|44 036629 036747 gi|65 
000434 100.0 014437 014392 gi|44 025468 025513 gi|49 
000434 98.1 014445 014394 gi|44 030541 030593 gi|54 
000385 93.8 014394 014441 gi|44 025468 025515 gi|49 
000905 75.4 019884 020553 gi|44 009916 010589 gi|58 
000271 85.0 022093 021987 gi|44 014232 014339 gi|75 
003177 75.0 025719 023571 gi|44 003739 005896 gi|46 
000251 81.6 024028 023850 gi|44 024271 024442 gi|73 
000260 83.2 027775 027687 gi|44 033287 033368 gi|63 
000331 77.9 033262 032144 gi|44 015003 016197 gi|57 
000318 73.5 036771 037949 gi|44 012626 013783 gi|71 
001368 78.4 009774 011121 gi|46 025130 026426 gi|61 
000530 77.1 009808 011121 gi|46 009906 011156 gi|69 
000264 77.8 010076 009811 gi|46 012345 012598 gi|55 
000391 74.6 009812 011126 gi|46 011033 012295 gi|54 
000904 76.4 011121 010182 gi|46 011354 012290 gi|55 
000383 74.2 011151 010188 gi|46 031171 032139 gi|68 
000581 74.4 022698 024129 gi|46 007556 009006 gi|66 
000267 75.4 022945 022739 gi|46 039305 039529 gi|73 
000261 77.7 033300 033411 gi|46 029953 030060 gi|53 
000315 85.3 015984 015917 gi|49 039438 039505 gi|70 
000253 80.6 021719 021591 gi|49 028648 028770 gi|63 
000264 75.5 025010 025430 gi|49 037652 038060 gi|63 
000333 85.1 025515 025267 gi|49 030546 030781 gi|54 
000395 96.1 025513 025463 gi|49 024257 024310 gi|54 
000439 100.0 025468 025517 gi|49 024259 024307 gi|54 
000315 78.4 025468 025731 gi|49 030550 030839 gi|54 
000426 91.9 025529 025468 gi|49 003699 003763 gi|72 
000393 95.7 025468 025514 gi|49 003720 003766 gi|72 
000392 96.3 025468 025521 gi|49 020960 021011 gi|70 
000333 86.1 025690 025468 gi|49 020801 021003 gi|70 
000384 95.7 025513 025468 gi|49 036629 036674 gi|65 
000384 95.7 025513 025468 gi|49 037778 037823 gi|65 
000374 95.6 025468 025512 gi|49 036631 036675 gi|65 
000332 78.0 025468 025676 gi|49 037780 038011 gi|65 
000648 73.1 025531 026933 gi|49 025499 026918 gi|54 
000427 77.6 025561 026506 gi|49 038826 039787 gi|54 
000285 79.4 028519 028800 gi|49 038627 038903 gi|50 
000679 73.8 039106 040000 gi|49 018977 019880 gi|73 
000277 74.3 002412 000168 gi|48 000255 002614 gi|75 
000480 73.8 001121 000178 gi|48 027484 028447 gi|75 
000855 75.0 003144 000185 gi|48 033275 036367 gi|75 
000372 75.5 002395 001410 gi|48 026155 027170 gi|75 
000322 74.0 003193 002824 gi|48 025297 025678 gi|75 
000276 76.4 003112 002931 gi|48 022171 022355 gi|75 
000292 74.6 006264 006554 gi|48 037904 038203 gi|49 
000250 68.6 008933 008580 gi|48 020427 020780 gi|54 
000530 73.5 019668 021016 gi|48 000147 001522 gi|70 
000615 76.7 021715 022542 gi|48 002179 003012 gi|70 
001041 75.0 022690 024632 gi|48 003090 005084 gi|70 
000279 75.7 024415 024550 gi|48 003797 003917 gi|70 
001996 75.4 025094 027455 gi|48 005705 008025 gi|70 
002724 83.1 006480 005949 gi|53 000001 000541 gi|70 
002904 80.5 007210 006489 gi|53 039274 039992 gi|69 
000570 72.3 024346 023647 gi|53 003643 004310 gi|63 
035301 96.0 028458 032657 gi|53 027522 031722 gi|56 
000442 77.9 028544 029313 gi|53 028708 029494 gi|56 
000477 77.1 029644 030472 gi|53 027608 028431 gi|56 
000308 78.7 030473 029649 gi|53 038946 039724 gi|73 
000348 76.2 029844 030078 gi|53 007586 007821 gi|66 
001750 73.3 034108 035574 gi|53 031750 033216 gi|56 
000604 74.4 034108 034665 gi|53 038173 038728 gi|56 
000898 72.3 034885 035600 gi|53 038950 039663 gi|56 
000563 76.4 035805 036172 gi|53 027821 028246 gi|56 
000771 77.8 003696 003201 gi|51 028916 029403 gi|69 
000253 80.5 009150 008992 gi|51 032101 032274 gi|61 
000258 78.2 014617 014928 gi|51 013301 013617 gi|71 
000456 74.5 033580 034308 gi|51 018501 019246 gi|76 
000456 77.6 035448 035996 gi|51 025100 025641 gi|72 
000270 77.5 004359 004687 gi|52 027239 027570 gi|73 
000381 77.2 029902 029539 gi|52 009908 010259 gi|58 
000349 75.7 031619 030274 gi|52 014714 016034 gi|58 
000273 79.2 030471 031553 gi|52 010857 011886 gi|73 
002172 75.7 013125 012146 gi|50 000001 001013 gi|55 
000679 72.4 012195 013205 gi|50 020626 021638 gi|58 
000483 75.2 013642 013132 gi|50 039466 040000 gi|52 
000510 80.0 035369 034537 gi|50 010924 011791 gi|65 
001350 75.7 035642 034558 gi|50 012766 013850 gi|72 
000372 75.5 034625 035558 gi|50 009201 010139 gi|54 
000375 74.5 034803 035618 gi|50 013041 013869 gi|69 
000496 72.1 036895 035719 gi|50 013696 014880 gi|64 
000337 78.8 036885 035724 gi|50 023301 024457 gi|67 
000523 72.5 001442 000479 gi|54 036397 037361 gi|75 
000785 72.0 001457 000484 gi|54 017407 018383 gi|75 
000745 73.8 001210 000504 gi|54 002868 003547 gi|75 
000734 76.2 001290 000635 gi|54 023973 024634 gi|75 
000365 75.7 001411 000819 gi|54 031730 032364 gi|75 
000431 70.4 001455 001030 gi|54 039549 039977 gi|75 
001029 72.1 005866 004606 gi|54 015472 016718 gi|75 
000460 78.2 010129 009060 gi|54 001856 002920 gi|65 
000564 79.7 010099 009127 gi|54 012891 013857 gi|72 
000338 73.7 009154 010118 gi|54 012822 013780 gi|69 
002415 76.2 009199 013827 gi|54 008128 012678 gi|69 
002062 76.0 013807 010341 gi|54 029712 033159 gi|68 
001356 77.6 012289 010473 gi|54 011353 013090 gi|55 
001624 77.0 011007 012289 gi|54 025142 026427 gi|61 
000405 75.8 013299 012409 gi|54 000036 000958 gi|55 
001085 76.6 017348 016098 gi|54 001368 002594 gi|73 
001637 73.8 022022 020402 gi|54 012547 014171 gi|58 
000408 94.1 024254 024304 gi|54 003715 003765 gi|72 
000452 96.2 024255 024307 gi|54 020956 021008 gi|70 
000403 95.8 024256 024303 gi|54 036628 036675 gi|65 
000423 96.0 024306 024257 gi|54 003716 003765 gi|72 
000413 95.9 024305 024257 gi|54 037777 037825 gi|65 
000413 95.9 024257 024305 gi|54 037778 037826 gi|65 
000417 94.2 024308 024257 gi|54 020954 021005 gi|70 
000393 95.7 024304 024258 gi|54 036629 036675 gi|65 
001575 76.5 025423 024316 gi|54 017804 018914 gi|58 
000347 74.3 025662 026478 gi|54 001464 002271 gi|56 
000295 72.2 025949 026477 gi|54 011789 012314 gi|59 
000419 97.9 030547 030593 gi|54 003717 003763 gi|72 
000419 97.9 030593 030547 gi|54 037780 037826 gi|65 
000372 83.9 030547 030751 gi|54 037777 037968 gi|65 
000427 88.7 030643 030547 gi|54 020896 021006 gi|70 
000410 97.8 030593 030548 gi|54 003720 003765 gi|72 
000422 95.9 030548 030596 gi|54 036629 036677 gi|65 
000427 95.0 030548 030607 gi|54 020958 021021 gi|70 
000400 97.8 030593 030549 gi|54 036631 036675 gi|65 
000300 76.6 038830 039081 gi|54 039730 039981 gi|72 
000500 78.4 038905 039853 gi|54 001409 002321 gi|56 
000497 75.9 039542 039802 gi|54 012057 012314 gi|59 
000527 77.8 000464 000001 gi|55 011763 012199 gi|69 
000922 74.7 001061 000001 gi|55 020548 021550 gi|58 
000260 74.1 000361 000503 gi|55 020544 020692 gi|56 
000990 74.8 009313 008507 gi|55 039048 039857 gi|65 
001446 76.8 012639 011350 gi|55 025118 026430 gi|61 
001105 77.1 012730 011353 gi|55 009736 011157 gi|69 
000474 77.9 011356 012560 gi|55 031208 032412 gi|68 
000286 79.6 013056 012915 gi|55 023115 023249 gi|61 
000512 77.9 014368 015085 gi|55 018285 018996 gi|72 
002664 73.5 022042 018533 gi|55 011599 015088 gi|75 
000283 74.5 000383 000063 gi|59 000585 000903 gi|65 
000274 76.5 007898 007426 gi|56 016095 016570 gi|72 
000829 75.2 017149 016073 gi|56 009537 010588 gi|73 
000640 74.6 026893 025991 gi|56 012620 013517 gi|76 
000300 75.2 029141 028884 gi|56 011708 011965 gi|74 
000329 73.2 028906 029129 gi|56 007584 007813 gi|66 
000267 77.7 029025 029203 gi|56 000423 000593 gi|62 
000288 71.3 010313 010178 gi|58 007710 007845 gi|66 
000260 84.8 025202 025280 gi|58 010079 010166 gi|75 
000304 72.2 020373 020151 gi|60 025999 026242 gi|70 
000276 78.9 020253 020375 gi|60 005879 005999 gi|71 
000313 72.6 026747 027356 gi|60 029118 029727 gi|67 
001154 75.6 003669 003089 gi|57 007706 008292 gi|72 
000324 77.7 004455 003918 gi|57 007725 008301 gi|72 
000250 82.8 006119 006021 gi|57 008470 008556 gi|76 
000411 76.8 009721 010966 gi|57 030797 031997 gi|70 
000298 88.7 010207 010102 gi|57 007524 007620 gi|68 
000252 71.1 010998 010850 gi|57 018650 018797 gi|76 
000287 83.3 015963 015880 gi|57 016040 016126 gi|64 
000279 76.0 003286 003158 gi|63 035193 035319 gi|68 
000394 73.2 004200 003754 gi|63 034294 034749 gi|68 
000409 75.7 009030 009367 gi|63 000682 001022 gi|71 
000275 74.7 013922 013848 gi|63 020512 020589 gi|76 
000320 77.7 028602 029431 gi|63 003952 004769 gi|73 
000380 85.2 000588 000434 gi|62 036080 036232 gi|65 
000350 82.9 013088 012984 gi|62 030060 030160 gi|76 
000316 75.3 025049 025412 gi|62 008696 009065 gi|64 
000252 83.6 030953 030741 gi|62 012336 012548 gi|64 
000304 70.2 034994 034686 gi|62 006655 006959 gi|76 
000281 83.3 004445 004492 gi|61 013855 013902 gi|63 
000591 77.1 026243 024932 gi|61 031386 032709 gi|68 
000958 74.2 025111 026428 gi|61 009847 011158 gi|69 
000254 86.2 028051 028108 gi|61 004902 004966 gi|63 
000446 76.6 033281 032906 gi|61 018308 018686 gi|69 
000339 80.6 036825 037004 gi|61 006684 006863 gi|76 
000293 79.5 000102 000030 gi|64 008193 008273 gi|69 
001017 73.6 004466 005806 gi|66 000095 001374 gi|68 
000344 72.9 008562 007564 gi|66 010943 011968 gi|74 
000284 81.2 039811 039911 gi|66 037118 037222 gi|71 
000334 73.5 039815 039916 gi|66 001581 001682 gi|71 
000368 76.7 002041 002370 gi|65 013040 013386 gi|72 
000371 74.0 002352 002041 gi|65 013289 013612 gi|69 
000257 81.2 004176 004076 gi|65 029296 029392 gi|66 
000275 74.7 011313 010832 gi|65 008502 008962 gi|69 
000348 77.8 010924 011748 gi|65 013045 013833 gi|72 
000257 77.8 011677 011039 gi|65 012890 013495 gi|69 
000368 87.4 036733 036623 gi|65 003677 003771 gi|72 
000403 95.8 036628 036675 gi|65 020957 021004 gi|70 
000443 100.0 036629 036675 gi|65 003718 003764 gi|72 
000443 100.0 036675 036629 gi|65 020959 021005 gi|70 
000417 93.0 037844 037774 gi|65 020938 021009 gi|70 
000469 98.3 037833 037776 gi|65 003713 003767 gi|72 
000425 94.2 037777 037828 gi|65 003717 003768 gi|72 
000462 100.0 037778 037826 gi|65 020958 021006 gi|70 
001329 75.4 032386 029659 gi|68 009972 012708 gi|69 
000252 80.8 000441 000544 gi|69 009448 009547 gi|70 
000327 75.7 009075 008097 gi|69 012830 013806 gi|72 
000313 76.3 013894 012980 gi|69 012758 013669 gi|72 
000576 76.0 024798 025692 gi|72 018349 019255 gi|76 
000291 81.4 027394 027511 gi|72 021984 022104 gi|76 
009833 90.0 028351 029726 gi|71 009281 010663 gi|75 
000274 79.7 002681 002882 gi|70 003277 003471 gi|74 
000394 86.2 017551 017458 gi|70 020510 020599 gi|76 
000472 100.0 021007 020958 gi|70 003716 003765 gi|72 
000279 79.0 002622 002759 gi|67 004659 004807 gi|68 
000331 78.5 023317 024470 gi|67 031047 032197 gi|76 
