000330 75.0 001274 001203 gi|1 007948 008019 gi|32 
002785 72.2 004862 006737 gi|1 006422 008300 gi|42 
001729 71.8 007093 008291 gi|1 008485 009683 gi|42 
000315 100.0 014810 014843 gi|1 020917 020950 gi|49 
000302 97.2 014810 014845 gi|1 015727 015762 gi|12 
000301 72.3 016662 017113 gi|1 011336 011778 gi|58 
000491 72.9 018054 017682 gi|1 036944 037304 gi|35 
000266 80.2 020152 020022 gi|1 012413 012555 gi|41 
000264 72.5 020848 020653 gi|1 013808 014005 gi|62 
000270 86.7 020843 020724 gi|1 018908 019030 gi|3 
000911 99.0 022386 022288 gi|1 001079 001177 gi|11 
000336 80.6 022392 022290 gi|1 000356 000455 gi|11 
000264 77.2 026126 025991 gi|1 017876 018011 gi|23 
000293 72.2 030187 030055 gi|1 007184 007325 gi|11 
000276 81.7 030068 030187 gi|1 000084 000217 gi|12 
000295 97.1 035355 035388 gi|1 020917 020950 gi|49 
000280 94.4 035355 035390 gi|1 015727 015762 gi|12 
000610 73.8 038363 037668 gi|1 009510 010196 gi|67 
000262 83.2 007573 007685 gi|6 013808 013919 gi|62 
000280 87.3 007576 007685 gi|6 002343 002450 gi|19 
000265 86.4 007576 007685 gi|6 002090 002197 gi|19 
000313 87.0 007580 007648 gi|6 039289 039362 gi|53 
001041 74.7 015984 016434 gi|6 016634 017084 gi|26 
000341 83.5 019767 019635 gi|6 023479 023607 gi|46 
001887 74.3 027233 028509 gi|6 013897 015170 gi|28 
000829 73.1 031290 032729 gi|6 011839 013235 gi|42 
000263 83.0 036556 036661 gi|6 019880 019983 gi|54 
000424 72.1 000266 000045 gi|5 011132 011353 gi|50 
000263 93.8 000462 000415 gi|5 039958 040012 gi|13 
000709 75.0 001920 001409 gi|5 016142 016649 gi|50 
000336 70.5 001473 002055 gi|5 011099 011690 gi|31 
000328 75.4 009830 010012 gi|5 038406 038587 gi|57 
000363 70.7 009830 010013 gi|5 012768 012947 gi|74 
000369 72.2 011651 012319 gi|5 004531 005202 gi|26 
000459 73.3 011663 012321 gi|5 002509 003174 gi|26 
000692 72.4 011670 012322 gi|5 015465 016123 gi|15 
000547 70.0 012181 011732 gi|5 005999 006447 gi|54 
000537 68.6 012151 011732 gi|5 004918 005338 gi|41 
000317 69.2 011744 012328 gi|5 017389 017979 gi|15 
000324 75.8 012058 012206 gi|5 030414 030562 gi|14 
000258 81.9 012065 012147 gi|5 016569 016650 gi|18 
000292 81.7 012234 012071 gi|5 024045 024220 gi|62 
000337 79.8 012175 012072 gi|5 008801 008908 gi|53 
000692 72.9 013309 014159 gi|5 004372 005216 gi|26 
000794 72.7 013552 014188 gi|5 017377 018013 gi|15 
000506 75.3 014199 013555 gi|5 005800 006445 gi|54 
000615 75.3 013577 014061 gi|5 015552 016036 gi|15 
000412 70.6 014117 013744 gi|5 004771 005147 gi|41 
003140 71.2 016930 018236 gi|5 009569 010881 gi|63 
000291 76.2 022089 021909 gi|5 003376 003556 gi|7 
000314 74.4 022408 022253 gi|5 022101 022250 gi|75 
000294 74.2 022658 023076 gi|5 021232 021641 gi|17 
000295 86.3 022824 022679 gi|5 013317 013450 gi|43 
000260 73.5 022964 023080 gi|5 019139 019260 gi|26 
000264 96.3 032843 032924 gi|5 008807 008867 gi|10 
000915 76.5 038566 037378 gi|5 021452 022620 gi|57 
000497 71.3 038243 037387 gi|5 004722 005584 gi|72 
000313 68.9 038243 037871 gi|5 020755 021138 gi|12 
000421 75.9 039244 038526 gi|5 003736 004457 gi|72 
000350 70.9 039261 039008 gi|5 020780 021029 gi|12 
000501 75.4 039243 039016 gi|5 020801 021029 gi|57 
000298 69.0 039245 039020 gi|5 004754 004979 gi|72 
000256 70.8 039245 039030 gi|5 021801 022016 gi|57 
000276 71.2 039262 039048 gi|5 019773 019986 gi|12 
000455 74.9 002999 002582 gi|4 004468 004884 gi|15 
000460 77.2 002718 002897 gi|4 003590 003778 gi|71 
000347 72.8 002748 003125 gi|4 037068 037445 gi|26 
000386 74.8 003192 003509 gi|4 031345 031665 gi|65 
000484 75.4 003213 003513 gi|4 008611 008908 gi|53 
001049 73.5 003219 004200 gi|4 007766 008754 gi|36 
000883 69.8 003930 003228 gi|4 032216 032909 gi|44 
000405 76.2 003699 003233 gi|4 000159 000628 gi|71 
000282 70.5 003516 003246 gi|4 002916 003179 gi|26 
000832 74.8 003251 004522 gi|4 001511 002750 gi|50 
000348 81.4 003513 003251 gi|4 012072 012322 gi|5 
000250 77.6 003279 003532 gi|4 020104 020358 gi|62 
000490 76.2 003308 003850 gi|4 007913 008467 gi|53 
000345 82.4 003334 003532 gi|4 017772 017973 gi|48 
000315 78.3 003334 003568 gi|4 010020 010260 gi|48 
000318 81.8 003420 003562 gi|4 001027 001169 gi|72 
000258 78.1 003533 003420 gi|4 004277 004393 gi|23 
000258 77.8 003513 003424 gi|4 020401 020488 gi|15 
000389 74.2 003431 003589 gi|4 024137 024290 gi|62 
000304 73.8 003803 003886 gi|4 006392 006475 gi|54 
000379 73.0 004172 004467 gi|4 006204 006495 gi|55 
000262 87.0 008859 008791 gi|4 022885 022947 gi|27 
000299 73.4 008985 008862 gi|4 013556 013679 gi|26 
000325 72.8 009709 009497 gi|4 014426 014626 gi|39 
000313 74.5 012645 013288 gi|4 006300 006934 gi|72 
000283 74.5 014685 014900 gi|4 031684 031901 gi|21 
001634 72.7 015173 016298 gi|4 032181 033308 gi|21 
000484 72.0 015605 016223 gi|4 000847 001454 gi|72 
000652 72.4 015653 016239 gi|4 020103 020690 gi|62 
000380 76.9 016260 015673 gi|4 032256 032840 gi|44 
000270 74.9 015711 015885 gi|4 022822 022996 gi|36 
000611 71.1 015711 016194 gi|4 024041 024524 gi|62 
000358 76.1 015759 016080 gi|4 011735 012056 gi|66 
000452 74.2 016210 015769 gi|4 020080 020521 gi|15 
000258 71.1 016258 016110 gi|4 004580 004728 gi|26 
000255 80.3 017032 017092 gi|4 034039 034099 gi|21 
000300 69.8 017458 018004 gi|4 021901 022443 gi|62 
000920 79.0 017495 018113 gi|4 034568 035186 gi|21 
000267 73.8 017913 017784 gi|4 025311 025445 gi|36 
000930 67.2 018405 019120 gi|4 034847 035567 gi|9 
000352 76.6 029040 028225 gi|4 024886 025716 gi|71 
000330 70.3 029373 028289 gi|4 001439 002532 gi|39 
000291 74.3 028377 029103 gi|4 025140 025887 gi|19 
000400 73.1 028582 029113 gi|4 014000 014534 gi|11 
000323 71.2 029107 028729 gi|4 004583 004967 gi|57 
000354 72.2 033200 033613 gi|4 016933 017352 gi|5 
000275 77.5 033471 033612 gi|4 009849 009990 gi|63 
001045 72.8 034486 033545 gi|4 039199 040142 gi|64 
000273 73.0 037276 037007 gi|4 005133 005403 gi|75 
000643 74.2 037752 037014 gi|4 018009 018741 gi|19 
000326 75.0 037444 037755 gi|4 004177 004475 gi|39 
000680 71.6 039679 039928 gi|4 002565 002814 gi|22 
000251 81.2 039717 039908 gi|4 001971 002174 gi|39 
001769 69.3 010344 011286 gi|3 031181 032123 gi|15 
001670 70.7 010344 011328 gi|3 013632 014601 gi|73 
000253 76.6 018628 018704 gi|3 013507 013583 gi|62 
000293 83.5 019015 018901 gi|3 024048 024165 gi|13 
000423 73.1 000606 000421 gi|2 010010 010196 gi|27 
000326 74.9 001566 001364 gi|2 028898 029103 gi|70 
000260 75.8 001473 001379 gi|2 035794 035888 gi|30 
000690 74.8 002219 001958 gi|2 035038 035302 gi|30 
000409 74.3 002258 002018 gi|2 028164 028413 gi|70 
000582 72.4 004409 005397 gi|2 009430 010428 gi|66 
000373 79.2 017464 017622 gi|2 002899 003053 gi|62 
000288 76.0 018032 018160 gi|2 028895 029015 gi|36 
000286 71.0 019646 020301 gi|2 038339 039003 gi|19 
000266 72.0 024203 024079 gi|2 034269 034399 gi|7 
000282 81.9 024453 024305 gi|2 008109 008255 gi|32 
000806 79.1 028698 028484 gi|2 006159 006391 gi|26 
000475 73.8 030311 030030 gi|2 014636 014904 gi|63 
002886 86.0 031927 031477 gi|2 013153 013605 gi|63 
001198 73.5 032591 032215 gi|2 024915 025292 gi|8 
003558 84.8 034010 033407 gi|2 024305 024907 gi|8 
002725 72.6 035280 034305 gi|2 023343 024324 gi|8 
001224 69.7 036851 036429 gi|2 022930 023352 gi|8 
003074 76.1 037977 037105 gi|2 022053 022928 gi|8 
000291 77.5 006081 005980 gi|7 007934 008035 gi|57 
000255 76.5 005995 006079 gi|7 003201 003285 gi|72 
002185 74.8 012280 015555 gi|7 019402 022702 gi|21 
000336 76.0 016928 016721 gi|7 005409 005604 gi|62 
001094 72.8 018042 019579 gi|7 009640 011129 gi|71 
000366 78.2 024186 024474 gi|7 004925 005194 gi|64 
000438 72.0 037336 037478 gi|7 023416 023558 gi|10 
000314 79.7 000084 000201 gi|12 010028 010136 gi|49 
000477 76.7 005546 005170 gi|12 019648 020064 gi|31 
000325 78.5 005369 005447 gi|12 032993 033070 gi|27 
000709 100.0 005370 005445 gi|12 015477 015552 gi|49 
000341 80.8 005578 005475 gi|12 012933 013029 gi|21 
000404 76.8 005659 005479 gi|12 019643 019827 gi|31 
000326 77.5 005482 005650 gi|12 015361 015546 gi|49 
000271 83.5 005482 005560 gi|12 030040 030118 gi|33 
000275 75.7 005556 005483 gi|12 019989 020061 gi|31 
000816 99.2 005554 005817 gi|12 015740 016003 gi|49 
000276 76.8 005586 005727 gi|12 030040 030182 gi|33 
000296 78.0 005727 005587 gi|12 019921 020061 gi|31 
000572 96.0 010741 010815 gi|12 015929 016003 gi|49 
000276 97.3 015727 015763 gi|12 020917 020954 gi|49 
001111 71.3 019767 021639 gi|12 003708 005601 gi|72 
000278 68.9 020764 021014 gi|12 003699 003957 gi|72 
000265 74.2 020778 021552 gi|12 021789 022551 gi|57 
000269 72.7 020789 021030 gi|12 030151 030395 gi|75 
000319 71.6 029436 029836 gi|12 009622 010027 gi|22 
000733 81.5 033945 033617 gi|12 019652 019983 gi|31 
000291 74.8 033759 033617 gi|12 019654 019830 gi|31 
000668 98.7 033617 033690 gi|12 030120 030193 gi|33 
000394 77.0 033799 033700 gi|12 019968 020063 gi|31 
000325 77.0 033836 033702 gi|12 019657 019823 gi|31 
000358 83.8 033837 033764 gi|12 020006 020082 gi|31 
000304 76.0 034077 033957 gi|12 019596 019722 gi|31 
003945 73.5 000001 001699 gi|8 036481 038185 gi|59 
000290 72.4 000064 000197 gi|8 031801 031934 gi|59 
000567 75.2 000552 001180 gi|8 032304 032896 gi|59 
000830 71.3 001609 002114 gi|8 033307 033812 gi|59 
000711 74.1 006220 007010 gi|8 036863 037680 gi|59 
000422 68.7 006413 006770 gi|8 032322 032682 gi|59 
000435 71.7 008712 009032 gi|8 031618 031941 gi|59 
000886 72.4 008769 010166 gi|8 036412 037878 gi|59 
000484 73.1 011884 012733 gi|8 038125 038983 gi|46 
000551 69.8 011924 012876 gi|8 001224 002180 gi|45 
000520 69.6 016784 017270 gi|8 028467 028950 gi|63 
000435 69.4 016841 017285 gi|8 034366 034808 gi|52 
000295 76.5 026731 026815 gi|8 006191 006278 gi|64 
001895 85.8 034226 033902 gi|8 030352 030667 gi|69 
000487 83.5 035208 035106 gi|8 002258 002355 gi|32 
000425 83.0 036349 036221 gi|8 014404 014530 gi|32 
000799 86.7 037091 036919 gi|8 010899 011067 gi|32 
001121 80.9 037348 037092 gi|8 028661 028922 gi|28 
001402 86.3 037340 037093 gi|8 010286 010536 gi|32 
000626 85.1 037490 037343 gi|8 006789 006925 gi|37 
001078 77.2 039841 040147 gi|8 008470 008793 gi|63 
001220 80.7 040147 039843 gi|8 032062 032383 gi|69 
000504 75.7 000694 000217 gi|11 033630 034081 gi|12 
000777 91.0 000391 000225 gi|11 030082 030239 gi|33 
000681 98.7 000338 000264 gi|11 033616 033690 gi|12 
000680 100.0 000265 000337 gi|11 019911 019983 gi|31 
000253 71.1 000439 000274 gi|11 015361 015541 gi|49 
000431 77.3 000457 000879 gi|11 019646 020061 gi|31 
000633 94.6 000532 000459 gi|11 005165 005238 gi|12 
000661 81.1 000708 000466 gi|11 005370 005647 gi|12 
000306 77.5 000701 000466 gi|11 005172 005436 gi|12 
000290 77.3 000973 000468 gi|11 005166 005728 gi|12 
000329 74.7 000469 000634 gi|11 019921 020084 gi|31 
000401 78.6 000613 000469 gi|11 030039 030182 gi|33 
000415 77.2 001067 000534 gi|11 005162 005748 gi|12 
000285 75.5 000544 000983 gi|11 019645 020073 gi|31 
000393 75.7 000793 000621 gi|11 015355 015563 gi|49 
000681 97.4 000707 000632 gi|11 032995 033070 gi|27 
000534 73.6 001015 000648 gi|11 033663 034019 gi|12 
000300 81.6 000880 000729 gi|11 030040 030183 gi|33 
000510 75.3 001051 000732 gi|11 033707 034019 gi|12 
001336 94.8 000784 000975 gi|11 019620 019830 gi|31 
000370 74.9 001260 000803 gi|11 033613 034050 gi|12 
000435 78.9 001018 000806 gi|11 005414 005664 gi|12 
000442 77.2 000978 000808 gi|11 033614 033773 gi|12 
000376 80.6 000969 000810 gi|11 005377 005553 gi|12 
000320 74.9 001109 000811 gi|11 005417 005740 gi|12 
000306 80.0 000969 000820 gi|11 015484 015646 gi|49 
000346 78.0 000888 001051 gi|11 019901 020056 gi|31 
000349 75.0 001069 000906 gi|11 030029 030187 gi|33 
000418 74.8 001065 000911 gi|11 005578 005727 gi|12 
000795 100.0 001068 000984 gi|11 038058 038142 gi|27 
000369 72.3 001339 001073 gi|11 033691 033959 gi|12 
000299 81.9 001094 001253 gi|11 019922 020065 gi|31 
000315 76.9 001174 001502 gi|11 019748 020061 gi|31 
000299 79.5 001249 001177 gi|11 030041 030107 gi|33 
000592 76.4 001632 001180 gi|11 005216 005740 gi|12 
000789 90.7 001346 001185 gi|11 030023 030190 gi|33 
000310 86.4 001249 001191 gi|11 005173 005229 gi|12 
000454 82.0 001504 001193 gi|11 005171 005539 gi|12 
000405 79.8 001420 001193 gi|11 005378 005643 gi|12 
000510 74.5 001550 001194 gi|11 033666 034019 gi|12 
000297 78.0 001194 001594 gi|11 019657 020061 gi|31 
000258 81.6 001254 001329 gi|11 012944 013022 gi|21 
000274 78.9 001503 001258 gi|11 005482 005741 gi|12 
000464 81.0 001258 001420 gi|11 019638 019823 gi|31 
000584 81.5 001469 001265 gi|11 033652 033844 gi|12 
002184 97.4 001609 001341 gi|11 005465 005754 gi|12 
000382 75.1 001778 001361 gi|11 033624 034025 gi|12 
000267 76.3 001503 001365 gi|11 030040 030182 gi|33 
000301 76.0 001594 001428 gi|11 033702 033855 gi|12 
000284 77.4 001431 001598 gi|11 019644 019827 gi|31 
000301 88.4 001507 001439 gi|11 015480 015546 gi|49 
000261 80.1 001595 001445 gi|11 005586 005727 gi|12 
000291 77.9 001526 001602 gi|11 012951 013029 gi|21 
002369 97.5 002078 001600 gi|11 015159 015663 gi|49 
000260 76.9 001698 001608 gi|11 015353 015440 gi|49 
000734 84.3 001959 001711 gi|11 005170 005445 gi|12 
000510 75.6 002177 001711 gi|11 005249 005737 gi|12 
000298 78.7 001785 001711 gi|11 032995 033068 gi|27 
000276 80.7 001912 001716 gi|11 033667 033844 gi|12 
045076 97.8 007026 001717 gi|11 000305 005650 gi|12 
000392 79.9 001721 002069 gi|11 019764 020061 gi|31 
000289 75.9 001722 001829 gi|11 019920 020035 gi|31 
000397 80.6 002069 001725 gi|11 033702 034019 gi|12 
000511 80.5 001958 001780 gi|11 033700 033861 gi|12 
000448 78.7 002079 001784 gi|11 015352 015663 gi|49 
000338 76.6 001883 002070 gi|11 019641 019824 gi|31 
000664 78.3 002197 001885 gi|11 005359 005659 gi|12 
000764 100.0 001885 001965 gi|11 019990 020070 gi|31 
000256 75.6 001885 001974 gi|11 019751 019838 gi|31 
000397 80.0 002177 001888 gi|11 005483 005740 gi|12 
000293 78.7 002084 001991 gi|11 030027 030120 gi|33 
000272 71.5 002115 001993 gi|11 005131 005250 gi|12 
001303 97.9 002185 001996 gi|11 033694 033855 gi|12 
000420 78.6 001998 002231 gi|11 019643 019872 gi|31 
000325 76.3 002186 002001 gi|11 005578 005740 gi|12 
000451 81.0 002187 002104 gi|11 005662 005749 gi|12 
000251 74.3 002177 002104 gi|11 033782 033855 gi|12 
000400 81.1 002106 002179 gi|11 019990 020063 gi|31 
044775 99.6 007026 002189 gi|11 005912 010742 gi|12 
044837 99.7 007026 002205 gi|11 010910 015726 gi|12 
001312 88.2 007312 007092 gi|11 000084 000303 gi|12 
000903 87.5 007251 007092 gi|11 010746 010908 gi|12 
000897 86.9 007251 007092 gi|11 005748 005910 gi|12 
000315 90.9 007338 007240 gi|11 032684 032771 gi|27 
000264 70.8 012924 013231 gi|11 012375 012673 gi|51 
000480 73.3 014450 013705 gi|11 024897 025645 gi|71 
000267 74.4 013786 014452 gi|11 025140 025809 gi|19 
000437 67.9 016386 016060 gi|11 028089 028421 gi|19 
000465 87.2 016580 016728 gi|11 004319 004471 gi|17 
001039 73.6 016812 017352 gi|11 035093 035631 gi|15 
000254 82.7 022029 022080 gi|11 004971 005027 gi|68 
000354 86.8 022917 022842 gi|11 005662 005737 gi|12 
000303 81.2 022910 022847 gi|11 005246 005309 gi|12 
000637 76.8 024045 024556 gi|11 010792 011303 gi|24 
000535 74.2 032995 032845 gi|11 006151 006301 gi|57 
000492 76.4 032858 033132 gi|11 011865 012141 gi|55 
000469 74.6 032983 032866 gi|11 019780 019897 gi|74 
000507 75.8 033206 032876 gi|11 006369 006708 gi|48 
000321 70.5 032876 033126 gi|11 028953 029203 gi|60 
000480 74.1 032878 033471 gi|11 022497 023087 gi|28 
000364 71.4 033776 034509 gi|11 000003 000739 gi|51 
000299 74.7 034096 033943 gi|11 018671 018823 gi|74 
000609 74.1 034550 035248 gi|11 011460 012152 gi|55 
000407 72.2 034557 035585 gi|11 022076 023105 gi|28 
000404 73.9 035140 034919 gi|11 019721 019931 gi|74 
000552 74.9 035191 034977 gi|11 006492 006706 gi|48 
000279 67.9 034980 035191 gi|11 028958 029169 gi|60 
000514 75.9 035866 036619 gi|11 000002 000750 gi|51 
000509 72.1 037305 036948 gi|11 006492 006838 gi|48 
000494 76.3 037272 037007 gi|11 006099 006340 gi|57 
000468 71.2 037030 037314 gi|11 011827 012108 gi|55 
000400 74.2 037377 037079 gi|11 019599 019897 gi|74 
000299 73.2 037089 037746 gi|11 022495 023158 gi|28 
000403 71.7 037094 037323 gi|11 028958 029181 gi|60 
000483 72.7 037986 038249 gi|11 000001 000264 gi|51 
000563 72.2 038822 039476 gi|11 011455 012108 gi|55 
000260 80.8 038864 039040 gi|11 022108 022284 gi|28 
000480 76.0 039407 039208 gi|11 019727 019939 gi|74 
000397 76.5 039221 039373 gi|11 028935 029075 gi|60 
000497 75.5 039397 039251 gi|11 006562 006708 gi|48 
000368 71.2 039370 039253 gi|11 006151 006268 gi|57 
000463 77.5 039253 039759 gi|11 022497 022994 gi|28 
000697 85.0 000559 000433 gi|9 033012 033139 gi|17 
000374 78.1 000462 000566 gi|9 006442 006547 gi|31 
000368 81.4 000590 000462 gi|9 005327 005458 gi|38 
000357 80.4 000462 000568 gi|9 015784 015890 gi|62 
000330 75.7 000564 000462 gi|9 007530 007631 gi|36 
000409 83.3 000504 000593 gi|9 032340 032430 gi|22 
000462 72.0 023523 023768 gi|9 014141 014386 gi|66 
003775 72.3 026599 028334 gi|9 005676 007414 gi|46 
001238 70.3 039423 040122 gi|9 021697 022392 gi|50 
000702 71.2 039443 039963 gi|9 029177 029697 gi|42 
000286 77.7 039451 039571 gi|9 035385 035501 gi|65 
000832 71.9 002439 001295 gi|10 028618 029779 gi|67 
001661 73.5 001538 002461 gi|10 026552 027477 gi|42 
000525 74.7 009890 009416 gi|10 009035 009510 gi|74 
000253 88.9 030708 030664 gi|10 015525 015569 gi|70 
002352 72.5 033648 032265 gi|10 004410 005776 gi|51 
003310 73.7 033653 032316 gi|10 029109 030447 gi|29 
000535 74.3 034067 033765 gi|10 024389 024690 gi|61 
000762 75.9 034100 033769 gi|10 022664 022995 gi|23 
000402 75.0 034062 033775 gi|10 038093 038380 gi|17 
000615 97.2 034628 034699 gi|10 033959 034031 gi|12 
000264 75.9 034998 035167 gi|10 034588 034747 gi|65 
000262 70.1 036153 036067 gi|10 033022 033108 gi|57 
001142 71.6 040146 039347 gi|10 034612 035391 gi|61 
000822 72.0 039367 040056 gi|10 039195 039878 gi|57 
002178 71.7 040145 039368 gi|10 010936 011716 gi|72 
000311 75.3 010272 010656 gi|14 020555 020933 gi|67 
000274 73.3 026826 026138 gi|14 036801 037495 gi|57 
000252 70.6 030654 030417 gi|14 000898 001132 gi|72 
000302 74.6 030419 030646 gi|14 004290 004520 gi|23 
000370 74.0 030691 030423 gi|14 001512 001779 gi|50 
000299 73.0 031371 030928 gi|14 001660 002095 gi|50 
000348 74.2 031499 030953 gi|14 023955 024463 gi|23 
000273 70.9 031235 031344 gi|14 004274 004388 gi|23 
000251 79.7 031362 031245 gi|14 010095 010217 gi|48 
000250 83.5 037266 037188 gi|14 034652 034745 gi|38 
000300 74.8 000274 000025 gi|13 001259 001508 gi|16 
000469 72.7 005521 006489 gi|13 016793 017761 gi|75 
000251 80.2 012609 012699 gi|13 006917 007016 gi|72 
000364 73.2 015604 015771 gi|13 022184 022357 gi|69 
000325 76.4 022390 022584 gi|13 011487 011686 gi|28 
000255 79.7 022581 022444 gi|13 010518 010655 gi|75 
000266 88.2 023020 022936 gi|13 014476 014545 gi|17 
000251 78.7 024320 024180 gi|13 010206 010345 gi|28 
000400 72.5 027279 027427 gi|13 027744 027892 gi|50 
000518 78.3 028805 028961 gi|13 004998 005153 gi|53 
000651 74.2 038091 038508 gi|13 022874 023291 gi|42 
000263 78.4 040074 040147 gi|13 031242 031315 gi|74 
000798 74.9 011163 010921 gi|17 024501 024741 gi|22 
000256 81.6 013126 013223 gi|17 004496 004600 gi|39 
001603 71.5 014810 014067 gi|17 034975 035707 gi|52 
000354 70.1 016196 017088 gi|17 025590 026485 gi|51 
000269 73.6 016532 016713 gi|17 028542 028726 gi|57 
000252 73.9 017757 017932 gi|17 020661 020833 gi|18 
001010 69.6 019634 018523 gi|17 012636 013749 gi|60 
000266 77.8 021420 021245 gi|17 024306 024487 gi|23 
002205 71.4 025075 025974 gi|17 004440 005335 gi|38 
000496 70.7 029952 029509 gi|17 025521 025972 gi|53 
000642 74.3 030445 029529 gi|17 001679 002593 gi|40 
000265 73.9 030273 030410 gi|17 014053 014187 gi|57 
000348 73.2 030427 030279 gi|17 025049 025194 gi|53 
000932 88.6 032967 033273 gi|17 007490 007733 gi|36 
001118 95.8 033008 033246 gi|17 005357 005540 gi|38 
000890 90.7 033244 033008 gi|17 006361 006544 gi|31 
001125 97.0 033244 033010 gi|17 015704 015883 gi|62 
000793 92.8 033244 033010 gi|17 032229 032401 gi|22 
000644 85.8 033287 033035 gi|17 024448 024644 gi|51 
000294 81.0 034170 034108 gi|17 029162 029229 gi|65 
000401 74.0 036126 035716 gi|17 011692 012114 gi|63 
000284 72.3 036728 036628 gi|17 011068 011169 gi|63 
000480 77.3 038125 038406 gi|17 022734 023016 gi|23 
000282 73.0 038211 038377 gi|17 024511 024676 gi|61 
000348 81.5 004757 004574 gi|15 003591 003762 gi|71 
001485 72.0 010767 011744 gi|15 001302 002270 gi|47 
000473 71.0 015677 016162 gi|15 004759 005244 gi|26 
000457 74.3 015683 016122 gi|15 002735 003174 gi|26 
000541 71.5 016036 015683 gi|15 005939 006292 gi|54 
000524 68.3 016119 015722 gi|15 004744 005144 gi|41 
000297 87.8 015865 015905 gi|15 032622 032662 gi|44 
000257 75.6 015946 015869 gi|15 001695 001771 gi|50 
000560 69.9 018042 017371 gi|15 005772 006454 gi|54 
000342 74.4 017410 017624 gi|15 002612 002826 gi|26 
000391 70.1 017930 017566 gi|15 004783 005150 gi|41 
000570 70.0 017701 017970 gi|15 004933 005202 gi|26 
001568 74.7 020840 019843 gi|15 000694 001681 gi|72 
000465 73.5 020580 020046 gi|15 020157 020694 gi|62 
000484 74.5 020608 020065 gi|15 032693 033239 gi|21 
000348 76.2 020067 020634 gi|15 000011 000584 gi|71 
000336 71.9 020587 020097 gi|15 024030 024523 gi|62 
000321 80.6 020495 020228 gi|15 001679 001949 gi|50 
000312 77.3 020595 020389 gi|15 022810 023009 gi|36 
000322 74.4 020613 020391 gi|15 031448 031675 gi|65 
000313 71.7 020630 020391 gi|15 013280 013525 gi|65 
000283 76.8 020485 020391 gi|15 011781 011875 gi|66 
000252 73.7 020515 020398 gi|15 005994 006111 gi|54 
000270 74.7 020398 020630 gi|15 032621 032856 gi|44 
000263 74.0 020400 020637 gi|15 002918 003149 gi|26 
000266 77.1 020406 020575 gi|15 038761 038933 gi|70 
000417 69.9 021858 021560 gi|15 039781 040079 gi|75 
000260 74.5 023948 024139 gi|15 029796 029986 gi|47 
000856 74.6 024326 025529 gi|15 028170 029361 gi|47 
001721 74.7 026449 025897 gi|15 023497 024042 gi|35 
000885 70.8 026004 026452 gi|15 012533 012977 gi|39 
000277 79.5 026100 026338 gi|15 038386 038633 gi|60 
000313 73.4 027703 027388 gi|15 012197 012527 gi|57 
000299 73.0 027585 027401 gi|15 003679 003860 gi|27 
000375 75.2 027451 027615 gi|15 007989 008143 gi|57 
000250 70.4 028457 028323 gi|15 011475 011608 gi|57 
000268 84.1 030841 030903 gi|15 034568 034631 gi|46 
001544 70.3 031143 032142 gi|15 013593 014584 gi|73 
000424 70.3 032619 032411 gi|15 004795 005000 gi|33 
000796 69.5 033514 034145 gi|15 025897 026530 gi|74 
000299 72.5 033539 033607 gi|15 018943 019011 gi|51 
000263 71.8 033827 034074 gi|15 019234 019487 gi|51 
000252 81.5 037018 037071 gi|15 008422 008472 gi|63 
001379 72.1 039366 037679 gi|15 023072 024764 gi|20 
000331 81.9 016698 016572 gi|18 000984 001123 gi|72 
000325 76.5 020670 020852 gi|18 013523 013706 gi|75 
001518 73.3 026767 025801 gi|18 033381 034351 gi|62 
000417 74.4 026328 025817 gi|18 038108 038624 gi|48 
000463 72.8 026696 025836 gi|18 003197 004042 gi|38 
000989 70.2 027143 025870 gi|18 004525 005804 gi|27 
000913 73.2 025870 027258 gi|18 036631 037988 gi|45 
000292 72.9 026104 026693 gi|18 033138 033724 gi|40 
000372 72.7 026696 026246 gi|18 022200 022656 gi|19 
000499 75.3 031015 031573 gi|18 006629 007183 gi|21 
000252 70.7 032859 033039 gi|18 025593 025773 gi|50 
000630 72.4 040081 039618 gi|18 034865 035316 gi|74 
000409 71.2 001913 001744 gi|16 039773 039942 gi|35 
000264 77.2 017847 017624 gi|16 031873 032098 gi|66 
000546 71.2 017656 017981 gi|16 037117 037439 gi|63 
000250 79.0 008148 008087 gi|19 034581 034642 gi|46 
000277 75.6 013971 014142 gi|19 033888 034050 gi|20 
000283 75.5 013997 014143 gi|19 004334 004474 gi|39 
000394 70.3 018789 018178 gi|19 003690 004324 gi|39 
000269 74.0 018547 018221 gi|19 038538 038858 gi|56 
002573 74.1 023055 021669 gi|19 032872 034243 gi|40 
002855 72.9 021714 023094 gi|19 007565 008951 gi|31 
000755 71.2 022077 023077 gi|19 003074 004049 gi|38 
000592 73.3 022190 023094 gi|19 033441 034336 gi|62 
000366 73.5 022194 023088 gi|19 004972 005853 gi|27 
004279 73.1 026413 024871 gi|19 024292 025833 gi|71 
000289 75.5 025232 025131 gi|19 002352 002453 gi|39 
000391 73.2 025885 025137 gi|19 004583 005310 gi|57 
004104 72.6 026623 027845 gi|19 033389 034620 gi|34 
000279 89.7 032678 032745 gi|19 002520 002577 gi|48 
000267 76.2 033778 033882 gi|20 030661 030763 gi|39 
000272 70.2 033858 034065 gi|20 033316 033531 gi|74 
000270 71.4 029576 029444 gi|24 000030 000162 gi|36 
000424 75.8 029780 029483 gi|24 021529 021832 gi|55 
000477 80.0 029534 029793 gi|24 027765 028027 gi|25 
000461 80.8 029534 029788 gi|24 001556 001809 gi|25 
000450 79.6 029534 029793 gi|24 012338 012600 gi|25 
000380 73.1 029767 029534 gi|24 032303 032542 gi|55 
000373 70.0 029835 029536 gi|24 024567 024863 gi|55 
000360 69.3 029835 029536 gi|24 035331 035627 gi|55 
000274 76.6 029668 029838 gi|24 024761 024925 gi|25 
000720 74.2 030264 031192 gi|24 017650 018530 gi|25 
000384 75.2 030668 031167 gi|24 010324 010791 gi|25 
000462 77.3 031191 030676 gi|24 029815 030312 gi|59 
000270 75.3 030771 030695 gi|24 028225 028297 gi|55 
000290 74.9 031206 030908 gi|24 027829 028109 gi|55 
000268 71.6 031119 030912 gi|24 038688 038899 gi|55 
000295 70.1 030916 031002 gi|24 035263 035349 gi|42 
000333 70.4 030923 031155 gi|24 002888 003120 gi|25 
000263 72.5 030923 031191 gi|24 021354 021622 gi|25 
000319 70.2 031119 030939 gi|24 023367 023547 gi|55 
000314 69.6 031119 030939 gi|24 034131 034311 gi|55 
000295 73.8 031202 030940 gi|24 017032 017294 gi|55 
000312 73.7 031361 031736 gi|24 018699 019056 gi|25 
000266 74.2 031604 032988 gi|24 026646 027997 gi|25 
000472 69.8 031998 031608 gi|24 033270 033656 gi|55 
000353 72.8 032982 032762 gi|24 021552 021778 gi|55 
000272 69.1 032991 032762 gi|24 035394 035626 gi|55 
000263 69.1 032991 032762 gi|24 024630 024862 gi|55 
000257 67.5 032964 032762 gi|24 032331 032539 gi|55 
000319 77.5 032881 032991 gi|24 009355 009462 gi|25 
000263 71.4 032994 032897 gi|24 029182 029281 gi|55 
000528 75.7 034293 033701 gi|24 038682 039262 gi|55 
000375 70.6 033930 033734 gi|24 030241 030435 gi|59 
000466 76.4 034307 033876 gi|24 017100 017499 gi|55 
000304 82.5 033881 033937 gi|24 010355 010414 gi|25 
000388 75.8 033881 034338 gi|24 035078 035517 gi|42 
000251 82.5 033884 033940 gi|24 005795 005851 gi|25 
000286 72.8 034079 034313 gi|24 002871 003099 gi|25 
000301 69.4 034286 034081 gi|24 023368 023579 gi|55 
000265 72.1 034091 034294 gi|24 021354 021557 gi|25 
000369 75.1 034097 034361 gi|24 018267 018531 gi|25 
000266 70.0 034286 034127 gi|24 034132 034291 gi|55 
000252 75.9 037924 038039 gi|24 014880 015002 gi|65 
000258 75.6 003910 003995 gi|23 038345 038430 gi|70 
000373 81.0 004519 004283 gi|23 017736 017971 gi|48 
000335 76.0 004519 004283 gi|23 009986 010219 gi|48 
000271 77.3 004380 004284 gi|23 024139 024235 gi|62 
000495 72.5 004287 004740 gi|23 038743 039187 gi|70 
000253 68.1 004394 004304 gi|23 007966 008056 gi|36 
000263 69.2 004304 004394 gi|23 032628 032718 gi|44 
000285 74.4 004394 004305 gi|23 001679 001768 gi|50 
000254 89.5 004342 004305 gi|23 004954 004991 gi|41 
000346 76.0 013469 013245 gi|23 013814 014038 gi|62 
000895 75.8 014303 013508 gi|23 008681 009476 gi|28 
000260 93.9 018280 018328 gi|23 037293 037335 gi|73 
000305 73.8 021404 021727 gi|23 020775 021092 gi|60 
000383 70.1 022682 022995 gi|23 024373 024686 gi|61 
000277 75.5 024925 025034 gi|23 007976 008094 gi|36 
000251 74.7 027271 026861 gi|23 018952 019343 gi|31 
000335 70.2 028909 028739 gi|23 016827 016993 gi|31 
000256 70.5 028975 028769 gi|23 034285 034490 gi|75 
000631 74.4 038485 039148 gi|23 031599 032239 gi|70 
000354 82.2 002602 002764 gi|22 001970 002132 gi|39 
000457 71.5 006709 007374 gi|22 002285 002941 gi|47 
000533 74.8 009575 010791 gi|22 019734 020926 gi|40 
000254 80.3 010825 010895 gi|22 021017 021094 gi|40 
000264 76.0 014399 014121 gi|22 021605 021866 gi|23 
000347 73.8 017303 017604 gi|22 037134 037430 gi|36 
002647 71.0 022747 020419 gi|22 036159 038488 gi|67 
001408 93.8 032226 032404 gi|22 015701 015886 gi|62 
001151 90.3 032402 032228 gi|22 007532 007710 gi|36 
001307 91.9 032401 032229 gi|22 005359 005538 gi|38 
001175 88.5 032229 032402 gi|22 006361 006543 gi|31 
000489 91.8 032231 032303 gi|22 024489 024567 gi|51 
000370 84.4 002986 002891 gi|21 010798 010896 gi|22 
000564 75.0 005232 004693 gi|21 029449 029985 gi|45 
000267 75.9 008873 009129 gi|21 011843 012102 gi|23 
000318 79.9 012888 013026 gi|21 036017 036145 gi|25 
000286 84.5 013074 012959 gi|21 029997 030101 gi|33 
002080 76.4 014975 016290 gi|21 002973 004264 gi|51 
000252 69.5 019780 019686 gi|21 009198 009292 gi|62 
000261 74.4 020551 020640 gi|21 016872 016964 gi|65 
000968 72.5 028682 029187 gi|21 006862 007368 gi|43 
000816 71.9 032594 033375 gi|21 020027 020814 gi|62 
000268 74.7 032901 032677 gi|21 032626 032850 gi|44 
000266 73.1 032677 033237 gi|21 000897 001454 gi|72 
000279 77.8 032688 032903 gi|21 007899 008115 gi|53 
000262 77.7 032724 032898 gi|21 022821 022995 gi|36 
000518 76.1 032764 033249 gi|21 024080 024565 gi|62 
000504 72.7 032775 033122 gi|21 011737 012078 gi|66 
000260 72.7 033245 033136 gi|21 007636 007747 gi|57 
000330 83.8 033173 033240 gi|21 029982 030049 gi|75 
000266 83.7 033536 033627 gi|21 020988 021079 gi|62 
000694 77.7 034574 035083 gi|21 021950 022447 gi|62 
000272 72.9 034983 034855 gi|21 025320 025448 gi|36 
000260 81.2 038289 038189 gi|21 038526 038620 gi|60 
000643 74.4 000001 000254 gi|27 037064 037319 gi|30 
000549 72.7 002304 001961 gi|27 004602 004947 gi|31 
000394 75.0 003662 003865 gi|27 011477 011680 gi|57 
005930 77.2 005943 004515 gi|27 036499 037920 gi|45 
001561 71.5 004527 005852 gi|27 032994 034318 gi|62 
000330 74.0 005815 004842 gi|27 032881 033863 gi|40 
000407 73.4 004891 005786 gi|27 003110 004002 gi|38 
000289 76.9 005139 005229 gi|27 008216 008308 gi|31 
000451 74.7 005143 005783 gi|27 037908 038545 gi|48 
000313 76.1 005156 005795 gi|27 015566 016199 gi|71 
000345 72.5 016715 016845 gi|27 008663 008793 gi|52 
000311 71.8 026431 026820 gi|27 008948 009328 gi|55 
000334 76.6 027504 027755 gi|27 010046 010284 gi|55 
001948 72.8 030550 029589 gi|27 034220 035187 gi|64 
001675 74.3 029601 030360 gi|27 030133 030892 gi|47 
000299 69.4 032581 032422 gi|27 034974 035136 gi|52 
000309 78.4 032995 033068 gi|27 015478 015552 gi|49 
001679 72.5 001797 000015 gi|25 018420 020197 gi|55 
001799 73.3 001743 000217 gi|25 032352 033881 gi|55 
001604 71.9 001791 000218 gi|25 029187 030754 gi|55 
002270 72.3 001825 000373 gi|25 021514 022956 gi|55 
000479 80.2 001790 001463 gi|25 035395 035719 gi|55 
000262 71.4 001598 001515 gi|25 000030 000113 gi|36 
000462 81.4 001827 001548 gi|25 024596 024873 gi|55 
000409 71.0 003131 002650 gi|25 017068 017540 gi|55 
001525 72.2 004845 002681 gi|25 029226 031399 gi|55 
002297 72.3 004881 002818 gi|25 021546 023630 gi|55 
000395 71.2 003084 002818 gi|25 034131 034394 gi|55 
000327 75.7 002870 003248 gi|25 035252 035626 gi|42 
000309 68.8 003084 002883 gi|25 038688 038889 gi|55 
000367 73.3 003155 002883 gi|25 029816 030088 gi|59 
000300 66.2 003167 002884 gi|25 027820 028103 gi|55 
001417 71.7 004898 003491 gi|25 018412 019843 gi|55 
001154 71.6 004849 003512 gi|25 032339 033706 gi|55 
000408 74.0 004642 004930 gi|25 033943 034232 gi|42 
000258 81.0 004884 004769 gi|25 024630 024741 gi|55 
000280 72.2 005329 005258 gi|25 039539 039610 gi|55 
000360 75.9 005848 005625 gi|25 031331 031553 gi|55 
000262 74.0 006069 005974 gi|25 034241 034334 gi|55 
000255 68.1 006186 005974 gi|25 023358 023570 gi|55 
000460 74.8 006133 005975 gi|25 017159 017317 gi|55 
000389 74.6 006361 005992 gi|25 030812 031181 gi|55 
000313 74.7 006251 006019 gi|25 020173 020405 gi|55 
000419 75.0 006251 006020 gi|25 027829 028060 gi|55 
004352 72.2 006434 009463 gi|25 035732 038831 gi|42 
000882 73.5 007769 006538 gi|25 037069 038330 gi|55 
000443 73.5 007474 006567 gi|25 026597 027510 gi|55 
001399 75.6 009462 007992 gi|25 035394 036855 gi|55 
001941 74.3 009462 007997 gi|25 024630 026098 gi|55 
000308 75.2 009453 009135 gi|25 021552 021879 gi|55 
000386 69.7 009215 009471 gi|25 033935 034197 gi|42 
000415 73.0 009463 009223 gi|25 018425 018671 gi|55 
000350 73.4 009461 009368 gi|25 029188 029281 gi|55 
000960 73.0 010417 009833 gi|25 028230 028816 gi|55 
000803 72.8 009859 010650 gi|25 034581 035373 gi|42 
000520 70.1 010823 010343 gi|25 030915 031399 gi|55 
000464 75.8 010705 010343 gi|25 017156 017509 gi|55 
000269 77.1 010346 010415 gi|25 039717 039786 gi|42 
000315 79.4 010408 010346 gi|25 023719 023782 gi|55 
000315 79.4 010408 010346 gi|25 034483 034546 gi|55 
000290 87.7 010408 010352 gi|25 030236 030293 gi|59 
000452 72.0 010678 010361 gi|25 038753 039079 gi|55 
001818 72.1 012579 011066 gi|25 018420 019927 gi|55 
002316 72.4 012607 011146 gi|25 021514 022970 gi|55 
001711 72.5 012573 011147 gi|25 029187 030607 gi|55 
001621 72.3 012525 011167 gi|25 032352 033713 gi|55 
000451 79.4 012572 012330 gi|25 035395 035637 gi|55 
000426 79.0 012572 012330 gi|25 024631 024873 gi|55 
000343 72.1 013806 013459 gi|25 017175 017516 gi|55 
000372 75.8 013968 013466 gi|25 030898 031399 gi|55 
000299 72.4 013481 013810 gi|25 035081 035407 gi|42 
000320 71.5 013954 013481 gi|25 029799 030287 gi|59 
000391 75.7 013781 013634 gi|25 038773 038921 gi|55 
000445 69.8 013876 013642 gi|25 023357 023591 gi|55 
000403 68.5 013876 013642 gi|25 034121 034355 gi|55 
000262 71.5 013879 013666 gi|25 027890 028103 gi|55 
001733 74.8 014239 015329 gi|25 035836 036944 gi|42 
001706 73.7 017167 014258 gi|25 024618 027511 gi|55 
000850 74.6 015324 014456 gi|25 037236 038107 gi|55 
000487 75.0 016075 015652 gi|25 036474 036876 gi|55 
001127 72.2 015687 017219 gi|25 037329 038888 gi|42 
000600 72.4 017167 016266 gi|25 035382 036283 gi|55 
000431 66.9 017157 016910 gi|25 029185 029429 gi|55 
000259 73.3 017162 016916 gi|25 018420 018667 gi|55 
000273 71.1 017166 017070 gi|25 031157 031254 gi|59 
000343 70.2 018029 018505 gi|25 035036 035514 gi|42 
001308 73.8 019851 018038 gi|25 029622 031423 gi|55 
000462 71.6 018337 018056 gi|25 017235 017510 gi|55 
001900 72.3 020339 018058 gi|25 021479 023784 gi|55 
000537 74.5 018336 018058 gi|25 034252 034548 gi|55 
000455 74.6 018060 018331 gi|25 039717 039988 gi|42 
000316 75.8 018463 018075 gi|25 038682 039079 gi|55 
001362 72.7 020267 018233 gi|25 018434 020473 gi|55 
000279 72.0 018466 018253 gi|25 029878 030091 gi|59 
000282 66.2 018531 018257 gi|25 027829 028103 gi|55 
001329 74.8 020133 018872 gi|25 032456 033713 gi|55 
000288 74.1 019963 020194 gi|25 033878 034107 gi|42 
000291 77.3 020091 020017 gi|25 000024 000105 gi|36 
001256 71.3 020647 021445 gi|25 039202 040009 gi|42 
000386 74.5 021622 021023 gi|25 030924 031527 gi|55 
000320 76.0 021263 021064 gi|25 020537 020745 gi|55 
000530 74.5 021644 021155 gi|25 017021 017510 gi|55 
000737 74.1 022622 021351 gi|25 026834 028102 gi|55 
000279 67.6 021642 021393 gi|25 023275 023524 gi|55 
001599 72.5 021753 023650 gi|25 035675 037609 gi|42 
000884 69.9 023029 021920 gi|25 037230 038324 gi|55 
000476 74.9 023744 023386 gi|25 036493 036849 gi|55 
000397 72.6 023718 023387 gi|25 025756 026096 gi|55 
000985 72.9 024865 023952 gi|25 024621 025520 gi|55 
000908 72.1 024866 023956 gi|25 035384 036285 gi|55 
000668 72.5 023964 024717 gi|25 037923 038682 gi|42 
000418 72.9 024880 024619 gi|25 021528 021790 gi|55 
000295 76.9 024860 024623 gi|25 032303 032545 gi|55 
000322 69.1 024858 024636 gi|25 029188 029410 gi|55 
000287 75.3 024858 024774 gi|25 031169 031254 gi|59 
000271 74.6 025899 025766 gi|25 038962 039095 gi|55 
000465 71.2 026256 025770 gi|25 020167 020650 gi|55 
000276 88.2 025772 025822 gi|25 039722 039772 gi|42 
000323 71.4 026132 025776 gi|25 017154 017497 gi|55 
001579 71.7 028000 026572 gi|25 029187 030609 gi|55 
002224 72.1 028034 026574 gi|25 021514 022969 gi|55 
001719 72.0 028006 026576 gi|25 018420 019847 gi|55 
001721 73.3 027952 026594 gi|25 032352 033713 gi|55 
000467 81.5 027999 027757 gi|25 035395 035637 gi|55 
000446 80.7 028015 027757 gi|25 024613 024873 gi|55 
000359 73.3 029233 028886 gi|25 017175 017516 gi|55 
000451 70.9 029303 028892 gi|25 023357 023786 gi|55 
000408 70.2 029303 028892 gi|25 034121 034550 gi|55 
000293 74.0 029314 028892 gi|25 030972 031400 gi|55 
000274 72.4 028908 029237 gi|25 035081 035407 gi|42 
000364 75.0 029208 029061 gi|25 038773 038921 gi|55 
000259 69.9 029380 029092 gi|25 029800 030088 gi|59 
000326 73.5 029443 029093 gi|25 027749 028103 gi|55 
000321 75.3 029935 029459 gi|25 016472 016949 gi|55 
000344 74.7 040145 039762 gi|25 005595 005978 gi|75 
000487 72.4 002961 002614 gi|26 004954 005301 gi|41 
000466 67.9 003033 002726 gi|26 005994 006301 gi|54 
000256 68.9 003018 002916 gi|26 008017 008118 gi|53 
000250 77.6 003069 002918 gi|26 012991 013145 gi|43 
000653 74.3 005152 004609 gi|26 005906 006448 gi|54 
000360 69.0 005207 005063 gi|26 004738 004882 gi|41 
000289 75.3 013506 013671 gi|26 015008 015173 gi|39 
000271 85.6 013691 013588 gi|26 004679 004779 gi|73 
000266 77.4 027584 027667 gi|26 008616 008696 gi|47 
000417 77.7 034195 033711 gi|26 020390 020839 gi|46 
003039 86.4 000508 000001 gi|29 022973 023477 gi|47 
000276 88.8 001089 001001 gi|29 021963 022050 gi|47 
000648 76.3 001463 001076 gi|29 021471 021849 gi|47 
000457 85.4 001380 001516 gi|29 004487 004604 gi|45 
000423 88.6 001581 001668 gi|29 021987 022078 gi|45 
000434 91.6 001709 001603 gi|29 039647 039756 gi|52 
000347 89.6 001686 001610 gi|29 020843 020923 gi|47 
000987 74.2 004287 003791 gi|29 038307 038803 gi|52 
000252 73.2 011336 011139 gi|29 036115 036312 gi|52 
002649 92.2 011987 012432 gi|29 004932 005422 gi|68 
000254 88.9 012318 012389 gi|29 000880 000937 gi|45 
000312 79.7 014629 014751 gi|29 036066 036189 gi|75 
000265 73.5 014973 015262 gi|29 018951 019246 gi|31 
000333 74.3 014974 015343 gi|29 036402 036771 gi|75 
001154 76.9 018880 018404 gi|29 014135 014606 gi|30 
000515 78.1 025991 026104 gi|29 015351 015464 gi|68 
000366 76.6 026104 026028 gi|29 033056 033132 gi|52 
000263 75.0 026849 027020 gi|29 032791 032956 gi|30 
001237 70.5 027093 028294 gi|29 005510 006682 gi|50 
002187 70.5 029093 030383 gi|29 004394 005661 gi|51 
000328 73.6 031887 032083 gi|29 005502 005699 gi|75 
000724 87.9 035856 036004 gi|29 006588 006731 gi|45 
000517 72.1 035913 036694 gi|29 005465 006242 gi|75 
000357 92.0 036844 036893 gi|29 007713 007762 gi|45 
000497 84.3 036931 037038 gi|29 007948 008050 gi|45 
000404 85.9 008097 008160 gi|30 004658 004721 gi|45 
000889 74.1 010447 009777 gi|30 038871 039539 gi|36 
000304 72.3 013962 013685 gi|30 014766 015043 gi|55 
001034 73.8 013714 014083 gi|30 032544 032901 gi|31 
000766 78.4 019335 019169 gi|30 005846 006013 gi|68 
000498 80.8 019446 019327 gi|30 005616 005744 gi|68 
000268 72.2 032958 032844 gi|30 006766 006883 gi|50 
000294 74.9 011744 011482 gi|28 032663 032924 gi|75 
000257 75.6 011902 011821 gi|28 030217 030299 gi|39 
000399 81.7 017980 017795 gi|28 013677 013880 gi|47 
000425 89.0 017797 017905 gi|28 032182 032308 gi|65 
000596 76.7 022073 022638 gi|28 011461 012028 gi|55 
000341 71.7 022481 022600 gi|28 028939 029058 gi|60 
000444 78.2 022945 022492 gi|28 006255 006711 gi|48 
000377 77.7 022614 022494 gi|28 019759 019888 gi|74 
000387 70.7 022652 022496 gi|28 006111 006269 gi|57 
003612 80.3 028652 029326 gi|28 010272 010941 gi|32 
001903 72.0 031403 030322 gi|28 038116 039202 gi|75 
001759 79.8 033268 033692 gi|28 009662 010088 gi|32 
000278 68.2 038036 038542 gi|28 035774 036285 gi|48 
000322 76.1 001730 001242 gi|31 023540 024031 gi|45 
000837 71.5 005102 006009 gi|31 014637 015561 gi|32 
000282 71.6 005232 005590 gi|31 031288 031675 gi|52 
000270 71.8 005366 005681 gi|31 032322 032637 gi|54 
001351 87.7 006361 006572 gi|31 015704 015915 gi|62 
001174 88.0 006544 006361 gi|31 007531 007709 gi|36 
001267 89.8 006548 006372 gi|31 005353 005527 gi|38 
000477 76.7 006372 006517 gi|31 024498 024644 gi|51 
002380 71.7 008951 007579 gi|31 032823 034199 gi|40 
000555 73.2 007959 008496 gi|31 037649 038182 gi|48 
000667 72.2 007995 008886 gi|31 003134 004023 gi|38 
000385 79.2 008037 008771 gi|31 033434 034168 gi|62 
000276 73.5 009632 009782 gi|31 002571 002724 gi|62 
000672 72.1 011725 011067 gi|31 015953 016597 gi|50 
000262 72.0 011337 011177 gi|31 035159 035328 gi|45 
000640 72.2 012805 013319 gi|31 033470 033981 gi|70 
000596 73.8 012856 013371 gi|31 012161 012691 gi|75 
000281 73.6 016748 016944 gi|31 006611 006801 gi|35 
000293 76.8 018779 018625 gi|31 025581 025741 gi|36 
000293 72.6 019111 018637 gi|31 013524 013995 gi|75 
000507 73.7 018913 019334 gi|31 036363 036782 gi|75 
000437 68.4 018919 019282 gi|31 008728 009096 gi|35 
000574 73.0 019121 018948 gi|31 025242 025415 gi|36 
000293 81.4 019735 019639 gi|31 030016 030110 gi|33 
000270 82.0 019824 019764 gi|31 015484 015542 gi|49 
000822 84.8 020061 019911 gi|31 030041 030192 gi|33 
003859 74.6 025899 027922 gi|31 029363 031433 gi|70 
000404 75.2 032949 032599 gi|31 014619 014962 gi|55 
000690 75.1 036920 037252 gi|31 015938 016295 gi|57 
000337 81.2 036956 037200 gi|31 019446 019703 gi|57 
000293 79.8 006093 006015 gi|32 002836 002914 gi|66 
001823 84.0 013959 014352 gi|32 013733 014120 gi|37 
000268 80.3 015071 014925 gi|32 038026 038175 gi|73 
014204 91.3 015994 017907 gi|32 022371 024290 gi|69 
001826 81.5 021675 022091 gi|32 024204 024625 gi|69 
001958 87.2 022182 022649 gi|32 025159 025669 gi|69 
001131 82.2 022301 022620 gi|32 029010 029345 gi|68 
000273 79.2 022315 022617 gi|32 028469 028791 gi|68 
015125 92.2 024726 026737 gi|32 027856 029864 gi|69 
002109 74.1 026073 025340 gi|32 011386 012137 gi|68 
000250 87.5 035547 035586 gi|32 022612 022650 gi|45 
000272 87.7 038240 038184 gi|32 026473 026533 gi|44 
000466 71.7 029697 029486 gi|33 013583 013797 gi|51 
000355 74.4 000516 000009 gi|36 033494 034013 gi|42 
000253 74.2 000040 000163 gi|36 018632 018754 gi|55 
001311 87.7 007710 007500 gi|36 015703 015914 gi|62 
001238 86.8 007500 007711 gi|36 005325 005540 gi|38 
000623 78.1 007707 007539 gi|36 024489 024667 gi|51 
000268 94.9 007661 007699 gi|36 024499 024536 gi|51 
001504 72.6 008505 007746 gi|36 032186 032938 gi|44 
000401 76.2 007771 008072 gi|36 008622 008922 gi|53 
001090 71.2 007778 008457 gi|36 001487 002158 gi|50 
000454 75.6 007961 008382 gi|36 001021 001433 gi|72 
000582 79.1 008250 007964 gi|36 000156 000441 gi|71 
000432 76.4 007964 008107 gi|36 031573 031720 gi|65 
000370 77.7 007964 008093 gi|36 008019 008148 gi|53 
000542 73.8 008526 009269 gi|36 006007 006791 gi|55 
000260 78.0 008858 008641 gi|36 034815 035034 gi|44 
000326 78.3 008993 008685 gi|36 034008 034316 gi|44 
000415 74.0 009533 009817 gi|36 007064 007360 gi|55 
000487 75.8 019235 019895 gi|36 035925 036585 gi|64 
000400 71.7 019277 019895 gi|36 018960 019578 gi|75 
000591 70.2 019305 019911 gi|36 021256 021862 gi|63 
000407 71.9 022786 023177 gi|36 000903 001300 gi|72 
000362 76.1 022808 022995 gi|36 011676 011860 gi|66 
000253 82.2 022906 022995 gi|36 024125 024214 gi|62 
000357 73.5 025452 025242 gi|36 036361 036571 gi|75 
002317 70.8 027268 028530 gi|36 031941 033202 gi|54 
001228 74.0 027305 028199 gi|36 031110 031994 gi|52 
000878 73.5 028107 027400 gi|36 037722 038423 gi|73 
000803 75.2 027400 028205 gi|36 009544 010340 gi|68 
000277 76.9 028798 028734 gi|36 003264 003328 gi|65 
000291 77.1 028876 028993 gi|36 001271 001383 gi|67 
000357 76.0 029108 028905 gi|36 003110 003328 gi|65 
000250 72.5 031863 031628 gi|36 021771 021998 gi|57 
000297 79.4 033003 032795 gi|36 011534 011745 gi|52 
000560 75.4 033449 033080 gi|36 003024 003401 gi|72 
000401 71.3 033450 033197 gi|36 006909 007162 gi|75 
000286 75.0 033328 033197 gi|36 020209 020340 gi|57 
000256 81.1 006819 006730 gi|35 026962 027055 gi|36 
000411 73.8 008864 008377 gi|35 025306 025780 gi|36 
000262 76.9 010552 010629 gi|35 039498 039569 gi|50 
000956 71.9 023897 023500 gi|35 012574 012976 gi|39 
000256 73.5 030337 030191 gi|35 019411 019557 gi|36 
000730 72.2 007915 007279 gi|34 003302 003938 gi|49 
000308 80.1 013901 014091 gi|34 037251 037445 gi|50 
000803 76.6 017167 016869 gi|34 017235 017531 gi|37 
000685 76.0 004660 004486 gi|37 009073 009247 gi|52 
000305 84.7 034425 034574 gi|37 019130 019268 gi|70 
000561 76.7 001703 002397 gi|40 025048 025754 gi|53 
000327 72.2 001872 001711 gi|40 014030 014188 gi|57 
000324 69.0 002691 002473 gi|40 013210 013432 gi|57 
000318 75.3 003419 003173 gi|40 011357 011603 gi|61 
000680 70.2 018065 017650 gi|40 009956 010365 gi|55 
000661 73.4 019087 018531 gi|40 008905 009445 gi|55 
000303 70.3 019462 019194 gi|40 013602 013871 gi|74 
000408 71.5 033768 033271 gi|40 037699 038190 gi|48 
000283 72.5 033412 033734 gi|40 037143 037464 gi|45 
000345 70.1 033746 033486 gi|40 033432 033692 gi|62 
000491 74.9 035767 036065 gi|40 015090 015406 gi|58 
000644 69.7 002912 004025 gi|38 037457 038571 gi|48 
000642 73.2 003056 003899 gi|38 033310 034156 gi|62 
000667 70.4 003903 003064 gi|38 033009 033860 gi|40 
000495 73.0 004039 003121 gi|38 036613 037532 gi|45 
000759 83.0 005549 005297 gi|38 024468 024719 gi|51 
001631 97.8 005538 005359 gi|38 015704 015883 gi|62 
000359 83.3 012009 011932 gi|38 031753 031831 gi|56 
000890 71.2 012206 013538 gi|38 017771 019089 gi|46 
000359 81.7 015981 015889 gi|38 031730 031815 gi|56 
000434 75.5 037099 036900 gi|38 010835 011034 gi|47 
000347 75.2 037695 037470 gi|38 010239 010464 gi|47 
000279 74.5 000623 000170 gi|41 010010 010471 gi|58 
000586 68.8 004800 005412 gi|41 005912 006521 gi|54 
000265 73.8 024306 024427 gi|41 033107 033228 gi|48 
002248 82.3 036330 036890 gi|41 021750 022400 gi|66 
000496 76.8 002010 002667 gi|39 004894 005533 gi|57 
000253 77.5 003837 003709 gi|39 037921 038048 gi|72 
000270 72.6 012671 012765 gi|39 038426 038520 gi|60 
000252 76.7 028276 028348 gi|39 017508 017580 gi|60 
000270 81.3 029119 028895 gi|39 027694 027921 gi|42 
000966 71.3 030951 030017 gi|39 033766 034740 gi|60 
002008 73.7 030050 030944 gi|39 031692 032578 gi|60 
000264 75.0 002543 002646 gi|42 005449 005549 gi|74 
001687 75.1 019628 020429 gi|42 012228 013032 gi|64 
000520 69.3 020097 019629 gi|42 023646 024122 gi|43 
000675 77.4 019944 020429 gi|42 019565 020050 gi|64 
001395 71.4 027454 026550 gi|42 028615 029517 gi|67 
000447 74.6 027929 027678 gi|42 018122 018370 gi|60 
000254 78.9 028531 028461 gi|42 017532 017608 gi|60 
000284 77.7 029148 029344 gi|42 035352 035540 gi|65 
001373 72.3 029196 030285 gi|42 021732 022818 gi|50 
000628 69.9 029887 030324 gi|42 000003 000443 gi|54 
000498 71.7 034217 033847 gi|42 018383 018767 gi|55 
000340 75.1 034158 033854 gi|42 032334 032638 gi|55 
000325 72.0 034188 033864 gi|42 035394 035712 gi|55 
000374 69.4 034185 033944 gi|42 029190 029425 gi|55 
000503 82.1 034149 033949 gi|42 021585 021782 gi|55 
000336 71.2 034188 033953 gi|42 024630 024862 gi|55 
001588 71.3 036779 034557 gi|42 026599 028815 gi|55 
000257 72.0 034711 034605 gi|42 021011 021123 gi|55 
000375 77.1 035343 035065 gi|42 017238 017510 gi|55 
000251 77.0 035147 035074 gi|42 023703 023777 gi|55 
000251 77.0 035147 035074 gi|42 034467 034541 gi|55 
000264 70.4 035370 035300 gi|42 038784 038854 gi|55 
000961 73.8 036915 035865 gi|42 037260 038301 gi|55 
000737 74.1 038830 037324 gi|42 035394 036846 gi|55 
000614 71.8 038830 037329 gi|42 024630 026092 gi|55 
000453 70.8 038829 038498 gi|42 021544 021878 gi|55 
000486 74.1 040138 039587 gi|42 020223 020777 gi|55 
000431 75.9 040002 039658 gi|42 034243 034599 gi|55 
000415 76.8 040002 039658 gi|42 023479 023835 gi|55 
000324 74.2 039795 039707 gi|42 028222 028313 gi|55 
000417 77.2 040123 039716 gi|42 030987 031397 gi|55 
000299 76.7 039887 039716 gi|42 017357 017507 gi|55 
000303 73.5 008682 008528 gi|47 001301 001452 gi|67 
000391 81.8 013911 013742 gi|47 037824 038018 gi|62 
000296 80.7 013928 013743 gi|47 032120 032308 gi|65 
000490 85.3 020820 020921 gi|47 039640 039744 gi|52 
000264 84.7 021910 021839 gi|47 034387 034456 gi|69 
001565 72.9 031024 030133 gi|47 034275 035172 gi|64 
000336 75.0 035657 035022 gi|47 033985 034590 gi|67 
000473 75.7 002516 001965 gi|43 017762 018332 gi|48 
000411 72.4 002516 002013 gi|43 010010 010531 gi|48 
000279 81.3 002429 002339 gi|43 008797 008899 gi|53 
000469 70.6 005187 004763 gi|43 011263 011684 gi|75 
000346 76.2 012967 013475 gi|43 003103 003623 gi|72 
000263 74.1 012988 013157 gi|43 000964 001134 gi|72 
000294 72.5 013002 013471 gi|43 017821 018281 gi|48 
000261 75.7 013037 013147 gi|43 024112 024222 gi|62 
000295 81.8 013059 013146 gi|43 008027 008117 gi|53 
000354 79.1 013061 013471 gi|43 010119 010529 gi|48 
000259 71.6 013398 013471 gi|43 020777 020850 gi|46 
000259 70.9 013420 013505 gi|43 024503 024589 gi|62 
000318 71.6 016346 016136 gi|43 018096 018306 gi|60 
000365 73.8 017313 017123 gi|43 027838 028027 gi|55 
000409 71.1 024087 023323 gi|43 012252 013025 gi|64 
000262 73.7 023531 023323 gi|43 019836 020043 gi|64 
000655 70.8 025060 024485 gi|43 001340 001909 gi|64 
000378 75.5 006547 006709 gi|48 019726 019888 gi|74 
000473 71.1 006709 006561 gi|48 028952 029100 gi|60 
000436 74.4 006700 006584 gi|48 011892 012009 gi|55 
000355 75.0 006612 006711 gi|48 006174 006272 gi|57 
000570 72.9 010470 009780 gi|48 000068 000749 gi|71 
000286 84.1 010123 010210 gi|48 029630 029717 gi|75 
000639 72.2 018137 017645 gi|48 000165 000651 gi|71 
000311 70.7 017651 018313 gi|48 013212 013865 gi|65 
000389 75.2 031433 032269 gi|48 039203 040049 gi|64 
000521 72.0 037749 038506 gi|48 033460 034217 gi|62 
000288 75.9 038009 038178 gi|48 015654 015820 gi|71 
000619 89.9 000454 000552 gi|45 009381 009478 gi|68 
000271 96.8 000880 000910 gi|45 005289 005319 gi|68 
000326 71.1 001225 001383 gi|45 038165 038322 gi|46 
000561 74.9 001617 001228 gi|45 007339 007725 gi|52 
000324 77.5 003750 003653 gi|45 022872 022979 gi|47 
001874 74.5 010198 009476 gi|45 016601 017334 gi|63 
000438 80.0 010775 010904 gi|45 003272 003420 gi|65 
000749 72.4 014707 014299 gi|45 032193 032606 gi|57 
000762 72.2 015509 015122 gi|45 031412 031807 gi|57 
000302 86.4 022078 021991 gi|45 039685 039774 gi|52 
001369 69.9 037893 036616 gi|45 033012 034292 gi|62 
000581 74.5 037296 036631 gi|45 037904 038566 gi|48 
001828 74.6 015280 016099 gi|46 001469 002288 gi|49 
001901 69.9 031939 031080 gi|46 018405 019263 gi|61 
000461 69.9 035784 035323 gi|46 017064 017534 gi|61 
001476 72.9 036940 036144 gi|46 019368 020160 gi|61 
000336 74.8 038652 038156 gi|46 007241 007735 gi|52 
007002 73.2 006930 003739 gi|44 029869 033079 gi|61 
000446 78.4 003827 004252 gi|44 019920 020329 gi|72 
005894 72.8 011145 013975 gi|44 000960 003781 gi|52 
001742 74.3 015850 014866 gi|44 015211 016194 gi|47 
000396 79.0 015118 014895 gi|44 014772 014995 gi|47 
001024 73.7 015853 015204 gi|44 014085 014732 gi|47 
000259 81.8 017320 017178 gi|44 006382 006510 gi|70 
000270 73.2 030705 030786 gi|44 039277 039363 gi|53 
001480 71.9 032884 032213 gi|44 001513 002184 gi|50 
000270 69.3 032347 032260 gi|44 020619 020706 gi|62 
000384 73.1 032293 032746 gi|44 000011 000467 gi|71 
000476 72.7 032848 032442 gi|44 000896 001303 gi|72 
000385 69.8 032916 032606 gi|44 007824 008131 gi|53 
000434 73.2 032802 032609 gi|44 031488 031684 gi|65 
000328 74.1 032801 032613 gi|44 011690 011876 gi|66 
000267 71.3 032735 032621 gi|44 005995 006111 gi|54 
000442 80.0 032720 032626 gi|44 008812 008906 gi|53 
000256 70.0 034313 034054 gi|44 006166 006429 gi|55 
000306 78.2 034884 034738 gi|44 002457 002610 gi|50 
000309 79.6 011173 011363 gi|52 007931 008115 gi|53 
000284 76.9 011621 011741 gi|52 020621 020741 gi|62 
000548 73.3 015492 014623 gi|52 008057 008938 gi|58 
001162 73.2 031056 032326 gi|52 009400 010663 gi|68 
000876 71.3 031060 032297 gi|52 031931 033171 gi|54 
001402 72.3 032297 031118 gi|52 037333 038508 gi|73 
001991 75.9 033315 032814 gi|52 015205 015706 gi|68 
000427 75.7 032816 033115 gi|52 022424 022722 gi|70 
000822 75.5 033430 033768 gi|52 022983 023312 gi|70 
000952 76.0 033765 033533 gi|52 014893 015125 gi|68 
000335 71.1 034363 034756 gi|52 028516 028911 gi|63 
000652 74.2 014180 015130 gi|51 026763 027704 gi|74 
000286 72.9 019233 019553 gi|51 026209 026523 gi|74 
000592 75.7 022435 022763 gi|51 036131 036461 gi|54 
000670 78.8 024489 024644 gi|51 015706 015858 gi|62 
000253 79.3 025950 026065 gi|51 028561 028689 gi|57 
000290 80.0 026393 026502 gi|51 029004 029116 gi|57 
000286 75.8 027115 027304 gi|51 029729 029918 gi|57 
000336 70.3 003118 003228 gi|54 029650 029760 gi|73 
000264 73.3 006012 006112 gi|54 001024 001124 gi|72 
000385 69.4 008456 008215 gi|54 029588 029825 gi|73 
000579 72.4 032526 031987 gi|54 037975 038507 gi|73 
000711 71.2 032067 032660 gi|54 009537 010120 gi|68 
000698 73.0 001090 000003 gi|53 033512 034608 gi|61 
001593 75.5 000552 000009 gi|53 010382 010925 gi|72 
000577 72.2 001077 000744 gi|53 009861 010196 gi|72 
000340 71.9 008455 007940 gi|53 000026 000526 gi|71 
000357 76.1 008019 008110 gi|53 031573 031664 gi|65 
000356 82.3 008033 008117 gi|53 011783 011867 gi|66 
000285 84.3 008034 008116 gi|53 024138 024220 gi|62 
000312 72.8 008607 008904 gi|53 031361 031665 gi|65 
000280 74.4 008794 008910 gi|53 001006 001122 gi|72 
000271 79.8 008813 008911 gi|53 003188 003286 gi|72 
001429 74.4 013872 012535 gi|53 023160 024476 gi|74 
000278 67.1 026110 025616 gi|53 013150 013640 gi|57 
000423 77.0 001417 001773 gi|50 007768 008115 gi|53 
000443 74.1 001481 001801 gi|50 031381 031696 gi|65 
000371 73.9 001568 002245 gi|50 000913 001598 gi|72 
000338 71.4 001599 002074 gi|50 024042 024523 gi|62 
000573 75.4 002108 001645 gi|50 000007 000468 gi|71 
000383 79.6 001669 001771 gi|50 006004 006106 gi|54 
000328 71.4 001677 001774 gi|50 008812 008909 gi|53 
000269 77.4 001692 001775 gi|50 007086 007169 gi|75 
000274 74.0 001967 002216 gi|50 027318 027566 gi|62 
000657 74.9 004011 004309 gi|50 011894 012198 gi|56 
000341 71.0 008347 007865 gi|50 005614 006099 gi|67 
001116 71.6 010572 009134 gi|50 003202 004690 gi|67 
000258 74.6 011721 011024 gi|50 006962 007656 gi|67 
000342 72.8 012380 012256 gi|50 006332 006457 gi|67 
000541 74.8 022011 022724 gi|50 035728 036433 gi|65 
000480 69.2 022430 022818 gi|50 000013 000401 gi|54 
000563 73.3 023669 024440 gi|50 036582 037355 gi|65 
000403 74.0 023782 024462 gi|50 025456 026119 gi|60 
000547 69.2 025842 026402 gi|50 005716 006279 gi|64 
001935 71.4 000062 001449 gi|55 035621 037022 gi|71 
000897 70.8 010830 011124 gi|55 002681 002978 gi|68 
000480 75.7 011992 011878 gi|55 019780 019894 gi|74 
000328 74.0 011990 011887 gi|55 006165 006268 gi|57 
000590 79.1 011893 012079 gi|55 028961 029139 gi|60 
000403 73.3 017078 017500 gi|55 029847 030293 gi|59 
000373 73.6 023209 023776 gi|55 029731 030293 gi|59 
000283 72.0 027813 027912 gi|55 029797 029896 gi|59 
000286 79.4 028240 028307 gi|55 030236 030303 gi|59 
000264 71.7 029185 029276 gi|55 031166 031253 gi|59 
000444 77.9 030924 031494 gi|55 029815 030397 gi|59 
000351 73.8 033973 034540 gi|55 029731 030293 gi|59 
000251 83.3 039035 039088 gi|55 030240 030298 gi|59 
000943 72.5 005885 005184 gi|59 001207 001902 gi|62 
000252 84.5 017929 017827 gi|60 006633 006729 gi|66 
000253 81.5 024593 024646 gi|60 006795 006849 gi|72 
000449 71.8 029138 028951 gi|60 019693 019889 gi|74 
001023 72.2 009538 010485 gi|58 031688 032641 gi|71 
001317 70.9 038787 039691 gi|58 000001 000890 gi|65 
000750 71.0 010089 009666 gi|56 025500 025926 gi|58 
002162 73.3 030725 029796 gi|56 000001 000918 gi|65 
001841 71.8 031025 029927 gi|56 038487 039600 gi|58 
001047 76.4 031033 030737 gi|56 039840 040135 gi|58 
000255 75.7 007273 007089 gi|57 011675 011868 gi|66 
001297 72.4 020131 021000 gi|57 003069 003932 gi|72 
001299 70.6 020135 020715 gi|57 006957 007537 gi|75 
000399 75.1 020155 021038 gi|57 029515 030392 gi|75 
000316 70.1 020804 021117 gi|57 004755 005068 gi|72 
001011 73.3 021662 022618 gi|57 004621 005583 gi|72 
000271 70.7 021772 022051 gi|57 030116 030419 gi|75 
000846 76.8 023623 023249 gi|57 023908 024288 gi|60 
000301 71.8 038000 038613 gi|57 012329 012972 gi|74 
001580 70.7 040147 039161 gi|57 034430 035416 gi|61 
001030 74.7 040017 039204 gi|57 010886 011708 gi|72 
000256 76.5 000684 000802 gi|61 008336 008454 gi|62 
000254 80.6 001605 001676 gi|61 009171 009245 gi|62 
000414 81.0 032659 032412 gi|61 020241 020482 gi|72 
000985 71.3 034373 035279 gi|61 010699 011614 gi|72 
000322 73.3 003336 003221 gi|65 001291 001402 gi|67 
000260 72.5 031682 031428 gi|65 038743 038997 gi|70 
000337 72.5 031432 032074 gi|65 000889 001528 gi|72 
000340 75.1 031754 031438 gi|65 000264 000576 gi|71 
000256 71.0 006260 005896 gi|66 012260 012626 gi|71 
000307 76.3 011926 011788 gi|66 000284 000418 gi|71 
000310 68.1 031400 031562 gi|66 022090 022253 gi|75 
003069 82.5 009181 008416 gi|63 031659 032444 gi|69 
001522 68.9 021062 022014 gi|63 035801 036753 gi|64 
001039 68.7 021324 021981 gi|63 019055 019707 gi|75 
000368 74.8 022417 022718 gi|63 020097 020398 gi|75 
000315 80.9 022972 023039 gi|63 020649 020719 gi|75 
000252 93.6 030671 030717 gi|63 032571 032613 gi|70 
000364 72.0 008700 008329 gi|62 016630 017004 gi|65 
000252 78.0 009575 009467 gi|62 015691 015793 gi|65 
000508 75.5 020114 020337 gi|62 000898 001118 gi|72 
000356 72.2 024030 024600 gi|62 000934 001500 gi|72 
000488 73.4 024061 024537 gi|62 011693 012180 gi|66 
000273 72.7 024295 024175 gi|62 000269 000389 gi|71 
000656 70.7 010090 010539 gi|64 034392 034874 gi|66 
001343 70.2 035831 036657 gi|64 018824 019659 gi|75 
000439 75.1 037610 037818 gi|64 020578 020784 gi|75 
000554 75.9 012561 011839 gi|71 002858 003575 gi|75 
001124 72.4 024288 023453 gi|71 000390 001207 gi|75 
001099 73.0 003016 003718 gi|72 006900 007603 gi|75 
000351 69.0 004716 004992 gi|72 030110 030395 gi|75 
000356 76.0 026873 026486 gi|72 007504 007876 gi|74 
000547 75.1 027828 027178 gi|72 006534 007175 gi|74 
000567 71.0 029091 028771 gi|72 007533 007853 gi|74 
000762 72.1 038024 037250 gi|72 032488 033268 gi|75 
002049 72.8 009130 008316 gi|68 014093 014911 gi|71 
000795 71.9 010100 009520 gi|68 037861 038447 gi|73 
002210 75.8 012137 011385 gi|68 028470 029204 gi|69 
000624 73.3 015059 014884 gi|68 023143 023318 gi|70 
000255 70.0 015535 015406 gi|68 022595 022721 gi|70 
000649 73.0 016521 016148 gi|68 021507 021873 gi|70 
003583 74.5 018508 016658 gi|68 019618 021424 gi|70 
027206 77.6 024646 018480 gi|68 012471 018687 gi|70 
000513 73.5 025549 025275 gi|68 011316 011638 gi|70 
002962 77.8 028421 027738 gi|68 009456 010137 gi|70 
000359 80.7 028501 028873 gi|68 025331 025717 gi|69 
000498 79.2 029011 029342 gi|68 025284 025626 gi|69 
008372 73.0 033146 029437 gi|68 005691 009399 gi|70 
003766 74.3 034656 033499 gi|68 004466 005655 gi|70 
001186 74.2 035442 034877 gi|68 003832 004384 gi|70 
008304 73.4 039971 037213 gi|68 000965 003731 gi|70 
000433 75.0 016653 016900 gi|69 022146 022388 gi|70 
002078 72.3 033123 034096 gi|70 011769 012730 gi|75 
000320 91.1 034499 034554 gi|70 013264 013319 gi|75 
