000309 68.5 004789 004912 gi|6 005445 005565 gi|14 
000494 72.2 005262 005696 gi|6 005849 006286 gi|14 
001116 75.3 009099 009682 gi|6 012364 012949 gi|23 
000253 73.3 015467 015586 gi|6 039268 039387 gi|15 
000253 75.9 017758 017902 gi|6 026905 027049 gi|21 
001058 72.7 023355 024018 gi|6 028272 028932 gi|12 
000926 76.6 023436 024024 gi|6 025448 026030 gi|31 
001968 72.3 025429 026983 gi|6 008762 010310 gi|17 
000282 73.7 030500 030742 gi|6 028996 029238 gi|31 
000391 66.5 030512 030875 gi|6 033137 033500 gi|28 
000494 71.3 033110 033301 gi|6 005743 005934 gi|8 
000552 90.5 037872 038112 gi|6 013450 013629 gi|12 
000651 95.2 038109 037924 gi|6 014773 014902 gi|12 
000258 88.7 002636 002706 gi|5 024066 024133 gi|26 
000354 78.3 003528 003610 gi|5 029311 029394 gi|11 
000953 74.1 015479 014299 gi|5 007816 008999 gi|6 
000685 72.2 018814 019382 gi|5 039224 039795 gi|15 
000357 72.3 019416 019056 gi|5 034594 034939 gi|26 
000827 79.4 021165 020724 gi|5 037133 037563 gi|31 
000344 75.9 032772 032279 gi|5 011553 012049 gi|10 
000254 83.8 014690 014794 gi|4 039901 039997 gi|30 
000305 80.3 019379 019647 gi|4 028611 028857 gi|6 
000261 76.3 019518 019614 gi|4 019188 019282 gi|5 
000371 77.7 019519 019666 gi|4 015811 015957 gi|6 
000268 80.4 020570 020661 gi|4 010572 010660 gi|24 
000320 77.3 033103 033007 gi|4 015626 015722 gi|26 
000780 75.6 034283 034949 gi|4 011543 012222 gi|10 
000713 76.0 034859 034307 gi|4 032201 032759 gi|5 
000306 77.8 037859 037966 gi|4 032281 032388 gi|11 
000304 68.2 001104 001364 gi|2 036675 036937 gi|27 
003869 75.0 007271 005710 gi|1 026433 027989 gi|10 
000252 84.6 006780 006729 gi|1 020147 020202 gi|23 
001097 72.5 008121 007493 gi|1 024577 025202 gi|10 
000345 85.9 016555 016372 gi|1 024592 024772 gi|13 
000357 85.7 016554 016408 gi|1 021719 021853 gi|8 
000308 82.5 016537 016424 gi|1 024237 024338 gi|10 
000290 84.9 016537 016452 gi|1 023224 023298 gi|13 
004208 72.6 035038 037320 gi|1 016749 019058 gi|10 
000365 71.8 036141 036512 gi|1 019511 019864 gi|10 
001433 71.3 037662 038902 gi|1 019394 020631 gi|10 
000441 79.4 005656 005942 gi|11 013869 014153 gi|24 
000367 72.8 017655 017318 gi|11 039016 039353 gi|26 
000940 81.1 028269 028480 gi|11 006861 007065 gi|31 
000361 76.8 028625 028822 gi|11 006938 007149 gi|31 
000778 88.3 029121 029283 gi|11 006999 007156 gi|31 
000333 73.5 029327 029477 gi|11 006999 007157 gi|31 
000318 80.6 029471 029578 gi|11 007256 007355 gi|31 
000310 82.6 029830 029898 gi|11 007261 007329 gi|31 
001997 74.8 037502 036182 gi|11 030781 032128 gi|26 
001155 70.5 036539 037611 gi|11 034497 035581 gi|13 
000397 71.5 031149 031646 gi|7 005964 006464 gi|26 
000275 75.3 039966 039752 gi|7 033206 033424 gi|22 
000348 82.8 001495 001581 gi|10 032282 032374 gi|11 
000283 79.7 007457 007320 gi|10 026860 027002 gi|22 
000271 84.9 007459 007387 gi|10 039923 039991 gi|30 
000279 93.5 007388 007479 gi|10 012675 012754 gi|26 
000363 83.3 024214 024405 gi|10 024593 024786 gi|13 
000295 87.0 024237 024282 gi|10 023224 023269 gi|13 
001182 73.7 015176 016393 gi|12 030548 031790 gi|17 
000280 72.1 026510 026939 gi|12 033462 033903 gi|24 
000473 72.0 028349 028795 gi|12 025449 025889 gi|31 
000278 72.4 037268 037164 gi|12 026347 026448 gi|20 
000459 71.9 008694 008864 gi|8 014459 014644 gi|22 
000389 84.9 021668 021806 gi|8 023155 023300 gi|13 
000358 84.2 021699 021907 gi|8 024582 024787 gi|13 
000335 85.7 021712 021809 gi|8 024216 024312 gi|10 
000311 74.2 029604 029785 gi|8 032569 032750 gi|22 
000518 73.1 037332 037576 gi|8 037677 037920 gi|20 
000541 69.6 014181 014387 gi|15 008611 008817 gi|18 
002087 70.9 018215 019158 gi|15 023069 024009 gi|26 
000428 72.8 023026 022337 gi|15 001946 002647 gi|17 
000481 76.0 028242 028740 gi|15 013247 013745 gi|16 
000292 81.7 036221 036129 gi|15 039916 040016 gi|30 
000425 70.0 037790 037621 gi|15 007331 007503 gi|28 
002016 70.5 016544 015516 gi|14 003683 004739 gi|21 
000530 79.3 016758 016537 gi|14 003387 003603 gi|21 
000407 74.2 016883 016737 gi|14 003173 003319 gi|21 
000286 71.3 034473 034164 gi|14 000020 000323 gi|24 
000356 75.2 007337 008596 gi|17 007879 009096 gi|26 
000265 74.6 014232 013364 gi|13 032083 032963 gi|18 
000496 71.4 017367 017165 gi|13 017071 017273 gi|21 
000265 78.2 026780 026488 gi|13 022062 022351 gi|26 
001260 71.0 035678 034493 gi|13 030561 031763 gi|26 
000301 72.0 005881 005732 gi|16 015773 015926 gi|21 
000253 78.5 012503 012397 gi|16 026318 026428 gi|17 
002157 73.8 018612 017294 gi|16 021211 022535 gi|21 
001586 75.1 027778 028762 gi|16 008114 009062 gi|21 
000886 70.7 028098 027778 gi|16 016013 016337 gi|21 
001271 73.3 028227 029025 gi|16 008740 009583 gi|21 
000323 73.8 028593 028411 gi|16 015551 015727 gi|21 
000392 70.8 029047 028419 gi|16 015304 015905 gi|21 
000437 79.8 028714 028951 gi|16 008614 008873 gi|21 
000273 74.6 028941 028808 gi|16 015583 015713 gi|21 
003118 72.3 038551 037224 gi|16 020704 022045 gi|23 
000334 80.5 017528 017655 gi|24 006087 006215 gi|30 
000315 78.7 000681 000816 gi|21 020165 020304 gi|23 
000667 73.0 018437 017850 gi|21 010333 010908 gi|28 
000289 82.7 027103 026856 gi|22 012534 012746 gi|26 
000251 87.7 026870 026991 gi|22 039933 040052 gi|30 
000267 75.6 033135 033400 gi|28 029004 029271 gi|31 
000263 79.6 012804 012638 gi|26 039830 040036 gi|30 
000279 78.1 034600 034814 gi|26 033610 033827 gi|28 
