

Building a new DB, current time: 02/25/2024 23:16:29
New DB name:   /Users/macvbookpro/PycharmProjects/repeatmodeler/RM_5058.SunFeb252315302024/round-1/sampleDB-1.fa
New DB title:  /Users/macvbookpro/PycharmProjects/repeatmodeler/RM_5058.SunFeb252315302024/round-1/sampleDB-1.fa
Sequence type: Nucleotide
Keep MBits: T
Maximum file size: 3000000000B
Adding sequences from FASTA; added 85 sequences in 0.0241091 seconds.




Building a new DB, current time: 02/25/2024 23:16:29
New DB name:   /Users/macvbookpro/PycharmProjects/repeatmodeler/RM_5058.SunFeb252315302024/round-1/consensi.fa
New DB title:  /Users/macvbookpro/PycharmProjects/repeatmodeler/RM_5058.SunFeb252315302024/round-1/consensi.fa
Sequence type: Nucleotide
Keep MBits: T
Maximum file size: 3000000000B
Adding sequences from FASTA; added 32 sequences in 0.182439 seconds.




Building a new DB, current time: 02/25/2024 23:16:31
New DB name:   /Users/macvbookpro/PycharmProjects/repeatmodeler/RM_5058.SunFeb252315302024/round-1/family-0.fa
New DB title:  /Users/macvbookpro/PycharmProjects/repeatmodeler/RM_5058.SunFeb252315302024/round-1/family-0.fa
Sequence type: Nucleotide
Keep MBits: T
Maximum file size: 3000000000B
Adding sequences from FASTA; added 100 sequences in 0.00333285 seconds.




Building a new DB, current time: 02/25/2024 23:16:32
New DB name:   /Users/macvbookpro/PycharmProjects/repeatmodeler/RM_5058.SunFeb252315302024/round-1/family-0-cons-2.fa
New DB title:  /Users/macvbookpro/PycharmProjects/repeatmodeler/RM_5058.SunFeb252315302024/round-1/family-0-cons-2.fa
Sequence type: Nucleotide
Keep MBits: T
Maximum file size: 3000000000B
Adding sequences from FASTA; added 1 sequences in 0.000259876 seconds.




Building a new DB, current time: 02/25/2024 23:16:32
New DB name:   /Users/macvbookpro/PycharmProjects/repeatmodeler/RM_5058.SunFeb252315302024/round-1/family-0-cons-3.fa
New DB title:  /Users/macvbookpro/PycharmProjects/repeatmodeler/RM_5058.SunFeb252315302024/round-1/family-0-cons-3.fa
Sequence type: Nucleotide
Keep MBits: T
Maximum file size: 3000000000B
Adding sequences from FASTA; added 1 sequences in 0.000266075 seconds.




Building a new DB, current time: 02/25/2024 23:16:33
New DB name:   /Users/macvbookpro/PycharmProjects/repeatmodeler/RM_5058.SunFeb252315302024/round-1/family-0-cons-4.fa
New DB title:  /Users/macvbookpro/PycharmProjects/repeatmodeler/RM_5058.SunFeb252315302024/round-1/family-0-cons-4.fa
Sequence type: Nucleotide
Keep MBits: T
Maximum file size: 3000000000B
Adding sequences from FASTA; added 1 sequences in 0.000259876 seconds.




Building a new DB, current time: 02/25/2024 23:16:33
New DB name:   /Users/macvbookpro/PycharmProjects/repeatmodeler/RM_5058.SunFeb252315302024/round-1/family-1.fa
New DB title:  /Users/macvbookpro/PycharmProjects/repeatmodeler/RM_5058.SunFeb252315302024/round-1/family-1.fa
Sequence type: Nucleotide
Keep MBits: T
Maximum file size: 3000000000B
Adding sequences from FASTA; added 100 sequences in 0.00219488 seconds.




Building a new DB, current time: 02/25/2024 23:16:34
New DB name:   /Users/macvbookpro/PycharmProjects/repeatmodeler/RM_5058.SunFeb252315302024/round-1/family-1-cons-2.fa
New DB title:  /Users/macvbookpro/PycharmProjects/repeatmodeler/RM_5058.SunFeb252315302024/round-1/family-1-cons-2.fa
Sequence type: Nucleotide
Keep MBits: T
Maximum file size: 3000000000B
Adding sequences from FASTA; added 1 sequences in 0.000260115 seconds.




Building a new DB, current time: 02/25/2024 23:16:34
New DB name:   /Users/macvbookpro/PycharmProjects/repeatmodeler/RM_5058.SunFeb252315302024/round-1/family-1-cons-3.fa
New DB title:  /Users/macvbookpro/PycharmProjects/repeatmodeler/RM_5058.SunFeb252315302024/round-1/family-1-cons-3.fa
Sequence type: Nucleotide
Keep MBits: T
Maximum file size: 3000000000B
Adding sequences from FASTA; added 1 sequences in 0.000262976 seconds.




Building a new DB, current time: 02/25/2024 23:16:34
New DB name:   /Users/macvbookpro/PycharmProjects/repeatmodeler/RM_5058.SunFeb252315302024/round-1/family-1-cons-4.fa
New DB title:  /Users/macvbookpro/PycharmProjects/repeatmodeler/RM_5058.SunFeb252315302024/round-1/family-1-cons-4.fa
Sequence type: Nucleotide
Keep MBits: T
Maximum file size: 3000000000B
Adding sequences from FASTA; added 1 sequences in 0.000275135 seconds.




Building a new DB, current time: 02/25/2024 23:16:35
New DB name:   /Users/macvbookpro/PycharmProjects/repeatmodeler/RM_5058.SunFeb252315302024/round-1/family-2.fa
New DB title:  /Users/macvbookpro/PycharmProjects/repeatmodeler/RM_5058.SunFeb252315302024/round-1/family-2.fa
Sequence type: Nucleotide
Keep MBits: T
Maximum file size: 3000000000B
Adding sequences from FASTA; added 100 sequences in 0.00216508 seconds.




Building a new DB, current time: 02/25/2024 23:16:36
New DB name:   /Users/macvbookpro/PycharmProjects/repeatmodeler/RM_5058.SunFeb252315302024/round-1/family-2-cons-2.fa
New DB title:  /Users/macvbookpro/PycharmProjects/repeatmodeler/RM_5058.SunFeb252315302024/round-1/family-2-cons-2.fa
Sequence type: Nucleotide
Keep MBits: T
Maximum file size: 3000000000B
Adding sequences from FASTA; added 1 sequences in 0.000261068 seconds.




Building a new DB, current time: 02/25/2024 23:16:36
New DB name:   /Users/macvbookpro/PycharmProjects/repeatmodeler/RM_5058.SunFeb252315302024/round-1/family-2-cons-3.fa
New DB title:  /Users/macvbookpro/PycharmProjects/repeatmodeler/RM_5058.SunFeb252315302024/round-1/family-2-cons-3.fa
Sequence type: Nucleotide
Keep MBits: T
Maximum file size: 3000000000B
Adding sequences from FASTA; added 1 sequences in 0.000270128 seconds.




Building a new DB, current time: 02/25/2024 23:16:37
New DB name:   /Users/macvbookpro/PycharmProjects/repeatmodeler/RM_5058.SunFeb252315302024/round-1/family-2-cons-4.fa
New DB title:  /Users/macvbookpro/PycharmProjects/repeatmodeler/RM_5058.SunFeb252315302024/round-1/family-2-cons-4.fa
Sequence type: Nucleotide
Keep MBits: T
Maximum file size: 3000000000B
Adding sequences from FASTA; added 1 sequences in 0.000259161 seconds.




Building a new DB, current time: 02/25/2024 23:16:38
New DB name:   /Users/macvbookpro/PycharmProjects/repeatmodeler/RM_5058.SunFeb252315302024/round-1/family-3.fa
New DB title:  /Users/macvbookpro/PycharmProjects/repeatmodeler/RM_5058.SunFeb252315302024/round-1/family-3.fa
Sequence type: Nucleotide
Keep MBits: T
Maximum file size: 3000000000B
Adding sequences from FASTA; added 62 sequences in 0.00156403 seconds.




Building a new DB, current time: 02/25/2024 23:16:38
New DB name:   /Users/macvbookpro/PycharmProjects/repeatmodeler/RM_5058.SunFeb252315302024/round-1/family-3-cons-2.fa
New DB title:  /Users/macvbookpro/PycharmProjects/repeatmodeler/RM_5058.SunFeb252315302024/round-1/family-3-cons-2.fa
Sequence type: Nucleotide
Keep MBits: T
Maximum file size: 3000000000B
Adding sequences from FASTA; added 1 sequences in 0.000267029 seconds.




Building a new DB, current time: 02/25/2024 23:16:38
New DB name:   /Users/macvbookpro/PycharmProjects/repeatmodeler/RM_5058.SunFeb252315302024/round-1/family-3-cons-3.fa
New DB title:  /Users/macvbookpro/PycharmProjects/repeatmodeler/RM_5058.SunFeb252315302024/round-1/family-3-cons-3.fa
Sequence type: Nucleotide
Keep MBits: T
Maximum file size: 3000000000B
Adding sequences from FASTA; added 1 sequences in 0.000261068 seconds.




Building a new DB, current time: 02/25/2024 23:16:39
New DB name:   /Users/macvbookpro/PycharmProjects/repeatmodeler/RM_5058.SunFeb252315302024/round-1/family-3-cons-4.fa
New DB title:  /Users/macvbookpro/PycharmProjects/repeatmodeler/RM_5058.SunFeb252315302024/round-1/family-3-cons-4.fa
Sequence type: Nucleotide
Keep MBits: T
Maximum file size: 3000000000B
Adding sequences from FASTA; added 1 sequences in 0.000264883 seconds.




Building a new DB, current time: 02/25/2024 23:16:39
New DB name:   /Users/macvbookpro/PycharmProjects/repeatmodeler/RM_5058.SunFeb252315302024/round-1/family-4.fa
New DB title:  /Users/macvbookpro/PycharmProjects/repeatmodeler/RM_5058.SunFeb252315302024/round-1/family-4.fa
Sequence type: Nucleotide
Keep MBits: T
Maximum file size: 3000000000B
Adding sequences from FASTA; added 57 sequences in 0.00146198 seconds.




Building a new DB, current time: 02/25/2024 23:16:40
New DB name:   /Users/macvbookpro/PycharmProjects/repeatmodeler/RM_5058.SunFeb252315302024/round-1/family-4-cons-2.fa
New DB title:  /Users/macvbookpro/PycharmProjects/repeatmodeler/RM_5058.SunFeb252315302024/round-1/family-4-cons-2.fa
Sequence type: Nucleotide
Keep MBits: T
Maximum file size: 3000000000B
Adding sequences from FASTA; added 1 sequences in 0.000286102 seconds.




Building a new DB, current time: 02/25/2024 23:16:40
New DB name:   /Users/macvbookpro/PycharmProjects/repeatmodeler/RM_5058.SunFeb252315302024/round-1/family-4-cons-3.fa
New DB title:  /Users/macvbookpro/PycharmProjects/repeatmodeler/RM_5058.SunFeb252315302024/round-1/family-4-cons-3.fa
Sequence type: Nucleotide
Keep MBits: T
Maximum file size: 3000000000B
Adding sequences from FASTA; added 1 sequences in 0.000264168 seconds.




Building a new DB, current time: 02/25/2024 23:16:40
New DB name:   /Users/macvbookpro/PycharmProjects/repeatmodeler/RM_5058.SunFeb252315302024/round-1/family-4-cons-4.fa
New DB title:  /Users/macvbookpro/PycharmProjects/repeatmodeler/RM_5058.SunFeb252315302024/round-1/family-4-cons-4.fa
Sequence type: Nucleotide
Keep MBits: T
Maximum file size: 3000000000B
Adding sequences from FASTA; added 1 sequences in 0.000415087 seconds.




Building a new DB, current time: 02/25/2024 23:16:40
New DB name:   /Users/macvbookpro/PycharmProjects/repeatmodeler/RM_5058.SunFeb252315302024/round-1/family-4-cons-5.fa
New DB title:  /Users/macvbookpro/PycharmProjects/repeatmodeler/RM_5058.SunFeb252315302024/round-1/family-4-cons-5.fa
Sequence type: Nucleotide
Keep MBits: T
Maximum file size: 3000000000B
Adding sequences from FASTA; added 1 sequences in 0.000270844 seconds.




Building a new DB, current time: 02/25/2024 23:16:41
New DB name:   /Users/macvbookpro/PycharmProjects/repeatmodeler/RM_5058.SunFeb252315302024/round-1/family-5.fa
New DB title:  /Users/macvbookpro/PycharmProjects/repeatmodeler/RM_5058.SunFeb252315302024/round-1/family-5.fa
Sequence type: Nucleotide
Keep MBits: T
Maximum file size: 3000000000B
Adding sequences from FASTA; added 47 sequences in 0.00136209 seconds.




Building a new DB, current time: 02/25/2024 23:16:41
New DB name:   /Users/macvbookpro/PycharmProjects/repeatmodeler/RM_5058.SunFeb252315302024/round-1/family-5-cons-2.fa
New DB title:  /Users/macvbookpro/PycharmProjects/repeatmodeler/RM_5058.SunFeb252315302024/round-1/family-5-cons-2.fa
Sequence type: Nucleotide
Keep MBits: T
Maximum file size: 3000000000B
Adding sequences from FASTA; added 1 sequences in 0.000265837 seconds.




Building a new DB, current time: 02/25/2024 23:16:41
New DB name:   /Users/macvbookpro/PycharmProjects/repeatmodeler/RM_5058.SunFeb252315302024/round-1/family-5-cons-3.fa
New DB title:  /Users/macvbookpro/PycharmProjects/repeatmodeler/RM_5058.SunFeb252315302024/round-1/family-5-cons-3.fa
Sequence type: Nucleotide
Keep MBits: T
Maximum file size: 3000000000B
Adding sequences from FASTA; added 1 sequences in 0.000479937 seconds.




Building a new DB, current time: 02/25/2024 23:16:43
New DB name:   /Users/macvbookpro/PycharmProjects/repeatmodeler/RM_5058.SunFeb252315302024/round-1/family-5-cons-4.fa
New DB title:  /Users/macvbookpro/PycharmProjects/repeatmodeler/RM_5058.SunFeb252315302024/round-1/family-5-cons-4.fa
Sequence type: Nucleotide
Keep MBits: T
Maximum file size: 3000000000B
Adding sequences from FASTA; added 1 sequences in 0.000436068 seconds.




Building a new DB, current time: 02/25/2024 23:16:43
New DB name:   /Users/macvbookpro/PycharmProjects/repeatmodeler/RM_5058.SunFeb252315302024/round-1/family-6.fa
New DB title:  /Users/macvbookpro/PycharmProjects/repeatmodeler/RM_5058.SunFeb252315302024/round-1/family-6.fa
Sequence type: Nucleotide
Keep MBits: T
Maximum file size: 3000000000B
Adding sequences from FASTA; added 45 sequences in 0.0012579 seconds.




Building a new DB, current time: 02/25/2024 23:16:43
New DB name:   /Users/macvbookpro/PycharmProjects/repeatmodeler/RM_5058.SunFeb252315302024/round-1/family-6-cons-2.fa
New DB title:  /Users/macvbookpro/PycharmProjects/repeatmodeler/RM_5058.SunFeb252315302024/round-1/family-6-cons-2.fa
Sequence type: Nucleotide
Keep MBits: T
Maximum file size: 3000000000B
Adding sequences from FASTA; added 1 sequences in 0.00030899 seconds.




Building a new DB, current time: 02/25/2024 23:16:44
New DB name:   /Users/macvbookpro/PycharmProjects/repeatmodeler/RM_5058.SunFeb252315302024/round-1/family-6-cons-3.fa
New DB title:  /Users/macvbookpro/PycharmProjects/repeatmodeler/RM_5058.SunFeb252315302024/round-1/family-6-cons-3.fa
Sequence type: Nucleotide
Keep MBits: T
Maximum file size: 3000000000B
Adding sequences from FASTA; added 1 sequences in 0.000279188 seconds.




Building a new DB, current time: 02/25/2024 23:16:44
New DB name:   /Users/macvbookpro/PycharmProjects/repeatmodeler/RM_5058.SunFeb252315302024/round-1/family-6-cons-4.fa
New DB title:  /Users/macvbookpro/PycharmProjects/repeatmodeler/RM_5058.SunFeb252315302024/round-1/family-6-cons-4.fa
Sequence type: Nucleotide
Keep MBits: T
Maximum file size: 3000000000B
Adding sequences from FASTA; added 1 sequences in 0.000267029 seconds.




Building a new DB, current time: 02/25/2024 23:16:44
New DB name:   /Users/macvbookpro/PycharmProjects/repeatmodeler/RM_5058.SunFeb252315302024/round-1/family-7.fa
New DB title:  /Users/macvbookpro/PycharmProjects/repeatmodeler/RM_5058.SunFeb252315302024/round-1/family-7.fa
Sequence type: Nucleotide
Keep MBits: T
Maximum file size: 3000000000B
Adding sequences from FASTA; added 43 sequences in 0.00149798 seconds.




Building a new DB, current time: 02/25/2024 23:16:45
New DB name:   /Users/macvbookpro/PycharmProjects/repeatmodeler/RM_5058.SunFeb252315302024/round-1/family-7-cons-2.fa
New DB title:  /Users/macvbookpro/PycharmProjects/repeatmodeler/RM_5058.SunFeb252315302024/round-1/family-7-cons-2.fa
Sequence type: Nucleotide
Keep MBits: T
Maximum file size: 3000000000B
Adding sequences from FASTA; added 1 sequences in 0.000263929 seconds.




Building a new DB, current time: 02/25/2024 23:16:45
New DB name:   /Users/macvbookpro/PycharmProjects/repeatmodeler/RM_5058.SunFeb252315302024/round-1/family-7-cons-3.fa
New DB title:  /Users/macvbookpro/PycharmProjects/repeatmodeler/RM_5058.SunFeb252315302024/round-1/family-7-cons-3.fa
Sequence type: Nucleotide
Keep MBits: T
Maximum file size: 3000000000B
Adding sequences from FASTA; added 1 sequences in 0.000261068 seconds.




Building a new DB, current time: 02/25/2024 23:16:45
New DB name:   /Users/macvbookpro/PycharmProjects/repeatmodeler/RM_5058.SunFeb252315302024/round-1/family-7-cons-4.fa
New DB title:  /Users/macvbookpro/PycharmProjects/repeatmodeler/RM_5058.SunFeb252315302024/round-1/family-7-cons-4.fa
Sequence type: Nucleotide
Keep MBits: T
Maximum file size: 3000000000B
Adding sequences from FASTA; added 1 sequences in 0.000377893 seconds.




Building a new DB, current time: 02/25/2024 23:16:45
New DB name:   /Users/macvbookpro/PycharmProjects/repeatmodeler/RM_5058.SunFeb252315302024/round-1/family-7-cons-5.fa
New DB title:  /Users/macvbookpro/PycharmProjects/repeatmodeler/RM_5058.SunFeb252315302024/round-1/family-7-cons-5.fa
Sequence type: Nucleotide
Keep MBits: T
Maximum file size: 3000000000B
Adding sequences from FASTA; added 1 sequences in 0.00028801 seconds.




Building a new DB, current time: 02/25/2024 23:16:45
New DB name:   /Users/macvbookpro/PycharmProjects/repeatmodeler/RM_5058.SunFeb252315302024/round-1/family-7-cons-6.fa
New DB title:  /Users/macvbookpro/PycharmProjects/repeatmodeler/RM_5058.SunFeb252315302024/round-1/family-7-cons-6.fa
Sequence type: Nucleotide
Keep MBits: T
Maximum file size: 3000000000B
Adding sequences from FASTA; added 1 sequences in 0.000265121 seconds.




Building a new DB, current time: 02/25/2024 23:16:46
New DB name:   /Users/macvbookpro/PycharmProjects/repeatmodeler/RM_5058.SunFeb252315302024/round-1/family-7-cons-7.fa
New DB title:  /Users/macvbookpro/PycharmProjects/repeatmodeler/RM_5058.SunFeb252315302024/round-1/family-7-cons-7.fa
Sequence type: Nucleotide
Keep MBits: T
Maximum file size: 3000000000B
Adding sequences from FASTA; added 1 sequences in 0.000257015 seconds.




Building a new DB, current time: 02/25/2024 23:16:46
New DB name:   /Users/macvbookpro/PycharmProjects/repeatmodeler/RM_5058.SunFeb252315302024/round-1/family-8.fa
New DB title:  /Users/macvbookpro/PycharmProjects/repeatmodeler/RM_5058.SunFeb252315302024/round-1/family-8.fa
Sequence type: Nucleotide
Keep MBits: T
Maximum file size: 3000000000B
Adding sequences from FASTA; added 30 sequences in 0.00105095 seconds.




Building a new DB, current time: 02/25/2024 23:16:46
New DB name:   /Users/macvbookpro/PycharmProjects/repeatmodeler/RM_5058.SunFeb252315302024/round-1/family-8-cons-2.fa
New DB title:  /Users/macvbookpro/PycharmProjects/repeatmodeler/RM_5058.SunFeb252315302024/round-1/family-8-cons-2.fa
Sequence type: Nucleotide
Keep MBits: T
Maximum file size: 3000000000B
Adding sequences from FASTA; added 1 sequences in 0.000256062 seconds.




Building a new DB, current time: 02/25/2024 23:16:46
New DB name:   /Users/macvbookpro/PycharmProjects/repeatmodeler/RM_5058.SunFeb252315302024/round-1/family-8-cons-3.fa
New DB title:  /Users/macvbookpro/PycharmProjects/repeatmodeler/RM_5058.SunFeb252315302024/round-1/family-8-cons-3.fa
Sequence type: Nucleotide
Keep MBits: T
Maximum file size: 3000000000B
Adding sequences from FASTA; added 1 sequences in 0.000257015 seconds.




Building a new DB, current time: 02/25/2024 23:16:47
New DB name:   /Users/macvbookpro/PycharmProjects/repeatmodeler/RM_5058.SunFeb252315302024/round-1/family-8-cons-4.fa
New DB title:  /Users/macvbookpro/PycharmProjects/repeatmodeler/RM_5058.SunFeb252315302024/round-1/family-8-cons-4.fa
Sequence type: Nucleotide
Keep MBits: T
Maximum file size: 3000000000B
Adding sequences from FASTA; added 1 sequences in 0.00026083 seconds.




Building a new DB, current time: 02/25/2024 23:16:47
New DB name:   /Users/macvbookpro/PycharmProjects/repeatmodeler/RM_5058.SunFeb252315302024/round-1/family-8-cons-5.fa
New DB title:  /Users/macvbookpro/PycharmProjects/repeatmodeler/RM_5058.SunFeb252315302024/round-1/family-8-cons-5.fa
Sequence type: Nucleotide
Keep MBits: T
Maximum file size: 3000000000B
Adding sequences from FASTA; added 1 sequences in 0.000277996 seconds.




Building a new DB, current time: 02/25/2024 23:16:47
New DB name:   /Users/macvbookpro/PycharmProjects/repeatmodeler/RM_5058.SunFeb252315302024/round-1/family-9.fa
New DB title:  /Users/macvbookpro/PycharmProjects/repeatmodeler/RM_5058.SunFeb252315302024/round-1/family-9.fa
Sequence type: Nucleotide
Keep MBits: T
Maximum file size: 3000000000B
Adding sequences from FASTA; added 29 sequences in 0.00107694 seconds.




Building a new DB, current time: 02/25/2024 23:16:48
New DB name:   /Users/macvbookpro/PycharmProjects/repeatmodeler/RM_5058.SunFeb252315302024/round-1/family-9-cons-2.fa
New DB title:  /Users/macvbookpro/PycharmProjects/repeatmodeler/RM_5058.SunFeb252315302024/round-1/family-9-cons-2.fa
Sequence type: Nucleotide
Keep MBits: T
Maximum file size: 3000000000B
Adding sequences from FASTA; added 1 sequences in 0.000268936 seconds.




Building a new DB, current time: 02/25/2024 23:16:48
New DB name:   /Users/macvbookpro/PycharmProjects/repeatmodeler/RM_5058.SunFeb252315302024/round-1/family-9-cons-3.fa
New DB title:  /Users/macvbookpro/PycharmProjects/repeatmodeler/RM_5058.SunFeb252315302024/round-1/family-9-cons-3.fa
Sequence type: Nucleotide
Keep MBits: T
Maximum file size: 3000000000B
Adding sequences from FASTA; added 1 sequences in 0.000265837 seconds.




Building a new DB, current time: 02/25/2024 23:16:48
New DB name:   /Users/macvbookpro/PycharmProjects/repeatmodeler/RM_5058.SunFeb252315302024/round-1/family-9-cons-4.fa
New DB title:  /Users/macvbookpro/PycharmProjects/repeatmodeler/RM_5058.SunFeb252315302024/round-1/family-9-cons-4.fa
Sequence type: Nucleotide
Keep MBits: T
Maximum file size: 3000000000B
Adding sequences from FASTA; added 1 sequences in 0.000268936 seconds.




Building a new DB, current time: 02/25/2024 23:16:49
New DB name:   /Users/macvbookpro/PycharmProjects/repeatmodeler/RM_5058.SunFeb252315302024/round-1/family-9-cons-5.fa
New DB title:  /Users/macvbookpro/PycharmProjects/repeatmodeler/RM_5058.SunFeb252315302024/round-1/family-9-cons-5.fa
Sequence type: Nucleotide
Keep MBits: T
Maximum file size: 3000000000B
Adding sequences from FASTA; added 1 sequences in 0.000267982 seconds.




Building a new DB, current time: 02/25/2024 23:16:49
New DB name:   /Users/macvbookpro/PycharmProjects/repeatmodeler/RM_5058.SunFeb252315302024/round-1/family-9-cons-6.fa
New DB title:  /Users/macvbookpro/PycharmProjects/repeatmodeler/RM_5058.SunFeb252315302024/round-1/family-9-cons-6.fa
Sequence type: Nucleotide
Keep MBits: T
Maximum file size: 3000000000B
Adding sequences from FASTA; added 1 sequences in 0.000473022 seconds.




Building a new DB, current time: 02/25/2024 23:16:49
New DB name:   /Users/macvbookpro/PycharmProjects/repeatmodeler/RM_5058.SunFeb252315302024/round-1/family-10.fa
New DB title:  /Users/macvbookpro/PycharmProjects/repeatmodeler/RM_5058.SunFeb252315302024/round-1/family-10.fa
Sequence type: Nucleotide
Keep MBits: T
Maximum file size: 3000000000B
Adding sequences from FASTA; added 28 sequences in 0.0010519 seconds.




Building a new DB, current time: 02/25/2024 23:16:50
New DB name:   /Users/macvbookpro/PycharmProjects/repeatmodeler/RM_5058.SunFeb252315302024/round-1/family-10-cons-2.fa
New DB title:  /Users/macvbookpro/PycharmProjects/repeatmodeler/RM_5058.SunFeb252315302024/round-1/family-10-cons-2.fa
Sequence type: Nucleotide
Keep MBits: T
Maximum file size: 3000000000B
Adding sequences from FASTA; added 1 sequences in 0.000267982 seconds.




Building a new DB, current time: 02/25/2024 23:16:50
New DB name:   /Users/macvbookpro/PycharmProjects/repeatmodeler/RM_5058.SunFeb252315302024/round-1/family-10-cons-3.fa
New DB title:  /Users/macvbookpro/PycharmProjects/repeatmodeler/RM_5058.SunFeb252315302024/round-1/family-10-cons-3.fa
Sequence type: Nucleotide
Keep MBits: T
Maximum file size: 3000000000B
Adding sequences from FASTA; added 1 sequences in 0.000262976 seconds.




Building a new DB, current time: 02/25/2024 23:16:50
New DB name:   /Users/macvbookpro/PycharmProjects/repeatmodeler/RM_5058.SunFeb252315302024/round-1/family-10-cons-4.fa
New DB title:  /Users/macvbookpro/PycharmProjects/repeatmodeler/RM_5058.SunFeb252315302024/round-1/family-10-cons-4.fa
Sequence type: Nucleotide
Keep MBits: T
Maximum file size: 3000000000B
Adding sequences from FASTA; added 1 sequences in 0.000284195 seconds.




Building a new DB, current time: 02/25/2024 23:16:50
New DB name:   /Users/macvbookpro/PycharmProjects/repeatmodeler/RM_5058.SunFeb252315302024/round-1/family-11.fa
New DB title:  /Users/macvbookpro/PycharmProjects/repeatmodeler/RM_5058.SunFeb252315302024/round-1/family-11.fa
Sequence type: Nucleotide
Keep MBits: T
Maximum file size: 3000000000B
Adding sequences from FASTA; added 23 sequences in 0.00102901 seconds.




Building a new DB, current time: 02/25/2024 23:16:51
New DB name:   /Users/macvbookpro/PycharmProjects/repeatmodeler/RM_5058.SunFeb252315302024/round-1/family-11-cons-2.fa
New DB title:  /Users/macvbookpro/PycharmProjects/repeatmodeler/RM_5058.SunFeb252315302024/round-1/family-11-cons-2.fa
Sequence type: Nucleotide
Keep MBits: T
Maximum file size: 3000000000B
Adding sequences from FASTA; added 1 sequences in 0.000281096 seconds.




Building a new DB, current time: 02/25/2024 23:16:51
New DB name:   /Users/macvbookpro/PycharmProjects/repeatmodeler/RM_5058.SunFeb252315302024/round-1/family-11-cons-3.fa
New DB title:  /Users/macvbookpro/PycharmProjects/repeatmodeler/RM_5058.SunFeb252315302024/round-1/family-11-cons-3.fa
Sequence type: Nucleotide
Keep MBits: T
Maximum file size: 3000000000B
Adding sequences from FASTA; added 1 sequences in 0.000272036 seconds.




Building a new DB, current time: 02/25/2024 23:16:51
New DB name:   /Users/macvbookpro/PycharmProjects/repeatmodeler/RM_5058.SunFeb252315302024/round-1/family-11-cons-4.fa
New DB title:  /Users/macvbookpro/PycharmProjects/repeatmodeler/RM_5058.SunFeb252315302024/round-1/family-11-cons-4.fa
Sequence type: Nucleotide
Keep MBits: T
Maximum file size: 3000000000B
Adding sequences from FASTA; added 1 sequences in 0.000458956 seconds.


