   SW   perc perc perc  query          position in query           matching        repeat           position in repeat
score   div. del. ins.  sequence       begin   end        (left)   repeat          class/family   begin  end    (left)  ID

   18   27.9  5.1  2.0  NZ_CP007255.1    28132   28229 (6208633) + (CGACGT)n       Simple_repeat       1    101    (0)   1  
   12   11.6  3.3  3.3  NZ_CP007255.1    48696   48725 (6188137) + (CCG)n          Simple_repeat       1     30    (0)   2  
   11   20.8  0.0  2.9  NZ_CP007255.1    61661   61695 (6175167) + (CCGCCC)n       Simple_repeat       1     34    (0)   3  
  246   18.3  0.0  0.0  NZ_CP007255.1    70769   70828 (6166034) C rnd-1_family-3  Unknown           (0)     64      5   4  
  279   26.8  6.1  2.4  NZ_CP007255.1    71192   71551 (6165311) + rnd-1_family-0  Unknown             2    374    (2)   5  
   14   24.5  0.0  2.3  NZ_CP007255.1    71778   71822 (6165040) + (CGGTGC)n       Simple_repeat       1     44    (0)   6  
   12   36.2  0.0  0.0  NZ_CP007255.1    83031   83084 (6153778) + (CGT)n          Simple_repeat       1     54    (0)   7  
   18   14.9  0.0  2.6  NZ_CP007255.1    86709   86747 (6150115) + (CTGCC)n        Simple_repeat       1     38    (0)   8  
29885    0.1  0.7  0.0  NZ_CP007255.1    86952   90555 (6146307) C rnd-1_family-16 rRNA              (0)   3628      1   9  
29885    0.1  0.7  0.0  NZ_CP007255.1   104970  108573 (6128289) C rnd-1_family-16 rRNA              (0)   3628      1  10  
   14   29.7  1.9  0.0  NZ_CP007255.1   124680  124732 (6112130) + (GCC)n          Simple_repeat       1     54    (0)  11  
   11   19.4  0.0  7.7  NZ_CP007255.1   129748  129789 (6107073) + (ACGCCG)n       Simple_repeat       1     39    (0)  12  
   12   21.7  0.0  0.0  NZ_CP007255.1   134609  134640 (6102222) + (ACCGCT)n       Simple_repeat       1     32    (0)  13  
  270   16.7  0.0  1.9  NZ_CP007255.1   135106  135160 (6101702) C rnd-1_family-5  Unknown           (0)     54      1  14 *
  288   16.7  0.0  0.0  NZ_CP007255.1   135113  135166 (6101696) + rnd-1_family-5  Unknown             1     54    (0)  15  
  873   26.0  0.5  0.8  NZ_CP007255.1   142411  142779 (6094083) + rnd-1_family-9  Unknown             9    376    (2)  16  
   11   28.2  6.2  0.0  NZ_CP007255.1   146910  146973 (6089889) + (CCGACG)n       Simple_repeat       1     68    (0)  17  
 1211   22.7  0.5  0.8  NZ_CP007255.1   154963  155340 (6081522) + rnd-1_family-9  Unknown             1    377    (1)  18  
   12   20.4  2.4  2.4  NZ_CP007255.1   159038  159078 (6077784) + (CGTCGA)n       Simple_repeat       1     41    (0)  19  
   15   18.8  2.3  2.3  NZ_CP007255.1   165291  165334 (6071528) + (GAACGC)n       Simple_repeat       1     44    (0)  20  
   12   21.3  2.1  4.3  NZ_CP007255.1   166910  166956 (6069906) + (CGGCGT)n       Simple_repeat       1     46    (0)  21  
  234   29.7  0.8  0.8  NZ_CP007255.1   169482  169610 (6067252) C rnd-1_family-2  Unknown           (0)    210     82  22  
   15    2.5 17.5  0.0  NZ_CP007255.1   174390  174429 (6062433) + (GGTCAC)n       Simple_repeat       1     47    (0)  23  
   11   24.1  0.0  0.0  NZ_CP007255.1   202741  202774 (6034088) + (CGCAGC)n       Simple_repeat       1     34    (0)  24  
 8608    8.9  1.4  0.6  NZ_CP007255.1   210480  211887 (6024975) + rnd-1_family-11 Unknown             1   1418    (0)  25  
   11    9.7  8.6  2.7  NZ_CP007255.1   217036  217070 (6019792) + (CGGAGAT)n      Simple_repeat       1     37    (0)  26  
  360    7.4  0.0  1.9  NZ_CP007255.1   249895  249949 (5986913) + rnd-1_family-5  Unknown             1     54    (0)  27  
  318   10.4  0.0  0.0  NZ_CP007255.1   251051  251098 (5985764) + rnd-1_family-5  Unknown             1     48    (6)  28  
   18   19.4  0.0  0.0  NZ_CP007255.1   265712  265752 (5971110) + G-rich          Low_complexity      1     41    (0)  29  
  456   27.2  1.1  0.5  NZ_CP007255.1   269378  269562 (5967300) C rnd-1_family-2  Unknown          (24)    186      1  30  
   11   11.8 10.0  2.3  NZ_CP007255.1   270405  270444 (5966418) + (ACTCGGCG)n     Simple_repeat       1     43    (0)  31  
  523   26.8  5.0  4.4  NZ_CP007255.1   287047  287385 (5949477) + rnd-1_family-9  Unknown            38    378    (0)  32  
   13   18.9  2.8  0.0  NZ_CP007255.1   301820  301855 (5935007) + (AGCATC)n       Simple_repeat       1     37    (0)  33  
   11    9.0  7.1  7.1  NZ_CP007255.1   311879  311920 (5924942) + (CGCCGA)n       Simple_repeat       1     42    (0)  34  
   12   19.7  7.1  0.0  NZ_CP007255.1   323494  323535 (5913327) + (CCGTTG)n       Simple_repeat       1     45    (0)  35  
   12   24.8  4.5  4.5  NZ_CP007255.1   337216  337282 (5899580) + (CGCGT)n        Simple_repeat       1     67    (0)  36  
   11   18.0  5.0  2.4  NZ_CP007255.1   354736  354775 (5882087) + (ACACCG)n       Simple_repeat       1     41    (0)  37  
   13   25.9  2.1  2.1  NZ_CP007255.1   358364  358411 (5878451) + (CGG)n          Simple_repeat       1     48    (0)  38  
  551   25.9  1.0  1.0  NZ_CP007255.1   386205  386411 (5850451) C rnd-1_family-2  Unknown           (2)    208      2  39  
   14   17.0  6.2  2.0  NZ_CP007255.1   398373  398420 (5838442) + (TCGAC)n        Simple_repeat       1     50    (0)  40  
   14   24.1  0.0  0.0  NZ_CP007255.1   409314  409352 (5827510) + (CGGCAC)n       Simple_repeat       1     39    (0)  41  
   13   22.2  4.8  0.0  NZ_CP007255.1   423156  423197 (5813665) + (TGC)n          Simple_repeat       1     44    (0)  42  
   16   32.9  0.0  0.0  NZ_CP007255.1   423212  423275 (5813587) + (GCAGAC)n       Simple_repeat       1     64    (0)  43  
   12   16.9  8.3  2.0  NZ_CP007255.1   441571  441577 (5795285) + (CGAGACC)n      Simple_repeat       1     49    (0)  44  
   14   12.3  2.6  5.3  NZ_CP007255.1   441578  441616 (5795246) + (CCGAGA)n       Simple_repeat       1     38    (0)  45  
  283   31.2  1.0  1.0  NZ_CP007255.1   448672  448865 (5787997) C rnd-1_family-15 Unknown           (6)    260     67  46  
 1332   11.4  0.0  0.0  NZ_CP007255.1   449007  449225 (5787637) C rnd-1_family-15 Unknown          (47)    219      1  47  
 1665    9.4  0.0  0.0  NZ_CP007255.1   449251  449516 (5787346) C rnd-1_family-15 Unknown           (0)    266      1  48  
 1661    9.8  0.0  0.0  NZ_CP007255.1   449542  449807 (5787055) C rnd-1_family-15 Unknown           (0)    266      1  49  
 1655   10.2  0.0  0.0  NZ_CP007255.1   449833  450096 (5786766) C rnd-1_family-15 Unknown           (0)    266      3  50  
 1646    9.4  0.0  0.0  NZ_CP007255.1   450124  450389 (5786473) C rnd-1_family-15 Unknown           (0)    266      1  51  
   14   22.7  2.0  4.1  NZ_CP007255.1   451721  451770 (5785092) + (CAC)n          Simple_repeat       1     49    (0)  52  
 1872    6.4  0.0  0.0  NZ_CP007255.1   452682  452947 (5783915) C rnd-1_family-15 Unknown           (0)    266      1  53  
 1755    8.7  0.0  0.0  NZ_CP007255.1   452973  453238 (5783624) C rnd-1_family-15 Unknown           (0)    266      1  54  
 1692    8.3  0.0  0.0  NZ_CP007255.1   453264  453529 (5783333) C rnd-1_family-15 Unknown           (0)    266      1  55  
 1751    8.7  0.0  0.0  NZ_CP007255.1   453555  453820 (5783042) C rnd-1_family-15 Unknown           (0)    266      1  56  
 1765    8.7  0.0  0.0  NZ_CP007255.1   453846  454111 (5782751) C rnd-1_family-15 Unknown           (0)    266      1  57  
 1711    9.0  0.0  0.0  NZ_CP007255.1   454137  454402 (5782460) C rnd-1_family-15 Unknown           (0)    266      1  58  
   14   12.1  5.3  2.6  NZ_CP007255.1   467661  467698 (5769164) + (CGCCAGC)n      Simple_repeat       1     39    (0)  59  
   13   21.2  2.1  4.3  NZ_CP007255.1   467963  468009 (5768853) + (CGCGC)n        Simple_repeat       1     46    (0)  60  
   12   20.6  2.0  6.2  NZ_CP007255.1   469793  469842 (5767020) + (TCGACG)n       Simple_repeat       1     48    (0)  61  
   13   33.5  0.0  4.2  NZ_CP007255.1   471890  471963 (5764899) + (CCGCGG)n       Simple_repeat       1     71    (0)  62  
   20   25.3  1.4  2.9  NZ_CP007255.1   537409  537477 (5699385) + (GCC)n          Simple_repeat       1     68    (0)  63  
 8231    8.9  1.0  0.0  NZ_CP007255.1   556914  558178 (5678684) + rnd-1_family-12 Unknown            16   1293    (0)  64  
  604   18.5  2.2  2.2  NZ_CP007255.1   570617  570798 (5666064) + rnd-1_family-2  Unknown             1    182   (28)  65  
   14    5.5  6.7  9.1  NZ_CP007255.1   644394  644438 (5592424) + (CCGCG)n        Simple_repeat       1     44    (0)  66  
   15   15.9  2.9  0.0  NZ_CP007255.1   644457  644491 (5592371) + (AACCGG)n       Simple_repeat       1     36    (0)  67  
   11   30.6  0.0  0.0  NZ_CP007255.1   646681  646724 (5590138) + (ACCCGT)n       Simple_repeat       1     44    (0)  68  
   70   28.2  1.7  1.7  NZ_CP007255.1   649009  649246 (5587616) + (CGA)n          Simple_repeat       1    238    (0)  69  
  369   11.1  0.0  0.0  NZ_CP007255.1   666620  666673 (5570189) C rnd-1_family-10 Unknown           (0)     54      1  70  
   19   24.2  3.6  3.6  NZ_CP007255.1   685569  685651 (5551211) + (TCGACG)n       Simple_repeat       1     83    (0)  71  
   12   26.0  4.9  1.6  NZ_CP007255.1   690296  690356 (5546506) + (AGCTCG)n       Simple_repeat       1     63    (0)  72  
   15   12.3  0.0  7.9  NZ_CP007255.1   717211  717251 (5519611) + (GACGGC)n       Simple_repeat       1     38    (0)  73  
   11   15.4  8.9  2.1  NZ_CP007255.1   717438  717482 (5519380) + (CAGCGA)n       Simple_repeat       1     48    (0)  74  
   12    8.3  6.5  8.9  NZ_CP007255.1   723301  723346 (5513516) + (GACCATC)n      Simple_repeat       1     45    (0)  75  
   17   25.2  0.0  0.0  NZ_CP007255.1   735809  735860 (5501002) + (CCGCCA)n       Simple_repeat       1     52    (0)  76  
  880   26.1  1.2  1.2  NZ_CP007255.1   745063  745473 (5491389) C rnd-1_family-11 Unknown          (84)   1334    924  77  
 1590   31.2  1.4  1.9  NZ_CP007255.1   745559  746446 (5490416) C rnd-1_family-11 Unknown         (533)    885      3  77  
   17   32.4  0.0  0.0  NZ_CP007255.1   756649  756709 (5480153) + (GAC)n          Simple_repeat       1     61    (0)  78  
  265   14.8  0.0  1.9  NZ_CP007255.1   763179  763233 (5473629) C rnd-1_family-5  Unknown           (0)     54      1  79 *
  304   16.7  0.0  0.0  NZ_CP007255.1   763186  763239 (5473623) + rnd-1_family-5  Unknown             1     54    (0)  80  
   16   25.0  0.0  5.1  NZ_CP007255.1   768462  768523 (5468339) + (CCGCGG)n       Simple_repeat       1     59    (0)  81  
  777   21.7  0.0  0.0  NZ_CP007255.1   779109  779311 (5457551) + rnd-1_family-2  Unknown             4    206    (4)  82  
 1169   24.6  0.0  0.3  NZ_CP007255.1   782286  782664 (5454198) C rnd-1_family-9  Unknown           (0)    378      1  83  
  309   16.7  0.0  0.0  NZ_CP007255.1   787347  787400 (5449462) C rnd-1_family-10 Unknown           (0)     54      1  84  
   14   17.6  0.0  0.0  NZ_CP007255.1   793370  793401 (5443461) + (CCCCCG)n       Simple_repeat       1     32    (0)  85  
   12   15.8  0.0  3.5  NZ_CP007255.1   806338  806367 (5430495) + (GGCGA)n        Simple_repeat       1     29    (0)  86  
   11   16.5  5.9  0.0  NZ_CP007255.1   815100  815133 (5421729) + (GACGATC)n      Simple_repeat       1     36    (0)  87  
 8445    7.4  1.0  0.0  NZ_CP007255.1   850577  851841 (5385021) + rnd-1_family-12 Unknown            16   1293    (0)  88  
   12   21.8 10.2  0.0  NZ_CP007255.1   853073  853131 (5383731) + (GGCGT)n        Simple_repeat       1     65    (0)  89  
   11   27.5  2.3  0.0  NZ_CP007255.1   962308  962351 (5274511) + (CGGCGA)n       Simple_repeat       1     45    (0)  90  
 1003   23.8  2.1  2.4  NZ_CP007255.1   992812  993190 (5243672) C rnd-1_family-9  Unknown           (0)    378      1  91  
   11   10.7  0.0 11.8  NZ_CP007255.1  1000800 1000837 (5236025) + (CGTGGT)n       Simple_repeat       1     34    (0)  92  
 9104    7.1  1.4  0.3  NZ_CP007255.1  1022188 1023591 (5213271) C rnd-1_family-11 Unknown           (0)   1418      1  93  
  282   32.9  2.0  3.2  NZ_CP007255.1  1047736 1047986 (5188876) C rnd-1_family-15 Unknown           (0)    266     19  94  
  299   29.2  2.9  1.2  NZ_CP007255.1  1057658 1057827 (5179035) C rnd-1_family-2  Unknown          (37)    173      1  95  
   14   19.3  2.3  2.3  NZ_CP007255.1  1067510 1067552 (5169310) + (GGAGTGC)n      Simple_repeat       1     43    (0)  96  
   16   28.5  0.0  0.0  NZ_CP007255.1  1076176 1076226 (5160636) + (CGGCGA)n       Simple_repeat       1     51    (0)  97  
   13    9.7  0.0  0.0  NZ_CP007255.1  1079503 1079524 (5157338) + (CGC)n          Simple_repeat       1     22    (0)  98  
 8199    9.4  2.0  0.1  NZ_CP007255.1  1118886 1120211 (5116651) C rnd-1_family-13 Unknown           (0)   1366     17  99  
  461   29.2  0.0  1.4  NZ_CP007255.1  1128380 1128591 (5108271) C rnd-1_family-2  Unknown           (1)    209      1 100  
   14    3.2 12.5  0.0  NZ_CP007255.1  1130036 1130067 (5106795) + (CCGCTG)n       Simple_repeat       1     36    (0) 101  
 1291   19.8  1.1  2.1  NZ_CP007255.1  1143795 1144176 (5092686) C rnd-1_family-9  Unknown           (0)    378      1 102  
  503   29.5  0.0  0.0  NZ_CP007255.1  1153519 1153728 (5083134) + rnd-1_family-2  Unknown             1    210    (0) 103  
  687   22.2  0.0  0.0  NZ_CP007255.1  1175134 1175309 (5061553) + rnd-1_family-2  Unknown             1    176   (34) 104  
 8241    9.7  1.4  0.6  NZ_CP007255.1  1180263 1181668 (5055194) C rnd-1_family-11 Unknown           (1)   1417      1 105  
   13   25.0  3.7  1.8  NZ_CP007255.1  1200162 1200215 (5036647) + (GTCGAC)n       Simple_repeat       1     55    (0) 106  
  314   14.8  0.0  0.0  NZ_CP007255.1  1219989 1220042 (5016820) C rnd-1_family-10 Unknown           (0)     54      1 107  
  233   23.5  0.0  0.0  NZ_CP007255.1  1242445 1242495 (4994367) C rnd-1_family-10 Unknown           (0)     54      4 108  
   15   19.5  0.0  0.0  NZ_CP007255.1  1260717 1260751 (4976111) + (CGACGT)n       Simple_repeat       1     35    (0) 109  
  391   25.6  2.9  2.9  NZ_CP007255.1  1264269 1264441 (4972421) + rnd-1_family-2  Unknown             1    173   (37) 110  
  941   24.3  0.6  0.9  NZ_CP007255.1  1264997 1265345 (4971517) C rnd-1_family-9  Unknown           (0)    378     31 111  
  547   26.1  1.0  1.0  NZ_CP007255.1  1268305 1268513 (4968349) C rnd-1_family-2  Unknown           (1)    209      1 112  
   12   12.8  0.0 12.8  NZ_CP007255.1  1366422 1366465 (4870397) + (GTCGA)n        Simple_repeat       1     39    (0) 113  
 1005   25.1  0.8  1.1  NZ_CP007255.1  1424789 1425162 (4811700) + rnd-1_family-9  Unknown             6    378    (0) 114  
  261   27.0  1.6  1.6  NZ_CP007255.1  1430142 1430269 (4806593) + rnd-1_family-2  Unknown            82    209    (1) 115  
   12   18.4  0.0  7.5  NZ_CP007255.1  1473290 1473332 (4763530) + (CGCAGC)n       Simple_repeat       1     40    (0) 116  
   14   12.7  0.0  0.0  NZ_CP007255.1  1473675 1473700 (4763162) + (AGC)n          Simple_repeat       1     26    (0) 117  
   12   15.3  5.3  2.6  NZ_CP007255.1  1499997 1500034 (4736828) + (GCGAGTC)n      Simple_repeat       1     39    (0) 118  
  316   11.3  0.0  0.0  NZ_CP007255.1  1533181 1533233 (4703629) + rnd-1_family-5  Unknown             2     54    (0) 119  
   12   10.1  9.4  0.0  NZ_CP007255.1  1535974 1536005 (4700857) + (CTCGAT)n       Simple_repeat       1     35    (0) 120  
  467   28.5  1.4  1.4  NZ_CP007255.1  1536766 1536975 (4699887) + rnd-1_family-2  Unknown             1    210    (0) 121  
  253   12.5  0.0  0.0  NZ_CP007255.1  1547563 1547610 (4689252) C rnd-1_family-14 Unknown           (3)     48      1 122  
  694   25.4  0.0  0.0  NZ_CP007255.1  1548226 1548434 (4688428) + rnd-1_family-2  Unknown             1    209    (1) 123  
  489   24.3  1.2  1.2  NZ_CP007255.1  1554316 1554486 (4682376) C rnd-1_family-2  Unknown          (39)    171      1 124  
  371    9.3  0.0  0.0  NZ_CP007255.1  1572037 1572090 (4664772) C rnd-1_family-5  Unknown           (0)     54      1 125  
  322   11.1  0.0  0.0  NZ_CP007255.1  1572043 1572096 (4664766) + rnd-1_family-5  Unknown             1     54    (0) 126 *
   15   11.5  7.9  0.0  NZ_CP007255.1  1576455 1576492 (4660370) + (CGGCGC)n       Simple_repeat       1     41    (0) 127  
  268   27.5  2.1  2.1  NZ_CP007255.1  1578117 1578309 (4658553) + rnd-1_family-2  Unknown            18    210    (0) 128  
   13   23.1  0.0  6.2  NZ_CP007255.1  1581701 1581751 (4655111) + (TCGGCG)n       Simple_repeat       1     48    (0) 129  
  314   13.0  0.0  0.0  NZ_CP007255.1  1583322 1583375 (4653487) C rnd-1_family-5  Unknown           (0)     54      1 130  
   13   18.7  0.0  5.3  NZ_CP007255.1  1590270 1590309 (4646553) + (CGGAGG)n       Simple_repeat       1     38    (0) 131  
  651   24.9  1.4  1.4  NZ_CP007255.1  1593408 1593615 (4643247) + rnd-1_family-2  Unknown             2    209    (1) 132  
   13   14.3  3.0  3.0  NZ_CP007255.1  1598969 1599001 (4637861) + (CGA)n          Simple_repeat       1     33    (0) 133  
   15   18.9  0.0  0.0  NZ_CP007255.1  1617124 1617159 (4619703) + (CTTGGTG)n      Simple_repeat       1     36    (0) 134  
   12   23.9  2.2  2.2  NZ_CP007255.1  1631657 1631702 (4605160) + (ACGACG)n       Simple_repeat       1     46    (0) 135  
  515   22.3  3.5  1.7  NZ_CP007255.1  1663080 1663248 (4573614) C rnd-1_family-2  Unknown          (34)    176      5 136  
   12   11.3  7.1  4.7  NZ_CP007255.1  1665199 1665240 (4571622) + (GTCGAC)n       Simple_repeat       1     43    (0) 137  
   22   22.7  0.0  1.8  NZ_CP007255.1  1706153 1706210 (4530652) + (CAG)n          Simple_repeat       1     57    (0) 138  
 8422    9.6  1.9  0.0  NZ_CP007255.1  1708385 1709725 (4527137) + rnd-1_family-13 Unknown             1   1366    (0) 139  
   14   23.6  0.0  5.8  NZ_CP007255.1  1726304 1726358 (4510504) + (GACATC)n       Simple_repeat       1     52    (0) 140  
  602   22.9  1.5  1.5  NZ_CP007255.1  1741667 1741861 (4495001) C rnd-1_family-2  Unknown          (12)    198      4 141  
   12   22.9  5.7  1.8  NZ_CP007255.1  1759628 1759680 (4477182) + (CTTCGAG)n      Simple_repeat       1     55    (0) 142  
   15   23.2  4.2  4.2  NZ_CP007255.1  1778348 1778418 (4458444) + (GGCGTC)n       Simple_repeat       1     71    (0) 143  
   14    5.0  0.0  0.0  NZ_CP007255.1  1794689 1794709 (4442153) + (CCG)n          Simple_repeat       1     21    (0) 144  
  561   26.2  4.3  3.7  NZ_CP007255.1  1803537 1803885 (4432977) C rnd-1_family-9  Unknown           (0)    378     28 145  
  817   18.4  1.9  3.3  NZ_CP007255.1  1823922 1824134 (4412728) C rnd-1_family-2  Unknown           (0)    210      1 146  
 1054   18.6  0.0  0.0  NZ_CP007255.1  1833510 1833719 (4403143) C rnd-1_family-2  Unknown           (0)    210      1 147  
  862   19.7  0.0  0.0  NZ_CP007255.1  1842654 1842851 (4394011) + rnd-1_family-2  Unknown             4    201    (9) 148  
   16   14.6  5.3  0.0  NZ_CP007255.1  1857163 1857200 (4379662) + (TGT)n          Simple_repeat       1     40    (0) 149  
 8709    7.7  1.4  0.6  NZ_CP007255.1  1860398 1861801 (4375061) + rnd-1_family-11 Unknown             4   1418    (0) 150  
   11   16.9  2.9  2.9  NZ_CP007255.1  1869783 1869817 (4367045) + (GCAACC)n       Simple_repeat       1     35    (0) 151  
   12    8.6 13.5  0.0  NZ_CP007255.1  1878257 1878293 (4358569) + (CGAGCGT)n      Simple_repeat       1     42    (0) 152  
   11   17.7  5.0  2.4  NZ_CP007255.1  1896416 1896455 (4340407) + (CGTCGG)n       Simple_repeat       1     41    (0) 153  
   14   21.4  2.2  2.2  NZ_CP007255.1  1898249 1898293 (4338569) + (CGGCAT)n       Simple_repeat       1     45    (0) 154  
   12   11.1  6.9  0.0  NZ_CP007255.1  1900461 1900489 (4336373) + (GCC)n          Simple_repeat       1     31    (0) 155  
   16   21.7  0.0  0.0  NZ_CP007255.1  1922732 1922769 (4314093) + (CGA)n          Simple_repeat       1     38    (0) 156  
   13   29.7  1.9  0.0  NZ_CP007255.1  1932043 1932095 (4304767) + (CACGGA)n       Simple_repeat       1     54    (0) 157  
   15   15.5  7.0  0.0  NZ_CP007255.1  1932341 1932383 (4304479) + (GGCGTC)n       Simple_repeat       1     46    (0) 158  
   11   24.0  2.6  0.0  NZ_CP007255.1  1956773 1956811 (4280051) + G-rich          Low_complexity      1     40    (0) 159  
   13   15.7  0.0  7.9  NZ_CP007255.1  1970524 1970564 (4266298) + (GAGCTC)n       Simple_repeat       1     38    (0) 160  
   11   21.2  2.5  2.5  NZ_CP007255.1  2001571 2001610 (4235252) + (GCGGTC)n       Simple_repeat       1     40    (0) 161  
  308   10.4  0.0  0.0  NZ_CP007255.1  2029893 2029940 (4206922) C rnd-1_family-5  Unknown           (6)     48      1 162  
   11   20.1  1.9  8.0  NZ_CP007255.1  2038622 2038674 (4198188) + (CGACGT)n       Simple_repeat       1     50    (0) 163  
   12   31.9  0.0  0.0  NZ_CP007255.1  2052846 2052889 (4183973) + (GGC)n          Simple_repeat       1     44    (0) 164  
  794   23.5  3.2  2.6  NZ_CP007255.1  2056677 2057052 (4179810) + rnd-1_family-9  Unknown             1    378    (0) 165  
  449   28.0  0.5  0.5  NZ_CP007255.1  2061896 2062085 (4174777) + rnd-1_family-2  Unknown             1    190   (20) 166  
  237   18.2  0.0  0.0  NZ_CP007255.1  2076643 2076697 (4160165) + rnd-1_family-3  Unknown             3     57    (7) 167  
   13   12.0  3.7  0.0  NZ_CP007255.1  2077663 2077689 (4159173) + (ACG)n          Simple_repeat       1     28    (0) 168  
   12   14.4  4.8  4.8  NZ_CP007255.1  2119240 2119281 (4117581) + (TCGAGC)n       Simple_repeat       1     42    (0) 169  
   11   27.8  0.0  4.1  NZ_CP007255.1  2121132 2121182 (4115680) + (GTCGGC)n       Simple_repeat       1     49    (0) 170  
   12   12.6  0.0  3.7  NZ_CP007255.1  2153960 2153987 (4082875) + (ATCGG)n        Simple_repeat       1     27    (0) 171  
  344   30.0  1.1  1.1  NZ_CP007255.1  2176227 2176408 (4060454) C rnd-1_family-2  Unknown          (28)    182      1 172  
  256   12.8  0.0  0.0  NZ_CP007255.1  2177071 2177117 (4059745) + rnd-1_family-3  Unknown            16     62    (2) 173  
   15   14.4  2.4  4.9  NZ_CP007255.1  2200414 2200455 (4036407) + (CGCCGT)n       Simple_repeat       1     41    (0) 174  
  227   22.4  0.0  0.0  NZ_CP007255.1  2222836 2222884 (4013978) C rnd-1_family-5  Unknown           (5)     49      1 175  
   26    3.4  0.0  0.0  NZ_CP007255.1  2241549 2241578 (3995284) + (CGACA)n        Simple_repeat       1     30    (0) 176  
   12    9.1  4.2  0.0  NZ_CP007255.1  2247852 2247875 (3988987) + (ACG)n          Simple_repeat       1     25    (0) 177  
   13   31.2  0.0  0.0  NZ_CP007255.1  2248708 2248758 (3988104) + (TCGGCG)n       Simple_repeat       1     51    (0) 178  
  629   22.1  0.9  2.4  NZ_CP007255.1  2254030 2254242 (3982620) C rnd-1_family-2  Unknown           (0)    210      1 179  
  304   32.2  0.0  3.0  NZ_CP007255.1  2264207 2264411 (3972451) + rnd-1_family-2  Unknown            11    209    (1) 180  
 1115   24.1  1.3  0.8  NZ_CP007255.1  2267768 2268143 (3968719) + rnd-1_family-9  Unknown             1    378    (0) 181  
   11   17.3  7.7  0.0  NZ_CP007255.1  2308867 2308905 (3927957) + (GTGCTCG)n      Simple_repeat       1     42    (0) 182  
   12   23.9  2.2  2.2  NZ_CP007255.1  2321720 2321765 (3915097) + (TCGGCA)n       Simple_repeat       1     46    (0) 183  
   20   22.8  2.9  2.9  NZ_CP007255.1  2323368 2323437 (3913425) + G-rich          Low_complexity      1     70    (0) 184  
   14    9.3  0.0  0.0  NZ_CP007255.1  2324092 2324114 (3912748) + (GGC)n          Simple_repeat       1     23    (0) 185  
   13   24.9  2.0  2.0  NZ_CP007255.1  2334912 2334960 (3901902) + (CGACGG)n       Simple_repeat       1     49    (0) 186  
   51    2.7  3.8  3.8  NZ_CP007255.1  2360620 2360699 (3876163) + (AACAACGGC)n    Simple_repeat       1     80    (0) 187  
  309    8.5  0.0  0.0  NZ_CP007255.1  2378369 2378415 (3858447) C rnd-1_family-5  Unknown           (7)     47      1 188  
   17   10.4  0.0  3.1  NZ_CP007255.1  2387673 2387705 (3849157) + (TTGTGT)n       Simple_repeat       1     32    (0) 189  
 8502    9.1  1.9  0.1  NZ_CP007255.1  2394548 2395889 (3840973) + rnd-1_family-13 Unknown             1   1366    (0) 190  
   13    9.7  0.0  0.0  NZ_CP007255.1  2399290 2399311 (3837551) + (GGC)n          Simple_repeat       1     22    (0) 191  
   12   16.9  2.9  2.9  NZ_CP007255.1  2435500 2435534 (3801328) + (ACG)n          Simple_repeat       1     35    (0) 192  
   15   21.3  0.0  0.0  NZ_CP007255.1  2467870 2467907 (3768955) + (TCGGCG)n       Simple_repeat       1     38    (0) 193  
   14    9.4  8.8  0.0  NZ_CP007255.1  2476416 2476449 (3760413) + (CGGCAC)n       Simple_repeat       1     37    (0) 194  
   12   14.9  8.1  0.0  NZ_CP007255.1  2477555 2477591 (3759271) + (GTCGCC)n       Simple_repeat       1     40    (0) 195  
   13    6.8  9.7  0.0  NZ_CP007255.1  2499914 2499944 (3736918) + (CGGCAC)n       Simple_repeat       1     34    (0) 196  
   13   12.0  3.7  0.0  NZ_CP007255.1  2532840 2532866 (3703996) + (GGC)n          Simple_repeat       1     28    (0) 197  
   13    8.5  4.0  0.0  NZ_CP007255.1  2565712 2565736 (3671126) + (CTGT)n         Simple_repeat       1     26    (0) 198  
   13   27.1  3.4  1.7  NZ_CP007255.1  2575711 2575769 (3661093) + (CGGATCG)n      Simple_repeat       1     60    (0) 199  
  343   29.6  1.9  3.3  NZ_CP007255.1  2587591 2587803 (3649059) + rnd-1_family-2  Unknown             1    210    (0) 200  
   16   23.3  6.9  1.3  NZ_CP007255.1  2594187 2594258 (3642604) + (GGCCGA)n       Simple_repeat       1     76    (0) 201  
  246   30.6  1.3  1.3  NZ_CP007255.1  2599177 2599325 (3637537) + rnd-1_family-2  Unknown             1    149   (61) 202  
   17   18.4  0.0  0.0  NZ_CP007255.1  2612162 2612198 (3624664) + (GGCGCG)n       Simple_repeat       1     37    (0) 203  
   25   19.2  0.0  0.0  NZ_CP007255.1  2612609 2612662 (3624200) + (TGCCGG)n       Simple_repeat       1     54    (0) 204  
   13   35.7  1.5  0.0  NZ_CP007255.1  2613074 2613140 (3623722) + (CGG)n          Simple_repeat       1     68    (0) 205  
   11   14.1  0.0  8.8  NZ_CP007255.1  2622251 2622287 (3614575) + (CGGCGC)n       Simple_repeat       1     34    (0) 206  
   14   37.9  0.0  0.0  NZ_CP007255.1  2630351 2630424 (3606438) + (TACGAG)n       Simple_repeat       1     74    (0) 207  
   13   25.8  0.0  0.0  NZ_CP007255.1  2630665 2630701 (3606161) + (GGT)n          Simple_repeat       1     37    (0) 208  
   13   25.4  2.0  2.0  NZ_CP007255.1  2632469 2632517 (3604345) + (CGACCA)n       Simple_repeat       1     49    (0) 209  
   12   10.2 14.3  0.0  NZ_CP007255.1  2648622 2648663 (3588199) + (ACGCGA)n       Simple_repeat       1     48    (0) 210  
   11   16.4  5.9  0.0  NZ_CP007255.1  2653487 2653520 (3583342) + (GGCGAC)n       Simple_repeat       1     36    (0) 211  
   12   20.5  0.0  2.9  NZ_CP007255.1  2672768 2672803 (3564059) + (TGAGCT)n       Simple_repeat       1     35    (0) 212  
  441   23.7  1.7  3.5  NZ_CP007255.1  2673048 2673222 (3563640) C rnd-1_family-2  Unknown          (38)    172      1 213  
  721   24.3  0.0  0.0  NZ_CP007255.1  2682242 2682451 (3554411) C rnd-1_family-2  Unknown           (0)    210      1 214  
   13   24.7  0.0  0.0  NZ_CP007255.1  2683441 2683478 (3553384) + (CGCCGG)n       Simple_repeat       1     38    (0) 215  
   12   21.7  0.0  0.0  NZ_CP007255.1  2703492 2703523 (3533339) + (CGACCG)n       Simple_repeat       1     32    (0) 216  
   19   14.4  9.5  1.5  NZ_CP007255.1  2703653 2703715 (3533147) + (CGTCGA)n       Simple_repeat       1     68    (0) 217  
29163    1.0  0.6  0.2  NZ_CP007255.1  2711351 2714965 (3521897) + rnd-1_family-16 rRNA                1   3628    (0) 218  
  248   18.4  0.0  0.0  NZ_CP007255.1  2715122 2715170 (3521692) C rnd-1_family-10 Unknown           (0)     54      6 219  
   13   16.5  0.0  0.0  NZ_CP007255.1  2749213 2749239 (3487623) + (GAC)n          Simple_repeat       1     27    (0) 220  
  283   25.7  0.0  2.9  NZ_CP007255.1  2760276 2760383 (3476479) + rnd-1_family-2  Unknown             2    106  (104) 221  
   16   25.2  5.6  1.3  NZ_CP007255.1  2777910 2777981 (3458881) + (GCCGGC)n       Simple_repeat       1     75    (0) 222  
   14   13.2  2.9  2.9  NZ_CP007255.1  2803218 2803252 (3433610) + (CGACGG)n       Simple_repeat       1     35    (0) 223  
 2042   12.4  0.0  0.3  NZ_CP007255.1  2851192 2851570 (3385292) + rnd-1_family-9  Unknown             1    378    (0) 224  
   23   17.3  0.0  3.7  NZ_CP007255.1  2855521 2855576 (3381286) + (GTGCA)n        Simple_repeat       1     54    (0) 225  
   16   16.4  0.0  0.0  NZ_CP007255.1  2858049 2858082 (3378780) + (CGACTT)n       Simple_repeat       1     34    (0) 226  
   12   11.1  3.2  3.2  NZ_CP007255.1  2858537 2858567 (3378295) + (TCGACC)n       Simple_repeat       1     31    (0) 227  
   12   28.7  0.0  0.0  NZ_CP007255.1  2864984 2865025 (3371837) + G-rich          Low_complexity      1     42    (0) 228  
   29    5.7  0.0  0.0  NZ_CP007255.1  2865037 2865073 (3371789) + (CCAGGATCG)n    Simple_repeat       1     37    (0) 229  
   11   28.5  5.1  0.0  NZ_CP007255.1  2865158 2865216 (3371646) + (GGCCGC)n       Simple_repeat       1     62    (0) 230  
   11   19.0  8.0  1.9  NZ_CP007255.1  2868903 2868952 (3367910) + (CGACGG)n       Simple_repeat       1     53    (0) 231  
   17   17.7  0.0  6.4  NZ_CP007255.1  2874035 2874084 (3362778) + (CATCGG)n       Simple_repeat       1     47    (0) 232  
29885    0.1  0.7  0.0  NZ_CP007255.1  2884849 2888452 (3348410) + rnd-1_family-16 rRNA                1   3628    (0) 233  
  259   18.9  0.0  0.0  NZ_CP007255.1  2889299 2889351 (3347511) C rnd-1_family-10 Unknown           (0)     54      2 234  
   13   11.9  0.0 14.3  NZ_CP007255.1  2893884 2893931 (3342931) + (CCG)n          Simple_repeat       1     42    (0) 235  
   14   20.0  2.4  2.4  NZ_CP007255.1  2894445 2894486 (3342376) + (CCG)n          Simple_repeat       1     42    (0) 236  
   16   20.8  2.2  2.2  NZ_CP007255.1  2894820 2894865 (3341997) + (GCG)n          Simple_repeat       1     46    (0) 237  
   14   10.0  2.8  5.7  NZ_CP007255.1  2902162 2902197 (3334665) + (GGTC)n         Simple_repeat       1     35    (0) 238  
   14   20.9  0.0  0.0  NZ_CP007255.1  2922572 2922604 (3314258) + (CGA)n          Simple_repeat       1     33    (0) 239  
   13   26.0  1.9  1.9  NZ_CP007255.1  2936387 2936438 (3300424) + (GCTGCA)n       Simple_repeat       1     52    (0) 240  
   15   23.3  0.0  0.0  NZ_CP007255.1  2941509 2941548 (3295314) + (ACGGCG)n       Simple_repeat       1     40    (0) 241  
   12   24.6  3.6  3.6  NZ_CP007255.1  2943366 2943421 (3293441) + (GGCTC)n        Simple_repeat       1     56    (0) 242  
   13   22.6  3.6  3.6  NZ_CP007255.1  2970777 2970831 (3266031) + (AGGCGCC)n      Simple_repeat       1     55    (0) 243  
   12   37.8  0.0  0.0  NZ_CP007255.1  2986605 2986668 (3250194) + (GCC)n          Simple_repeat       1     64    (0) 244  
  734   26.2  3.2  1.9  NZ_CP007255.1  2993770 2994142 (3242720) + rnd-1_family-9  Unknown             1    378    (0) 245  
   12    5.6  0.0  0.0  NZ_CP007255.1  3008154 3008172 (3228690) + (CCG)n          Simple_repeat       1     19    (0) 246  
   13   17.0  3.0  0.0  NZ_CP007255.1  3012110 3012142 (3224720) + (CGCGGT)n       Simple_repeat       1     34    (0) 247  
   15   17.1  0.0  4.9  NZ_CP007255.1  3012844 3012886 (3223976) + (CCGGAGC)n      Simple_repeat       1     41    (0) 248  
   14   23.3  5.8  2.8  NZ_CP007255.1  3014952 3015020 (3221842) + (CGTGGA)n       Simple_repeat       1     71    (0) 249  
   17   26.6  0.0  3.6  NZ_CP007255.1  3015215 3015272 (3221590) + (GCC)n          Simple_repeat       1     56    (0) 250  
   13   21.6  0.0  0.0  NZ_CP007255.1  3030381 3030412 (3206450) + (CAT)n          Simple_repeat       1     32    (0) 251  
  870   26.8  2.4  1.9  NZ_CP007255.1  3030832 3031207 (3205655) + rnd-1_family-9  Unknown             1    378    (0) 252  
  296    9.4  1.9  1.9  NZ_CP007255.1  3060879 3060932 (3175930) + rnd-1_family-10 Unknown             1     54    (0) 253  
   18   23.8  0.0  0.0  NZ_CP007255.1  3072473 3072521 (3164341) + (CGGTGG)n       Simple_repeat       1     49    (0) 254  
   25   25.6  0.0  0.0  NZ_CP007255.1  3108231 3108295 (3128567) + (GCC)n          Simple_repeat       1     65    (0) 255  
 8682    7.7  1.4  0.6  NZ_CP007255.1  3136134 3137526 (3099336) + rnd-1_family-11 Unknown             1   1404   (14) 256  
   12   15.3  5.3  2.6  NZ_CP007255.1  3218067 3218104 (3018758) + (CGCCGAA)n      Simple_repeat       1     39    (0) 257  
  474   23.9  1.8  1.8  NZ_CP007255.1  3243351 3243516 (2993346) C rnd-1_family-2  Unknown          (43)    167      2 258  
   16   17.8  4.3  2.1  NZ_CP007255.1  3298103 3298148 (2938714) + (GTG)n          Simple_repeat       1     47    (0) 259  
   12   18.4  0.0  3.1  NZ_CP007255.1  3298558 3298590 (2938272) + (CGCGTG)n       Simple_repeat       1     32    (0) 260  
   16   20.4  0.0  2.4  NZ_CP007255.1  3317402 3317443 (2919419) + (GCAGCG)n       Simple_repeat       1     41    (0) 261  
   13   16.7  4.5  4.5  NZ_CP007255.1  3323953 3323996 (2912866) + (CGC)n          Simple_repeat       1     44    (0) 262  
   13   27.3  2.8  4.3  NZ_CP007255.1  3333180 3333250 (2903612) + (GTCGTC)n       Simple_repeat       1     70    (0) 263  
 8306    8.4  1.5  0.7  NZ_CP007255.1  3355438 3356800 (2880062) + rnd-1_family-11 Unknown             1   1374   (44) 264  
  367    6.7  0.0  0.0  NZ_CP007255.1  3366507 3366566 (2870296) C rnd-1_family-3  Unknown           (0)     64      5 265  
  863   23.4  3.2  4.5  NZ_CP007255.1  3366912 3367291 (2869571) + rnd-1_family-0  Unknown             2    376    (0) 266  
  406   25.4  0.5 10.1  NZ_CP007255.1  3367170 3367375 (2869487) C rnd-1_family-7  Unknown           (1)    866    679 267 *
  289   24.7  1.3  5.9  NZ_CP007255.1  3367820 3367978 (2868884) C rnd-1_family-7  Unknown         (640)    227     76 267  
  256   31.4  3.6  3.4  NZ_CP007255.1  3368189 3368861 (2868001) C rnd-1_family-4  Unknown          (50)    883    210 268  
  315   14.8  0.0  0.0  NZ_CP007255.1  3369648 3369708 (2867154) C rnd-1_family-3  Unknown           (0)     64      4 269  
  365   26.2  4.6  3.0  NZ_CP007255.1  3370185 3370444 (2866418) + rnd-1_family-0  Unknown           110    373    (3) 270  
  349   31.5  4.2  1.7  NZ_CP007255.1  3370329 3370612 (2866250) C rnd-1_family-7  Unknown           (1)    866    576 271 *
  319   29.4  2.8  1.4  NZ_CP007255.1  3370989 3371205 (2865657) C rnd-1_family-7  Unknown         (639)    228      9 271  
 1186   27.7  6.5  3.0  NZ_CP007255.1  3371304 3372136 (2864726) C rnd-1_family-4  Unknown           (0)    933     73 272  
  477   21.7  3.8 10.2  NZ_CP007255.1  3373261 3373552 (2863310) + rnd-1_family-0  Unknown           102    376    (0) 273  
  391   24.5  3.0  3.0  NZ_CP007255.1  3374391 3374592 (2862270) C rnd-1_family-4  Unknown           (0)    933    732 274  
  272   33.2  0.9  0.9  NZ_CP007255.1  3374803 3375027 (2861835) C rnd-1_family-4  Unknown         (438)    495    271 274  
  431   28.8  6.2  1.6  NZ_CP007255.1  3376136 3376492 (2860370) + rnd-1_family-0  Unknown             1    373    (3) 275  
  360   30.8  4.3  4.5  NZ_CP007255.1  3377379 3378069 (2858793) C rnd-1_family-4  Unknown          (66)    867    178 276  
  772   25.3  2.9  2.7  NZ_CP007255.1  3379205 3379578 (2857284) + rnd-1_family-0  Unknown             1    375    (1) 277  
  333   30.3  3.5  5.7  NZ_CP007255.1  3379454 3379988 (2856874) C rnd-1_family-7  Unknown           (0)    867    344 278 *
   17   13.3  0.0  0.0  NZ_CP007255.1  3384352 3384384 (2852478) + (CAGACA)n       Simple_repeat       1     33    (0) 279  
   12   21.7  0.0  0.0  NZ_CP007255.1  3384544 3384575 (2852287) + (TACTCG)n       Simple_repeat       1     32    (0) 280  
   11   18.7  4.3  4.3  NZ_CP007255.1  3402000 3402045 (2834817) + (GCGACT)n       Simple_repeat       1     46    (0) 281  
   29    5.8  0.0  0.0  NZ_CP007255.1  3412123 3412158 (2824704) + (CCACGG)n       Simple_repeat       1     36    (0) 282  
  362   31.4  4.0  4.3  NZ_CP007255.1  3414860 3415209 (2821653) C rnd-1_family-18 Unknown         (219)    585    237 283  
 1054   24.3  1.6  1.3  NZ_CP007255.1  3415539 3415913 (2820949) + rnd-1_family-0  Unknown             1    376    (0) 284  
  783   26.3  4.8  3.3  NZ_CP007255.1  3415791 3416270 (2820592) C rnd-1_family-7  Unknown           (0)    867    381 285 *
   13   18.7  0.0  5.3  NZ_CP007255.1  3419191 3419230 (2817632) + A-rich          Low_complexity      1     38    (0) 286  
 1252   27.8  1.5  2.3  NZ_CP007255.1  3419347 3419961 (2816901) C rnd-1_family-18 Unknown         (191)    613      4 287  
  726   26.0  3.8  3.5  NZ_CP007255.1  3420085 3420451 (2816411) + rnd-1_family-0  Unknown             8    375    (1) 288 *
 1401   28.8  4.4  2.1  NZ_CP007255.1  3420331 3421151 (2815711) C rnd-1_family-7  Unknown           (1)    866     28 289  
 1773   24.8  1.9  2.0  NZ_CP007255.1  3421258 3422013 (2814849) C rnd-1_family-4  Unknown           (0)    933    179 290  
  244   18.8  0.0  0.0  NZ_CP007255.1  3422734 3422797 (2814065) C rnd-1_family-3  Unknown           (0)     64      1 291  
 1242   22.9  1.3  0.3  NZ_CP007255.1  3423138 3423509 (2813353) + rnd-1_family-0  Unknown             1    376    (0) 292  
  422   23.6  4.9  1.4  NZ_CP007255.1  3423391 3423532 (2813330) C rnd-1_family-7  Unknown           (1)    866    720 293 *
  895   27.3  1.6  1.1  NZ_CP007255.1  3423775 3424208 (2812654) C rnd-1_family-7  Unknown         (404)    463     28 293  
 1552   28.8  1.8  2.0  NZ_CP007255.1  3424321 3425174 (2811688) C rnd-1_family-4  Unknown           (0)    933     82 294  
  374   29.5  4.0  5.0  NZ_CP007255.1  3425601 3425900 (2810962) C rnd-1_family-18 Unknown         (268)    536    240 295  
  860   22.4  1.0  1.6  NZ_CP007255.1  3426346 3426653 (2810209) + rnd-1_family-0  Unknown            68    373    (3) 296 *
 1033   30.5  3.6  3.6  NZ_CP007255.1  3426535 3427373 (2809489) C rnd-1_family-7  Unknown           (1)    866     28 297  
 1888   27.4  3.4  1.9  NZ_CP007255.1  3427492 3428409 (2808453) C rnd-1_family-4  Unknown           (0)    933      3 298  
  674   34.0  2.7  2.7  NZ_CP007255.1  3428538 3429305 (2807557) C rnd-1_family-18 Unknown          (23)    781     14 299  
  825   26.5  1.9  2.4  NZ_CP007255.1  3429429 3429803 (2807059) + rnd-1_family-0  Unknown             1    373    (3) 300 *
 1773   25.9  2.5  4.0  NZ_CP007255.1  3429691 3430562 (2806300) C rnd-1_family-7  Unknown           (7)    860      1 301  
 2210   24.5  2.9  3.1  NZ_CP007255.1  3430657 3431588 (2805274) C rnd-1_family-4  Unknown           (3)    930      1 302  
 1770   22.1  1.1  1.9  NZ_CP007255.1  3431692 3432501 (2804361) C rnd-1_family-18 Unknown           (0)    804      1 303  
  923   19.5  2.3  2.6  NZ_CP007255.1  3432616 3432989 (2803873) + rnd-1_family-8  Unknown             1    373    (3) 304 *
 1562   24.6  3.2  3.9  NZ_CP007255.1  3432870 3433737 (2803125) C rnd-1_family-7  Unknown           (0)    867      6 305  
 1997   26.5  1.9  2.1  NZ_CP007255.1  3433837 3434768 (2802094) C rnd-1_family-4  Unknown           (3)    930      1 306  
 1837   22.1  0.9  1.6  NZ_CP007255.1  3434872 3435681 (2801181) C rnd-1_family-18 Unknown           (0)    804      1 307  
  923   19.5  2.3  2.6  NZ_CP007255.1  3435796 3436169 (2800693) + rnd-1_family-8  Unknown             1    373    (3) 308 *
 1366   25.6  4.2  5.0  NZ_CP007255.1  3436050 3436922 (2799940) C rnd-1_family-7  Unknown           (0)    867      1 309  
   12   16.0  5.4  7.3  NZ_CP007255.1  3436936 3436991 (2799871) + (GACCTC)n       Simple_repeat       1     55    (0) 310  
 1777   27.9  1.5  3.0  NZ_CP007255.1  3437014 3437958 (2798904) C rnd-1_family-4  Unknown           (0)    933      3 311  
  322   23.2  0.0  0.0  NZ_CP007255.1  3438524 3438605 (2798257) C rnd-1_family-18 Unknown         (470)    334    253 312  
  907   27.1  1.1  0.8  NZ_CP007255.1  3438951 3439322 (2797540) + rnd-1_family-0  Unknown             1    373    (3) 313  
  612   28.5  2.7  4.5  NZ_CP007255.1  3439253 3439701 (2797161) C rnd-1_family-7  Unknown          (50)    817    377 314 *
  278   23.9  0.0  0.0  NZ_CP007255.1  3443167 3443233 (2793629) C rnd-1_family-18 Unknown         (487)    317    251 315  
 1003   24.9  1.3  1.1  NZ_CP007255.1  3443577 3443949 (2792913) + rnd-1_family-0  Unknown             1    374    (2) 316  
  557   29.5  3.1  4.7  NZ_CP007255.1  3443834 3444353 (2792509) C rnd-1_family-7  Unknown           (5)    862    351 317 *
 8679    6.9  1.0  0.0  NZ_CP007255.1  3449319 3450594 (2786268) + rnd-1_family-12 Unknown             5   1293    (0) 318  
  270   25.4  2.6  8.3  NZ_CP007255.1  3457690 3458047 (2778815) C rnd-1_family-3  Unknown         (216)    588     11 319  
 1192   24.9  0.0  0.5  NZ_CP007255.1  3458393 3458768 (2778094) + rnd-1_family-0  Unknown             1    374    (2) 320 *
 1654   26.2  2.7  6.7  NZ_CP007255.1  3458649 3459529 (2777333) C rnd-1_family-7  Unknown           (1)    866     19 321  
 1792   26.6  2.3  2.5  NZ_CP007255.1  3459702 3460570 (2776292) C rnd-1_family-4  Unknown          (63)    870      4 322  
 1533   20.3  1.2  1.6  NZ_CP007255.1  3460677 3461483 (2775379) C rnd-1_family-18 Unknown           (0)    804      1 323  
  602   16.7  0.0  0.0  NZ_CP007255.1  3461673 3461840 (2775022) + rnd-1_family-8  Unknown             5    172    (2) 324  
 1164   26.8  2.9  4.0  NZ_CP007255.1  3461861 3462702 (2774160) C rnd-1_family-7  Unknown           (0)    867     35 325  
 1731   28.6  2.2  3.1  NZ_CP007255.1  3462831 3463771 (2773091) C rnd-1_family-4  Unknown           (0)    933      1 326  
  311   15.6  0.0  1.6  NZ_CP007255.1  3464391 3464455 (2772407) C rnd-1_family-3  Unknown           (0)     64      1 327  
 1003   23.4  1.3  1.9  NZ_CP007255.1  3464795 3465169 (2771693) + rnd-1_family-0  Unknown             1    373    (3) 328  
  721   26.9  1.6  7.0  NZ_CP007255.1  3465051 3465562 (2771300) C rnd-1_family-7  Unknown           (1)    866    381 329 *
 1532   20.2  1.2  1.6  NZ_CP007255.1  3468540 3469346 (2767516) C rnd-1_family-18 Unknown           (0)    804      1 330  
  602   16.7  0.0  0.0  NZ_CP007255.1  3469536 3469703 (2767159) + rnd-1_family-8  Unknown             5    172    (2) 331  
 1376   27.4  1.6  6.7  NZ_CP007255.1  3469724 3470603 (2766259) C rnd-1_family-7  Unknown           (0)    867     30 332  
 1843   27.3  2.2  2.5  NZ_CP007255.1  3470724 3471655 (2765207) C rnd-1_family-4  Unknown           (0)    933      4 333  
   16    7.2  0.0  6.5  NZ_CP007255.1  3471785 3471817 (2765045) + (GCCTCG)n       Simple_repeat       1     31    (0) 334  
  250   12.8  0.0  0.0  NZ_CP007255.1  3472305 3472351 (2764511) C rnd-1_family-3  Unknown           (0)     64     18 335  
  486   27.6  1.8  1.4  NZ_CP007255.1  3472856 3473131 (2763731) + rnd-1_family-0  Unknown            34    376    (0) 336  
  335   11.9  0.0  0.0  NZ_CP007255.1  3476961 3477019 (2759843) C rnd-1_family-3  Unknown           (0)     64      6 337  
 1326   21.7  1.3  1.1  NZ_CP007255.1  3477365 3477737 (2759125) + rnd-1_family-0  Unknown             1    374    (2) 338  
 1300   29.2  3.0  3.4  NZ_CP007255.1  3477618 3478474 (2758388) C rnd-1_family-7  Unknown           (1)    866     13 339 *
 1842   28.5  1.5  1.7  NZ_CP007255.1  3478587 3479519 (2757343) C rnd-1_family-4  Unknown           (0)    933      3 340  
  256   20.3  0.0  0.0  NZ_CP007255.1  3480129 3480187 (2756675) C rnd-1_family-3  Unknown           (0)     64      6 341  
  503   26.3  3.2  3.5  NZ_CP007255.1  3480533 3480816 (2756046) + rnd-1_family-0  Unknown             1    283   (93) 342  
  490   17.4  0.0  1.1  NZ_CP007255.1  3480863 3480955 (2755907) + rnd-1_family-0  Unknown           285    376    (0) 342 *
  573   30.3  2.3  4.9  NZ_CP007255.1  3480882 3481363 (2755499) C rnd-1_family-7  Unknown          (49)    818    349 343  
   14   17.2  6.0  3.9  NZ_CP007255.1  3504683 3504732 (2732130) + (TCG)n          Simple_repeat       1     51    (0) 344  
   12   18.8  5.8  3.8  NZ_CP007255.1  3508816 3508867 (2727995) + (GTCGAGT)n      Simple_repeat       1     53    (0) 345  
   14   11.9  2.4  7.5  NZ_CP007255.1  3509261 3509302 (2727560) + (GTCGA)n        Simple_repeat       1     40    (0) 346  
   12   15.4  6.4  4.2  NZ_CP007255.1  3515573 3515619 (2721243) + (CTCGCG)n       Simple_repeat       1     48    (0) 347  
   12   15.8  2.6  5.3  NZ_CP007255.1  3537513 3537551 (2699311) + (CACGAC)n       Simple_repeat       1     38    (0) 348  
   17   20.9  6.7  2.6  NZ_CP007255.1  3546187 3546261 (2690601) + (ACGTCG)n       Simple_repeat       1     78    (0) 349  
   12    7.0 10.0  0.0  NZ_CP007255.1  3551992 3552021 (2684841) + (GGCTCC)n       Simple_repeat       1     33    (0) 350  
   12    4.9  0.0  4.5  NZ_CP007255.1  3557704 3557726 (2679136) + (CCGT)n         Simple_repeat       1     22    (0) 351  
   12   13.1  0.0 10.8  NZ_CP007255.1  3571833 3571873 (2664989) + (AAGAAGT)n      Simple_repeat       1     37    (0) 352  
   13   26.0  0.0  0.0  NZ_CP007255.1  3582709 3582749 (2654113) + (ATCGAC)n       Simple_repeat       1     41    (0) 353  
29793    0.4  0.1  0.0  NZ_CP007255.1  3598799 3602402 (2634460) + rnd-1_family-16 rRNA                1   3609   (19) 354  
   12   10.4  6.1  2.9  NZ_CP007255.1  3618610 3618642 (2618220) + (AGCGG)n        Simple_repeat       1     34    (0) 355  
   13   17.1  0.0  5.7  NZ_CP007255.1  3685136 3685172 (2551690) + (CGA)n          Simple_repeat       1     35    (0) 356  
   14   12.8 11.3  1.7  NZ_CP007255.1  3687062 3687114 (2549748) + (CCTGAT)n       Simple_repeat       1     58    (0) 357  
   11   20.6  5.1  0.0  NZ_CP007255.1  3694998 3695036 (2541826) + (GCACGGC)n      Simple_repeat       1     41    (0) 358  
   13   30.7  0.0  0.0  NZ_CP007255.1  3718941 3718988 (2517874) + (TCGATG)n       Simple_repeat       1     48    (0) 359  
   19   30.7  2.2  2.2  NZ_CP007255.1  3727603 3727693 (2509169) + (CAG)n          Simple_repeat       1     91    (0) 360  
   12   32.5  1.8  0.0  NZ_CP007255.1  3731146 3731202 (2505660) + (ACGCCG)n       Simple_repeat       1     58    (0) 361  
   11   24.3  0.0  0.0  NZ_CP007255.1  3732329 3732362 (2504500) + (GACGAG)n       Simple_repeat       1     34    (0) 362  
   14   27.9  0.0  2.1  NZ_CP007255.1  3756711 3756759 (2480103) + (CCG)n          Simple_repeat       1     48    (0) 363  
   13   20.9  4.5  0.0  NZ_CP007255.1  3761602 3761645 (2475217) + (CGCGCGG)n      Simple_repeat       1     46    (0) 364  
  276   30.4  0.0  0.0  NZ_CP007255.1  3770108 3770222 (2466640) C rnd-1_family-18 Unknown         (219)    585    471 365  
  307   14.1  0.0  1.6  NZ_CP007255.1  3770398 3770462 (2466400) C rnd-1_family-3  Unknown           (0)     64      1 366  
 1258   18.6  2.4  2.9  NZ_CP007255.1  3770802 3771178 (2465684) + rnd-1_family-0  Unknown             1    375    (1) 367  
 1112   30.5  1.6  3.4  NZ_CP007255.1  3771058 3771916 (2464946) C rnd-1_family-7  Unknown           (1)    866     23 368 *
 1618   24.7  4.4  3.2  NZ_CP007255.1  3772030 3772890 (2463972) C rnd-1_family-4  Unknown           (0)    933     63 369  
 1752   26.3  0.7  1.0  NZ_CP007255.1  3773161 3773843 (2463019) C rnd-1_family-18 Unknown         (122)    682      2 370  
  899   23.4  1.3  2.7  NZ_CP007255.1  3773958 3774338 (2462524) + rnd-1_family-0  Unknown             1    376    (0) 371 *
 1195   28.8  2.3  3.4  NZ_CP007255.1  3774217 3775076 (2461786) C rnd-1_family-7  Unknown           (1)    866     16 372  
 2006   25.2  2.1  2.4  NZ_CP007255.1  3775183 3776117 (2460745) C rnd-1_family-4  Unknown           (0)    933      1 373  
  276   18.3  0.0  0.0  NZ_CP007255.1  3776719 3776778 (2460084) C rnd-1_family-3  Unknown           (0)     64      5 374  
 1098   22.0  1.1  1.6  NZ_CP007255.1  3777126 3777503 (2459359) + rnd-1_family-0  Unknown             1    376    (0) 375  
  486   30.8  1.5  4.3  NZ_CP007255.1  3777382 3777903 (2458959) C rnd-1_family-7  Unknown           (1)    866    359 376 *
  347   11.3  0.0  0.0  NZ_CP007255.1  3781354 3781415 (2455447) C rnd-1_family-3  Unknown           (0)     64      3 377  
 1293   19.7  1.6  2.1  NZ_CP007255.1  3781758 3782135 (2454727) + rnd-1_family-0  Unknown             1    376    (0) 378  
  916   31.3  2.2  4.0  NZ_CP007255.1  3782014 3782876 (2453986) C rnd-1_family-7  Unknown           (1)    866     19 379 *
 2052   27.2  1.0  1.8  NZ_CP007255.1  3782986 3783926 (2452936) C rnd-1_family-4  Unknown           (0)    933      1 380  
  789   23.5  1.1  1.9  NZ_CP007255.1  3785128 3785396 (2451466) + rnd-1_family-0  Unknown           110    376    (0) 381  
  604   27.6  3.5  6.5  NZ_CP007255.1  3785274 3785781 (2451081) C rnd-1_family-7  Unknown           (0)    867    374 382 *
   11   19.4  5.9  3.9  NZ_CP007255.1  3786604 3786654 (2450208) + (GTCGAC)n       Simple_repeat       1     52    (0) 383  
  312   16.1  0.0  0.0  NZ_CP007255.1  3789235 3789296 (2447566) C rnd-1_family-3  Unknown           (0)     64      3 384  
 1982   14.6  0.0  0.5  NZ_CP007255.1  3789639 3790016 (2446846) + rnd-1_family-0  Unknown             1    376    (0) 385  
 1225   23.9  3.4  4.6  NZ_CP007255.1  3790168 3790756 (2446106) C rnd-1_family-7  Unknown         (269)    598     17 386  
 1873   26.1  2.4  3.2  NZ_CP007255.1  3790864 3791801 (2445061) C rnd-1_family-4  Unknown           (0)    933      4 387  
  314   16.7  0.0  0.0  NZ_CP007255.1  3792412 3792471 (2444391) C rnd-1_family-3  Unknown           (0)     64      5 388  
 1267   21.9  0.0  0.5  NZ_CP007255.1  3792816 3793191 (2443671) + rnd-1_family-0  Unknown             1    374    (2) 389  
  452   28.4  2.9  4.7  NZ_CP007255.1  3793342 3793647 (2443215) C rnd-1_family-7  Unknown         (265)    602    302 390  
   13   10.2 10.0  6.5  NZ_CP007255.1  3836564 3836623 (2400239) + (GCGTCGA)n      Simple_repeat       1     62    (0) 391  
   12   18.2  4.3  4.3  NZ_CP007255.1  3861103 3861149 (2375713) + (GCCGAC)n       Simple_repeat       1     47    (0) 392  
  511   29.8  2.9  3.9  NZ_CP007255.1  3865768 3866280 (2370582) + rnd-1_family-7  Unknown           360    867    (0) 393 *
 1255   17.5  2.9  3.5  NZ_CP007255.1  3866158 3866535 (2370327) C rnd-1_family-0  Unknown           (0)    376      1 394  
  361   12.5  0.0  0.0  NZ_CP007255.1  3866876 3866939 (2369923) + rnd-1_family-3  Unknown             1     64    (0) 395  
 1231   26.9  4.0  3.5  NZ_CP007255.1  3867528 3868454 (2368408) + rnd-1_family-4  Unknown             3    933    (0) 396  
  989   29.5  3.3  4.4  NZ_CP007255.1  3868564 3869411 (2367451) + rnd-1_family-7  Unknown            28    866    (1) 397 *
 1177   21.1  1.1  1.6  NZ_CP007255.1  3869292 3869667 (2367195) C rnd-1_family-0  Unknown           (2)    374      1 398  
  293   16.7  0.0  0.0  NZ_CP007255.1  3870012 3870071 (2366791) + rnd-1_family-3  Unknown             5     64    (0) 399  
 1132   26.6  2.9  3.0  NZ_CP007255.1  3870820 3871517 (2365345) + rnd-1_family-4  Unknown           174    870   (63) 400  
  873   30.4  3.3  3.3  NZ_CP007255.1  3871691 3872540 (2364322) + rnd-1_family-7  Unknown            17    866    (1) 401 *
 1303   21.4  0.8  1.3  NZ_CP007255.1  3872419 3872796 (2364066) C rnd-1_family-0  Unknown           (0)    376      1 402  
  291   17.2  0.0  0.0  NZ_CP007255.1  3873137 3873200 (2363662) + rnd-1_family-3  Unknown             1     64    (0) 403  
 1364   25.7  3.6  3.8  NZ_CP007255.1  3873817 3874707 (2362155) + rnd-1_family-4  Unknown             1    889   (44) 404  
  658   32.9  3.1  3.1  NZ_CP007255.1  3874907 3875738 (2361124) + rnd-1_family-7  Unknown            35    866    (1) 405 *
  849   24.3  1.0  1.7  NZ_CP007255.1  3875619 3875919 (2360943) C rnd-1_family-0  Unknown           (2)    374     76 406  
  487   29.5  4.7  5.0  NZ_CP007255.1  3876299 3876876 (2359986) + rnd-1_family-18 Unknown           140    715   (89) 407  
   12   13.6  2.8  5.7  NZ_CP007255.1  3909633 3909668 (2327194) + (GCAGT)n        Simple_repeat       1     35    (0) 408  
   12   11.2  0.0  9.4  NZ_CP007255.1  3925280 3925314 (2311548) + (CGCGC)n        Simple_repeat       1     32    (0) 409  
   12    7.8  7.4  0.0  NZ_CP007255.1  3953353 3953379 (2283483) + (GCCGC)n        Simple_repeat       1     29    (0) 410  
   20   21.1  0.0  5.3  NZ_CP007255.1  3964755 3964814 (2272048) + (GGC)n          Simple_repeat       1     57    (0) 411  
   16   14.9  0.0  0.0  NZ_CP007255.1  4010706 4010735 (2226127) + (TCG)n          Simple_repeat       1     30    (0) 412  
   12   20.0  1.9  8.0  NZ_CP007255.1  4012161 4012213 (2224649) + (CGA)n          Simple_repeat       1     50    (0) 413  
   12   23.5  0.0  0.0  NZ_CP007255.1  4024478 4024509 (2212353) + (CTGATT)n       Simple_repeat       1     32    (0) 414  
   14   25.2  0.0  0.0  NZ_CP007255.1  4034561 4034602 (2202260) + G-rich          Low_complexity      1     42    (0) 415  
   12   13.3  9.3  2.2  NZ_CP007255.1  4040752 4040794 (2196068) + (ACTCG)n        Simple_repeat       1     46    (0) 416  
   18   19.2  3.6  1.8  NZ_CP007255.1  4043429 4043483 (2193379) + (AGCAGA)n       Simple_repeat       1     56    (0) 417  
   13   28.8  0.0  0.0  NZ_CP007255.1  4049358 4049399 (2187463) + (CGC)n          Simple_repeat       1     42    (0) 418  
   15   15.7  4.3  4.3  NZ_CP007255.1  4076941 4076986 (2159876) + (TTC)n          Simple_repeat       1     46    (0) 419  
   14   13.6  7.4  5.5  NZ_CP007255.1  4079808 4079867 (2156995) + (GCC)n          Simple_repeat       1     61    (0) 420  
   13   27.2  3.1  3.1  NZ_CP007255.1  4083793 4083857 (2153005) + (CGTCGC)n       Simple_repeat       1     65    (0) 421  
   19   21.9  4.0  4.0  NZ_CP007255.1  4086547 4086620 (2150242) + (GCT)n          Simple_repeat       1     74    (0) 422  
   11   24.3  0.0  0.0  NZ_CP007255.1  4090749 4090782 (2146080) + (CGGCTA)n       Simple_repeat       1     34    (0) 423  
  296   12.8  0.0  0.0  NZ_CP007255.1  4116587 4116633 (2120229) + rnd-1_family-5  Unknown             2     48    (6) 424  
   12    4.5  4.0  4.0  NZ_CP007255.1  4139052 4139076 (2097786) + (GCCT)n         Simple_repeat       1     25    (0) 425  
   18   20.0  0.0  0.0  NZ_CP007255.1  4143366 4143405 (2093457) + (CCG)n          Simple_repeat       1     40    (0) 426  
   16   28.0  1.4  4.2  NZ_CP007255.1  4152445 4152518 (2084344) + (CCCCG)n        Simple_repeat       1     72    (0) 427  
   14    6.5  5.6  5.6  NZ_CP007255.1  4165423 4165458 (2071404) + (TCGACG)n       Simple_repeat       1     36    (0) 428  
   12   21.7  0.0  0.0  NZ_CP007255.1  4175352 4175383 (2061479) + (CTCCGG)n       Simple_repeat       1     32    (0) 429  
   12   21.6  2.5  2.5  NZ_CP007255.1  4179265 4179304 (2057558) + (GGC)n          Simple_repeat       1     40    (0) 430  
   38    2.5  0.0  0.0  NZ_CP007255.1  4204164 4204203 (2032659) + (CAGGTAGC)n     Simple_repeat       1     40    (0) 431  
   13    9.8  0.0  0.0  NZ_CP007255.1  4206522 4206543 (2030319) + (GTC)n          Simple_repeat       1     22    (0) 432  
   13    9.8  9.1  0.0  NZ_CP007255.1  4209047 4209079 (2027783) + (ACCTTG)n       Simple_repeat       1     36    (0) 433  
  570   30.1  4.6  3.8  NZ_CP007255.1  4210530 4211053 (2025809) + rnd-1_family-7  Unknown           339    866    (1) 434 *
  618   28.1  0.7  0.3  NZ_CP007255.1  4210935 4211223 (2025639) C rnd-1_family-0  Unknown           (3)    373     84 435  
  267   17.2  0.0  1.6  NZ_CP007255.1  4211682 4211746 (2025116) + rnd-1_family-3  Unknown             1     64    (0) 436  
  734   24.1  5.2  3.2  NZ_CP007255.1  4213953 4214317 (2022545) C rnd-1_family-0  Unknown           (3)    373      2 437  
  281   14.8  0.0  0.0  NZ_CP007255.1  4214684 4214737 (2022125) + rnd-1_family-3  Unknown            11     64    (0) 438  
  349   28.7  5.7  6.1  NZ_CP007255.1  4219124 4219616 (2017246) + rnd-1_family-7  Unknown           377    867    (0) 439 *
  409   28.4  3.6  2.4  NZ_CP007255.1  4219494 4219858 (2017004) C rnd-1_family-0  Unknown           (0)    376      8 440  
  256   16.4  0.0  0.0  NZ_CP007255.1  4220248 4220302 (2016560) + rnd-1_family-3  Unknown            10     64    (0) 441  
  273   30.4  0.5  0.5  NZ_CP007255.1  4223779 4223963 (2012899) C rnd-1_family-2  Unknown          (13)    197     13 442  
   11   24.7  3.6  3.6  NZ_CP007255.1  4238023 4238078 (1998784) + (CCGCGA)n       Simple_repeat       1     56    (0) 443  
   33    0.0  0.0  0.0  NZ_CP007255.1  4265839 4265869 (1970993) + (TGGTCG)n       Simple_repeat       1     31    (0) 444  
   19   23.9  0.0  0.0  NZ_CP007255.1  4266467 4266515 (1970347) + (TCG)n          Simple_repeat       1     49    (0) 445  
   11   21.7  0.0  2.9  NZ_CP007255.1  4269341 4269375 (1967487) + A-rich          Low_complexity      1     34    (0) 446  
   12   15.3  5.3  2.6  NZ_CP007255.1  4273206 4273243 (1963619) + (TTCTC)n        Simple_repeat       1     39    (0) 447  
   15   24.9  0.0  0.0  NZ_CP007255.1  4287885 4287927 (1948935) + (CTTCTT)n       Simple_repeat       1     43    (0) 448  
   13   22.7  0.0  0.0  NZ_CP007255.1  4305208 4305243 (1931619) + (ATCCCG)n       Simple_repeat       1     36    (0) 449  
   12   10.7  9.1  4.3  NZ_CP007255.1  4305398 4305441 (1931421) + (CGAACG)n       Simple_repeat       1     46    (0) 450  
   11   13.3  6.4  6.4  NZ_CP007255.1  4314054 4314100 (1922762) + (GGCTCGAC)n     Simple_repeat       1     47    (0) 451  
  265   17.3  0.0  0.0  NZ_CP007255.1  4317528 4317579 (1919283) + rnd-1_family-10 Unknown             3     54    (0) 452  
  300   31.2  1.1  1.1  NZ_CP007255.1  4358480 4358657 (1878205) C rnd-1_family-2  Unknown          (28)    182      5 453  
   17   30.5  0.0  0.0  NZ_CP007255.1  4374674 4374730 (1862132) + (TGCCTC)n       Simple_repeat       1     57    (0) 454  
   12   23.1  0.0  4.8  NZ_CP007255.1  4384629 4384672 (1852190) + (CCACCCG)n      Simple_repeat       1     42    (0) 455  
   26   17.3  0.0  0.0  NZ_CP007255.1  4392777 4392828 (1844034) + (CTGACC)n       Simple_repeat       1     52    (0) 456  
   17   22.4  5.8  1.4  NZ_CP007255.1  4409851 4409919 (1826943) + (CGACCT)n       Simple_repeat       1     72    (0) 457  
  333    9.8  0.0  0.0  NZ_CP007255.1  4411604 4411654 (1825208) + rnd-1_family-5  Unknown             1     51    (3) 458  
   11   19.8  8.2  3.1  NZ_CP007255.1  4420759 4420819 (1816043) + (TCGAGA)n       Simple_repeat       1     64    (0) 459  
   16   26.2  3.1  6.4  NZ_CP007255.1  4426954 4427050 (1809812) + (TCGACG)n       Simple_repeat       1     94    (0) 460  
   13   21.3  0.0  0.0  NZ_CP007255.1  4439233 4439265 (1797597) + (CCGACG)n       Simple_repeat       1     33    (0) 461  
   19   10.3  7.1  0.0  NZ_CP007255.1  4458985 4459026 (1777836) + (GAAGCA)n       Simple_repeat       1     45    (0) 462  
   11   18.7  0.0  7.7  NZ_CP007255.1  4464682 4464723 (1772139) + (TCGACG)n       Simple_repeat       1     39    (0) 463  
   13   31.2  0.0  0.0  NZ_CP007255.1  4491164 4491214 (1745648) + (CGATGT)n       Simple_repeat       1     51    (0) 464  
  364    7.4  0.0  0.0  NZ_CP007255.1  4509827 4509880 (1726982) + rnd-1_family-5  Unknown             1     54    (0) 465  
   11   23.8  6.1  0.0  NZ_CP007255.1  4524279 4524327 (1712535) + (GCCGGC)n       Simple_repeat       1     52    (0) 466  
  279   29.3  0.0  0.0  NZ_CP007255.1  4528480 4528561 (1708301) C rnd-1_family-7  Unknown         (435)    432    351 467  
   12   24.1  0.0  0.0  NZ_CP007255.1  4534839 4534872 (1701990) + (CGA)n          Simple_repeat       1     34    (0) 468  
   14   10.4  3.0  3.0  NZ_CP007255.1  4550893 4550925 (1685937) + (CGCGAT)n       Simple_repeat       1     33    (0) 469  
   17   16.1  0.0  0.0  NZ_CP007255.1  4557825 4557859 (1679003) + (GATGCA)n       Simple_repeat       1     35    (0) 470  
  472   19.8  0.0  0.0  NZ_CP007255.1  4563878 4563998 (1672864) + rnd-1_family-2  Unknown            16    136   (74) 471  
   15   18.8  2.3  2.3  NZ_CP007255.1  4569160 4569203 (1667659) + (GTCGGC)n       Simple_repeat       1     44    (0) 472  
   12   14.3  3.0  3.0  NZ_CP007255.1  4588875 4588907 (1647955) + (CGCCG)n        Simple_repeat       1     33    (0) 473  
   12   19.9  2.3  4.7  NZ_CP007255.1  4623497 4623540 (1613322) + (TCCTCGA)n      Simple_repeat       1     43    (0) 474  
   13   31.9  0.0  0.0  NZ_CP007255.1  4627770 4627819 (1609043) + (CGT)n          Simple_repeat       1     50    (0) 475  
   12   23.9  0.0  6.4  NZ_CP007255.1  4632808 4632857 (1604005) + (TACGG)n        Simple_repeat       1     47    (0) 476  
   25    2.0  6.9  6.9  NZ_CP007255.1  4652224 4652281 (1584581) + (CTGAC)n        Simple_repeat       1     58    (0) 477  
   13   19.0  9.7  1.5  NZ_CP007255.1  4666937 4666998 (1569864) + (CCGAACA)n      Simple_repeat       1     67    (0) 478  
 8393    8.8  1.7  0.8  NZ_CP007255.1  4682122 4683526 (1553336) C rnd-1_family-11 Unknown           (1)   1417      1 479  
   12   22.6  0.0  2.7  NZ_CP007255.1  4689099 4689136 (1547726) + (GGCACC)n       Simple_repeat       1     37    (0) 480  
  332    7.7  0.0  0.0  NZ_CP007255.1  4693120 4693171 (1543691) C rnd-1_family-5  Unknown           (0)     54      3 481  
   16   20.2  2.1  2.1  NZ_CP007255.1  4694228 4694274 (1542588) + (CGGCAT)n       Simple_repeat       1     47    (0) 482  
 1130   21.7  0.8  1.9  NZ_CP007255.1  4724371 4724745 (1512117) + rnd-1_family-9  Unknown             6    376    (2) 483  
   12   27.7  0.0  0.0  NZ_CP007255.1  4728929 4728967 (1507895) + (CGA)n          Simple_repeat       1     39    (0) 484  
 1413   20.4  0.3  1.3  NZ_CP007255.1  4730887 4731268 (1505594) C rnd-1_family-9  Unknown           (0)    378      1 485  
   13    7.1  6.2  3.0  NZ_CP007255.1  4734803 4734834 (1502028) + (ACCGTC)n       Simple_repeat       1     33    (0) 486  
   26   29.7  1.1  0.0  NZ_CP007255.1  4748200 4748286 (1488576) + (CGACGA)n       Simple_repeat       1     88    (0) 487  
   12   18.1  0.0  3.1  NZ_CP007255.1  4784203 4784235 (1452627) + (GCCGAC)n       Simple_repeat       1     32    (0) 488  
   12   12.2  3.7  0.0  NZ_CP007255.1  4787405 4787431 (1449431) + (GCGCT)n        Simple_repeat       1     28    (0) 489  
   16   33.4  1.3  1.3  NZ_CP007255.1  4802200 4802275 (1434587) + (GTC)n          Simple_repeat       1     76    (0) 490  
   14   23.0  5.1  5.1  NZ_CP007255.1  4807877 4807954 (1428908) + (TCGACG)n       Simple_repeat       1     78    (0) 491  
   12    4.5  4.0  4.0  NZ_CP007255.1  4836163 4836187 (1400675) + (TCG)n          Simple_repeat       1     25    (0) 492  
   11   15.8  0.0 10.3  NZ_CP007255.1  4850949 4850991 (1385871) + (GGCCGC)n       Simple_repeat       1     39    (0) 493  
  382   29.6  1.4  1.4  NZ_CP007255.1  4867197 4867412 (1369450) + rnd-1_family-15 Unknown             4    219   (47) 494  
   12   14.2  3.0  3.0  NZ_CP007255.1  4868288 4868320 (1368542) + (CGGCAC)n       Simple_repeat       1     33    (0) 495  
   15   24.0  2.3  0.0  NZ_CP007255.1  4887386 4887429 (1349433) + (GAC)n          Simple_repeat       1     45    (0) 496  
   13   28.8  0.0  0.0  NZ_CP007255.1  4894665 4894710 (1342152) + (ACCTAC)n       Simple_repeat       1     46    (0) 497  
   20   27.2  5.4  2.6  NZ_CP007255.1  4903620 4903730 (1333132) + (CCGCGA)n       Simple_repeat       1    114    (0) 498  
   13   23.7  1.9  3.9  NZ_CP007255.1  4909273 4909325 (1327537) + (CTCGCC)n       Simple_repeat       1     52    (0) 499  
 1598   24.3  3.2  1.6  NZ_CP007255.1  4948367 4948981 (1287881) + rnd-1_family-7  Unknown           242    866    (1) 500  
  793   21.3  1.0  2.2  NZ_CP007255.1  4948860 4949234 (1287628) C rnd-1_family-8  Unknown           (3)    373      1 501 *
 3684   12.3  0.6  1.0  NZ_CP007255.1  4949391 4950196 (1286666) + rnd-1_family-18 Unknown             2    804    (0) 502  
 3136   21.8  0.9  1.1  NZ_CP007255.1  4950300 4951234 (1285628) + rnd-1_family-4  Unknown             1    933    (0) 503  
   15   22.1  0.0  6.0  NZ_CP007255.1  4951238 4951290 (1285572) + (CGACAC)n       Simple_repeat       1     50    (0) 504  
 3962   15.2  0.6  0.9  NZ_CP007255.1  4951326 4952195 (1284667) + rnd-1_family-7  Unknown             1    867    (0) 505  
  572   28.1  2.6  5.7  NZ_CP007255.1  4952076 4952453 (1284409) C rnd-1_family-0  Unknown           (3)    373      7 506 *
  925   33.0  0.9  3.5  NZ_CP007255.1  4952591 4953259 (1283603) + rnd-1_family-18 Unknown            16    667  (137) 507  
 3134   21.8  0.9  1.1  NZ_CP007255.1  4953495 4954429 (1282433) + rnd-1_family-4  Unknown             1    933    (0) 508  
   15   22.1  0.0  6.0  NZ_CP007255.1  4954433 4954485 (1282377) + (CGACAC)n       Simple_repeat       1     50    (0) 509  
 3931   15.0  0.8  1.5  NZ_CP007255.1  4954521 4955391 (1281471) + rnd-1_family-7  Unknown             1    865    (2) 510  
  599   26.5  2.0  2.6  NZ_CP007255.1  4955274 4955579 (1281283) C rnd-1_family-0  Unknown           (3)    373     70 511 *
 1778   29.2  0.7  1.1  NZ_CP007255.1  4955759 4956495 (1280367) + rnd-1_family-18 Unknown             1    734   (70) 512  
 2079   28.4  1.4  1.6  NZ_CP007255.1  4956672 4957606 (1279256) + rnd-1_family-4  Unknown             1    933    (0) 513  
 3412   18.2  0.5  0.8  NZ_CP007255.1  4957728 4958567 (1278295) + rnd-1_family-7  Unknown            31    867    (0) 514  
  734   22.4  1.6  3.7  NZ_CP007255.1  4958448 4958834 (1278028) C rnd-1_family-8  Unknown           (3)    373      1 515 *
 2672   20.8  0.5  1.6  NZ_CP007255.1  4958948 4959760 (1277102) + rnd-1_family-18 Unknown             1    804    (0) 516  
 2497   23.0  1.9  1.8  NZ_CP007255.1  4959865 4960795 (1276067) + rnd-1_family-4  Unknown             2    933    (0) 517  
 1640   27.1  2.7  4.5  NZ_CP007255.1  4960887 4961767 (1275095) + rnd-1_family-7  Unknown             1    866    (1) 518  
 1045   24.2  1.8  4.8  NZ_CP007255.1  4961634 4962020 (1274842) C rnd-1_family-0  Unknown           (0)    376      1 519 *
 1396   26.4  5.0  3.8  NZ_CP007255.1  4964278 4965118 (1271744) + rnd-1_family-4  Unknown            83    933    (0) 520  
 2193   25.2  2.3  1.9  NZ_CP007255.1  4965242 4966074 (1270788) + rnd-1_family-7  Unknown            30    865    (2) 521  
  562   28.4  1.3  8.5  NZ_CP007255.1  4965957 4966348 (1270514) C rnd-1_family-0  Unknown           (3)    373      8 522 *
 3163   21.8  1.0  1.2  NZ_CP007255.1  4967352 4968286 (1268576) + rnd-1_family-4  Unknown             1    933    (0) 523  
   14   15.5  0.0  7.7  NZ_CP007255.1  4968301 4968342 (1268520) + (CCGACA)n       Simple_repeat       1     39    (0) 524  
 4530   14.9  0.1  0.5  NZ_CP007255.1  4968378 4969247 (1267615) + rnd-1_family-7  Unknown             1    867    (0) 525  
  658   25.4  2.7 12.3  NZ_CP007255.1  4969128 4969535 (1267327) C rnd-1_family-0  Unknown           (3)    373      1 526 *
 1196   27.9  2.6  3.5  NZ_CP007255.1  4969662 4970388 (1266474) + rnd-1_family-18 Unknown            14    734   (70) 527  
 2308   25.3  2.5  2.4  NZ_CP007255.1  4970565 4971496 (1265366) + rnd-1_family-4  Unknown             1    933    (0) 528  
 2538   23.1  2.7  1.2  NZ_CP007255.1  4971614 4972441 (1264421) + rnd-1_family-7  Unknown            27    866    (1) 529  
  972   20.3  0.9  1.6  NZ_CP007255.1  4972323 4972700 (1264162) C rnd-1_family-8  Unknown           (3)    373      1 530 *
 4427   10.9  0.0  0.4  NZ_CP007255.1  4972817 4973623 (1263239) + rnd-1_family-18 Unknown             1    804    (0) 531  
 2299   24.5  2.4  3.3  NZ_CP007255.1  4973727 4974667 (1262195) + rnd-1_family-4  Unknown             1    933    (0) 532  
  829   21.9  0.0  0.0  NZ_CP007255.1  4974764 4974991 (1261871) + rnd-1_family-7  Unknown             6    233  (634) 533  
 1167   25.9  2.8  5.0  NZ_CP007255.1  4975113 4975645 (1261217) + rnd-1_family-7  Unknown           345    866    (1) 533  
  760   23.1  2.8  6.7  NZ_CP007255.1  4975515 4975904 (1260958) C rnd-1_family-0  Unknown           (0)    376      1 534 *
 1711   25.9  1.4  2.2  NZ_CP007255.1  4976019 4976780 (1260082) + rnd-1_family-18 Unknown             2    757   (47) 535  
 2352   24.7  1.9  2.1  NZ_CP007255.1  4977627 4978561 (1258301) + rnd-1_family-4  Unknown             1    933    (0) 536  
 2347   24.3  0.9  1.7  NZ_CP007255.1  4978680 4979524 (1257338) + rnd-1_family-7  Unknown            28    866    (1) 537  
 1098   20.2  2.1  3.5  NZ_CP007255.1  4979403 4979777 (1257085) C rnd-1_family-0  Unknown           (0)    376      7 538 *
 1837   27.4  1.3  2.1  NZ_CP007255.1  4979901 4980682 (1256180) + rnd-1_family-18 Unknown             5    780   (24) 539  
 2078   26.0  2.7  2.9  NZ_CP007255.1  4980810 4981743 (1255119) + rnd-1_family-4  Unknown             1    932    (1) 540  
 2813   21.6  1.9  1.2  NZ_CP007255.1  4981852 4982695 (1254167) + rnd-1_family-7  Unknown            17    866    (1) 541  
  793   21.1  1.0  2.2  NZ_CP007255.1  4982571 4982948 (1253914) C rnd-1_family-8  Unknown           (0)    376      1 542 *
 3691   12.3  0.6  1.0  NZ_CP007255.1  4983105 4983910 (1252952) + rnd-1_family-18 Unknown             2    804    (0) 543  
  720   29.4  1.8  5.9  NZ_CP007255.1  4986893 4987405 (1249457) + rnd-1_family-7  Unknown           374    866    (1) 544 *
 1086   26.5  0.0  4.5  NZ_CP007255.1  4987269 4987660 (1249202) C rnd-1_family-0  Unknown           (0)    376      2 545  
  272   15.2  0.0  0.0  NZ_CP007255.1  4988032 4988095 (1248767) + rnd-1_family-14 Unknown             1     64    (0) 546  
 2860   23.6  3.2  1.4  NZ_CP007255.1  4988724 4989640 (1247222) + rnd-1_family-4  Unknown             1    933    (0) 547  
 2495   23.4  1.4  2.1  NZ_CP007255.1  4989732 4990599 (1246263) + rnd-1_family-7  Unknown             1    862    (5) 548  
  488   24.7  0.3  0.2  NZ_CP007255.1  4990485 4990757 (1246105) C rnd-1_family-8  Unknown           (3)    373     34 549 *
 1190   22.3  3.1  4.2  NZ_CP007255.1  4991115 4991816 (1245046) + rnd-1_family-18 Unknown           106    800    (4) 550  
 3485   21.4  1.9  0.4  NZ_CP007255.1  4991923 4992841 (1244021) + rnd-1_family-4  Unknown             2    933    (0) 551  
 2492   23.0  1.5  2.2  NZ_CP007255.1  4992933 4993800 (1243062) + rnd-1_family-7  Unknown             1    862    (5) 552  
  515   24.3  0.3  0.2  NZ_CP007255.1  4993686 4993958 (1242904) C rnd-1_family-8  Unknown           (3)    373     34 553 *
 1124   21.8  3.8  4.1  NZ_CP007255.1  4994350 4994980 (1241882) + rnd-1_family-18 Unknown           140    768   (36) 554  
 4945   15.5  0.0  0.2  NZ_CP007255.1  4995123 4996057 (1240805) + rnd-1_family-4  Unknown             1    933    (0) 555  
 2294   25.6  0.7  1.4  NZ_CP007255.1  4996149 4997020 (1239842) + rnd-1_family-7  Unknown             1    866    (1) 556  
 1247   22.2  0.5  1.1  NZ_CP007255.1  4996899 4997276 (1239586) C rnd-1_family-0  Unknown           (0)    376      1 557 *
  264   14.4  0.0  0.0  NZ_CP007255.1  4997637 4997698 (1239164) + rnd-1_family-14 Unknown             3     64    (0) 558  
 2696   24.0  0.8  1.0  NZ_CP007255.1  4998304 4999233 (1237629) + rnd-1_family-4  Unknown             2    929    (4) 559  
 1969   25.1  1.4  4.3  NZ_CP007255.1  4999359 5000221 (1236641) + rnd-1_family-7  Unknown            28    866    (1) 560  
 1182   20.5  1.3  5.8  NZ_CP007255.1  5000082 5000474 (1236388) C rnd-1_family-0  Unknown           (0)    376      1 561 *
 2286   25.1  2.5  2.7  NZ_CP007255.1  5001486 5002417 (1234445) + rnd-1_family-4  Unknown             4    933    (0) 562  
 1889   26.9  1.4  2.5  NZ_CP007255.1  5002527 5003383 (1233479) + rnd-1_family-7  Unknown            19    866    (1) 563  
  825   26.5  0.8  2.1  NZ_CP007255.1  5003265 5003642 (1233220) C rnd-1_family-0  Unknown           (3)    373      1 564 *
 1155   31.7  0.3  1.1  NZ_CP007255.1  5003759 5004469 (1232393) + rnd-1_family-18 Unknown             4    708   (96) 565  
  278   15.4  0.0  0.0  NZ_CP007255.1  5015424 5015475 (1221387) + rnd-1_family-10 Unknown             3     54    (0) 566  
   14   24.0  4.1  0.0  NZ_CP007255.1  5020354 5020402 (1216460) + (CCGGAT)n       Simple_repeat       1     51    (0) 567  
  433   29.8  0.5  0.5  NZ_CP007255.1  5028956 5029144 (1207718) C rnd-1_family-2  Unknown          (15)    195      7 568  
 1190   22.5  1.3  1.6  NZ_CP007255.1  5031468 5031846 (1205016) + rnd-1_family-9  Unknown             1    378    (0) 569  
 8884    7.1  1.9  0.0  NZ_CP007255.1  5045550 5046890 (1189972) C rnd-1_family-13 Unknown           (0)   1366      1 570  
   11   21.2  0.0  2.9  NZ_CP007255.1  5055848 5055882 (1180980) + (ACCGAC)n       Simple_repeat       1     34    (0) 571  
   17   16.7  2.5  0.0  NZ_CP007255.1  5063281 5063320 (1173542) + (TGGCAG)n       Simple_repeat       1     41    (0) 572  
   20   31.1  0.9  4.8  NZ_CP007255.1  5077034 5077141 (1159721) + (CCGACG)n       Simple_repeat       1    104    (0) 573  
   14   16.1  5.6  5.6  NZ_CP007255.1  5121545 5121598 (1115264) + (CGTC)n         Simple_repeat       1     54    (0) 574  
   13   33.7  0.0  0.0  NZ_CP007255.1  5129753 5129804 (1107058) + (GCG)n          Simple_repeat       1     52    (0) 575  
   16   28.4  0.0  3.3  NZ_CP007255.1  5129993 5130055 (1106807) + (TCGGCC)n       Simple_repeat       1     61    (0) 576  
   19   21.6  0.0  2.0  NZ_CP007255.1  5133393 5133442 (1103420) + (CTG)n          Simple_repeat       1     49    (0) 577  
   13   15.8  2.7  2.7  NZ_CP007255.1  5146068 5146104 (1090758) + (GACATC)n       Simple_repeat       1     37    (0) 578  
   13   18.2  0.0  0.0  NZ_CP007255.1  5158115 5158145 (1078717) + (CCGAGG)n       Simple_repeat       1     31    (0) 579  
   12   21.6  0.0  0.0  NZ_CP007255.1  5161714 5161745 (1075117) + (TCATGT)n       Simple_repeat       1     32    (0) 580  
  412    5.6  0.0  0.0  NZ_CP007255.1  5187440 5187493 (1049369) + rnd-1_family-5  Unknown             1     54    (0) 581  
   15    9.1  0.0  0.0  NZ_CP007255.1  5217482 5217505 (1019357) + (TCG)n          Simple_repeat       1     24    (0) 582  
  383   24.9  2.7  2.7  NZ_CP007255.1  5222798 5222983 (1013879) C rnd-1_family-2  Unknown          (24)    186      1 583  
   15    6.5  5.9  2.9  NZ_CP007255.1  5227120 5227153 (1009709) + (CGCCGA)n       Simple_repeat       1     35    (0) 584  
   12   19.6  0.0  0.0  NZ_CP007255.1  5238514 5238542  (998320) + (CCG)n          Simple_repeat       1     29    (0) 585  
   13    0.0 23.3  0.0  NZ_CP007255.1  5239002 5239044  (997818) + (GCCACTTCCA)n   Simple_repeat       1     53    (0) 586  
   14   18.1  0.0  0.0  NZ_CP007255.1  5242689 5242720  (994142) + (TCGAGG)n       Simple_repeat       1     32    (0) 587  
  233   23.5  5.7  5.7  NZ_CP007255.1  5244477 5244598  (992264) C rnd-1_family-15 Unknown         (144)    122      1 588  
  363   32.6  1.5  1.5  NZ_CP007255.1  5244628 5244889  (991973) C rnd-1_family-15 Unknown           (4)    262      1 589  
  288   14.6  0.0  0.0  NZ_CP007255.1  5269427 5269474  (967388) + rnd-1_family-5  Unknown             1     48    (6) 590  
  274   26.6  5.0  3.3  NZ_CP007255.1  5278706 5278884  (957978) C rnd-1_family-2  Unknown          (28)    182      1 591  
   14   18.7  2.2  4.4  NZ_CP007255.1  5282057 5282102  (954760) + (ACACGA)n       Simple_repeat       1     45    (0) 592  
   11   24.6  0.0  2.6  NZ_CP007255.1  5287975 5288014  (948848) + (CGTGAT)n       Simple_repeat       1     39    (0) 593  
  319   13.0  0.0  0.0  NZ_CP007255.1  5305859 5305912  (930950) + rnd-1_family-5  Unknown             1     54    (0) 594  
   11   18.3  6.7  2.1  NZ_CP007255.1  5309121 5309165  (927697) + (CCTCGA)n       Simple_repeat       1     47    (0) 595  
   12   13.9  0.0  0.0  NZ_CP007255.1  5314744 5314767  (922095) + (TCG)n          Simple_repeat       1     24    (0) 596  
 8214    9.6  1.9  0.1  NZ_CP007255.1  5337105 5338429  (898433) + rnd-1_family-13 Unknown            18   1366    (0) 597  
   16   18.7  1.9  5.8  NZ_CP007255.1  5342536 5342599  (894263) + (CGTCGC)n       Simple_repeat       1     61    (0) 598  
   12   19.5  2.9  0.0  NZ_CP007255.1  5345510 5345544  (891318) + (GTCGGT)n       Simple_repeat       1     36    (0) 599  
   13   22.1  0.0  0.0  NZ_CP007255.1  5346049 5346080  (890782) + (CGT)n          Simple_repeat       1     32    (0) 600  
   11   27.7  0.0  2.3  NZ_CP007255.1  5348682 5348726  (888136) + (CATCGC)n       Simple_repeat       1     44    (0) 601  
   12   24.3  0.0  0.0  NZ_CP007255.1  5350501 5350534  (886328) + (ACG)n          Simple_repeat       1     34    (0) 602  
   13   21.9  0.0  4.5  NZ_CP007255.1  5352274 5352319  (884543) + (AGCCCCG)n      Simple_repeat       1     44    (0) 603  
   12   22.2  6.4  0.0  NZ_CP007255.1  5377068 5377114  (859748) + (CGCCCA)n       Simple_repeat       1     50    (0) 604  
   12   20.9  6.8  0.0  NZ_CP007255.1  5425463 5425506  (811356) + (GACCA)n        Simple_repeat       1     47    (0) 605  
   12   24.8  0.0  0.0  NZ_CP007255.1  5427644 5427677  (809185) + (CACC)n         Simple_repeat       1     34    (0) 606  
 8564    8.7  1.9  0.1  NZ_CP007255.1  5427692 5429033  (807829) C rnd-1_family-13 Unknown           (0)   1366      1 607  
   15   27.1  0.0  0.0  NZ_CP007255.1  5433653 5433696  (803166) + (CGT)n          Simple_repeat       1     44    (0) 608  
   13   19.2  6.1  2.0  NZ_CP007255.1  5435768 5435816  (801046) + (GTCGAC)n       Simple_repeat       1     51    (0) 609  
   13   21.7  0.0  0.0  NZ_CP007255.1  5438446 5438477  (798385) + (CAG)n          Simple_repeat       1     32    (0) 610  
   12   15.9  6.2  7.8  NZ_CP007255.1  5448651 5448715  (788147) + (ACCCGAC)n      Simple_repeat       1     64    (0) 611  
   12   19.4  2.4  5.0  NZ_CP007255.1  5450663 5450703  (786159) + (CCG)n          Simple_repeat       1     40    (0) 612  
  551   24.1  1.5  1.5  NZ_CP007255.1  5469973 5470170  (766692) C rnd-1_family-2  Unknown           (9)    201      4 613  
   14   31.2  0.0  0.0  NZ_CP007255.1  5496717 5496767  (740095) + (TCG)n          Simple_repeat       1     51    (0) 614  
   12   20.3  4.1  4.1  NZ_CP007255.1  5497140 5497188  (739674) + (TTGCCG)n       Simple_repeat       1     49    (0) 615  
   26   25.9  2.4  5.7  NZ_CP007255.1  5510316 5510442  (726420) + (CGGCAC)n       Simple_repeat       1    123    (0) 616  
   13   26.4  0.0  0.0  NZ_CP007255.1  5521430 5521470  (715392) + (GCTGCT)n       Simple_repeat       1     41    (0) 617  
   21   11.5  6.4  0.0  NZ_CP007255.1  5522239 5522300  (714562) + G-rich          Low_complexity      1     65    (0) 618  
   13    3.7 10.7  0.0  NZ_CP007255.1  5523514 5523541  (713321) + (GTCGAC)n       Simple_repeat       1     31    (0) 619  
   12   30.4  0.0  0.0  NZ_CP007255.1  5528545 5528588  (708274) + (CGT)n          Simple_repeat       1     44    (0) 620  
   17    6.0  8.6  0.0  NZ_CP007255.1  5529824 5529858  (707004) + (CGCGGG)n       Simple_repeat       1     38    (0) 621  
   25   28.6  0.0  0.0  NZ_CP007255.1  5529914 5529986  (706876) + (CGT)n          Simple_repeat       1     73    (0) 622  
   14   22.0  0.0  0.0  NZ_CP007255.1  5541102 5541138  (695724) + (GTCGAC)n       Simple_repeat       1     37    (0) 623  
   15   10.1  2.9  2.9  NZ_CP007255.1  5559826 5559859  (677003) + (CGAATA)n       Simple_repeat       1     34    (0) 624  
   12   17.7  3.1  0.0  NZ_CP007255.1  5560643 5560674  (676188) + (CCGTCA)n       Simple_repeat       1     33    (0) 625  
   13    7.5  7.1  0.0  NZ_CP007255.1  5580067 5580094  (656768) + (GACGT)n        Simple_repeat       1     30    (0) 626  
   33   24.3  0.0  0.0  NZ_CP007255.1  5616721 5616802  (620060) + G-rich          Low_complexity      1     82    (0) 627  
  340   30.6  2.1  3.3  NZ_CP007255.1  5661641 5662012  (574850) + rnd-1_family-9  Unknown             1    368   (10) 628  
   13   11.9  0.0 14.3  NZ_CP007255.1  5669865 5669912  (566950) + (CCG)n          Simple_repeat       1     42    (0) 629  
   14   20.0  2.4  2.4  NZ_CP007255.1  5670426 5670467  (566395) + (CCG)n          Simple_repeat       1     42    (0) 630  
   16   20.8  2.2  2.2  NZ_CP007255.1  5670801 5670846  (566016) + (GCG)n          Simple_repeat       1     46    (0) 631  
   12   18.7  4.3  4.3  NZ_CP007255.1  5680724 5680769  (556093) + (GGTC)n         Simple_repeat       1     46    (0) 632  
   12    3.1 10.8  5.1  NZ_CP007255.1  5726453 5726489  (510373) + (GCGACGT)n      Simple_repeat       1     39    (0) 633  
   12   22.7  0.0  2.7  NZ_CP007255.1  5744213 5744250  (492612) + (CCGACG)n       Simple_repeat       1     37    (0) 634  
  260   18.5  0.0  0.0  NZ_CP007255.1  5757996 5758049  (478813) C rnd-1_family-10 Unknown           (0)     54      1 635  
   13   19.5  0.0 11.9  NZ_CP007255.1  5760246 5760311  (476551) + (GCCGAG)n       Simple_repeat       1     59    (0) 636  
   11    9.9  5.6  5.6  NZ_CP007255.1  5764203 5764238  (472624) + (ACGGTCG)n      Simple_repeat       1     36    (0) 637  
   11   27.4  2.0  2.0  NZ_CP007255.1  5769892 5769941  (466921) + (CGGCCA)n       Simple_repeat       1     50    (0) 638  
   12   10.1  9.4  0.0  NZ_CP007255.1  5787874 5787905  (448957) + (GCCGGT)n       Simple_repeat       1     35    (0) 639  
   16   17.3  2.6  0.0  NZ_CP007255.1  5803258 5803296  (433566) + (TGCGGCC)n      Simple_repeat       1     40    (0) 640  
   13   20.4  0.0  4.9  NZ_CP007255.1  5812170 5812212  (424650) + (CAGCGG)n       Simple_repeat       1     41    (0) 641  
   15   24.1  5.5  0.0  NZ_CP007255.1  5825686 5825740  (411122) + (TCGCCG)n       Simple_repeat       1     58    (0) 642  
   14   17.2  1.9  8.0  NZ_CP007255.1  5842412 5842464  (394398) + (GCCGA)n        Simple_repeat       1     50    (0) 643  
  342   13.0  0.0  0.0  NZ_CP007255.1  5855383 5855436  (381426) C rnd-1_family-5  Unknown           (0)     54      1 644  
  307   11.1  0.0  0.0  NZ_CP007255.1  5855389 5855442  (381420) + rnd-1_family-5  Unknown             1     54    (0) 645 *
 8530    8.5  1.6  0.5  NZ_CP007255.1  5880470 5881871  (354991) + rnd-1_family-11 Unknown             1   1417    (1) 646  
   13   18.9  0.0  0.0  NZ_CP007255.1  5883167 5883196  (353666) + (GCA)n          Simple_repeat       1     30    (0) 647  
  287   32.7  4.8  3.4  NZ_CP007255.1  5909602 5910178  (326684) + rnd-1_family-4  Unknown           273    857   (76) 648  
  512   31.1  3.4  5.0  NZ_CP007255.1  5910702 5911206  (325656) + rnd-1_family-7  Unknown           371    867    (0) 649 *
  787   25.7  2.4  3.0  NZ_CP007255.1  5911089 5911457  (325405) C rnd-1_family-0  Unknown           (5)    371      5 650  
  246   17.6  0.0  0.0  NZ_CP007255.1  5911826 5911876  (324986) + rnd-1_family-18 Unknown           266    316  (488) 651  
  947   30.6  2.1  1.9  NZ_CP007255.1  5912579 5913377  (323485) + rnd-1_family-4  Unknown           130    930    (3) 652  
  655   31.9  3.1  4.2  NZ_CP007255.1  5913484 5914340  (322522) + rnd-1_family-7  Unknown            19    866    (1) 653 *
  747   25.2  2.0  1.0  NZ_CP007255.1  5914223 5914526  (322336) C rnd-1_family-0  Unknown           (4)    372     66 654  
  269    9.4  5.7  0.0  NZ_CP007255.1  5914987 5915039  (321823) + rnd-1_family-3  Unknown             9     64    (0) 655  
  502   30.6  3.2  4.3  NZ_CP007255.1  5918451 5918945  (317917) + rnd-1_family-7  Unknown           377    866    (1) 656 *
  734   27.6  1.5  5.3  NZ_CP007255.1  5918824 5919213  (317649) C rnd-1_family-0  Unknown           (0)    376      1 657  
  764   27.7  1.3  1.6  NZ_CP007255.1  5919334 5919648  (317214) + rnd-1_family-18 Unknown             5    318  (486) 658  
  427   29.3  2.2  2.9  NZ_CP007255.1  5919754 5920027  (316835) + rnd-1_family-18 Unknown           444    715   (89) 658  
  450   30.0  2.4  5.6  NZ_CP007255.1  5923060 5923430  (313432) + rnd-1_family-7  Unknown           507    866    (1) 659 *
  483   29.0  1.0  4.7  NZ_CP007255.1  5923309 5923619  (313243) C rnd-1_family-0  Unknown           (0)    376     77 660  
  279   30.6  3.0  4.3  NZ_CP007255.1  5923829 5924132  (312730) + rnd-1_family-18 Unknown            12    311  (493) 661  
   12    3.6  6.2  6.2  NZ_CP007255.1  5927567 5927598  (309264) + (TCGCAC)n       Simple_repeat       1     32    (0) 662  
   14   32.6  0.0  0.0  NZ_CP007255.1  5964729 5964785  (272077) + (GTCGTC)n       Simple_repeat       1     57    (0) 663  
   12   11.2  9.8  2.3  NZ_CP007255.1  5967384 5967424  (269438) + (GCGTCGC)n      Simple_repeat       1     44    (0) 664  
  328   24.6  1.6  1.6  NZ_CP007255.1  5970147 5970274  (266588) C rnd-1_family-2  Unknown           (1)    209     82 665  
  330   13.0  0.0  0.0  NZ_CP007255.1  5973679 5973732  (263130) C rnd-1_family-10 Unknown           (0)     54      1 666  
   13   24.1  3.5  3.5  NZ_CP007255.1  5990114 5990170  (246692) + (GAC)n          Simple_repeat       1     57    (0) 667  
   12   26.4  2.2  0.0  NZ_CP007255.1  5996326 5996370  (240492) + (CCGTCG)n       Simple_repeat       1     46    (0) 668  
  565   24.9  0.5  1.1  NZ_CP007255.1  6017705 6017895  (218967) + rnd-1_family-2  Unknown             1    190   (20) 669  
  773   26.4  2.4  1.9  NZ_CP007255.1  6039936 6040309  (196553) C rnd-1_family-9  Unknown           (2)    376      1 670  
   13   28.1  0.0  5.2  NZ_CP007255.1  6092550 6092610  (144252) + (CGCTAC)n       Simple_repeat       1     58    (0) 671  
 8598    8.5  1.4  0.6  NZ_CP007255.1  6117266 6118672  (118190) + rnd-1_family-11 Unknown             1   1418    (0) 672  
   13    9.7  0.0  0.0  NZ_CP007255.1  6124879 6124900  (111962) + (CCG)n          Simple_repeat       1     22    (0) 673  
   13   22.8  0.0  0.0  NZ_CP007255.1  6132503 6132538  (104324) + (CGTCGG)n       Simple_repeat       1     36    (0) 674  
   13    4.9  0.0  4.5  NZ_CP007255.1  6135047 6135069  (101793) + (GCC)n          Simple_repeat       1     22    (0) 675  
   28    7.7  0.0  0.0  NZ_CP007255.1  6136453 6136493  (100369) + (GGATCAACC)n    Simple_repeat       1     41    (0) 676  
   16   17.0  0.0  0.0  NZ_CP007255.1  6152419 6152451   (84411) + (CGA)n          Simple_repeat       1     33    (0) 677  
   13   18.4  0.0  0.0  NZ_CP007255.1  6160563 6160593   (76269) + (ACGTCG)n       Simple_repeat       1     31    (0) 678  
  639   21.2  1.6  1.6  NZ_CP007255.1  6185562 6185753   (51109) + rnd-1_family-2  Unknown             4    195   (15) 679  
   11   26.4  5.6  0.0  NZ_CP007255.1  6211652 6211705   (25157) + (CGACGT)n       Simple_repeat       1     57    (0) 680  
   14   13.7  3.1  0.0  NZ_CP007255.1  6216117 6216148   (20714) + (GGCCGA)n       Simple_repeat       1     33    (0) 681  
   14   21.7  4.8  3.2  NZ_CP007255.1  6219292 6219353   (17509) + (CTGCCGG)n      Simple_repeat       1     63    (0) 682  
   19    0.0  0.0  0.0  NZ_CP007255.1  6220388 6220408   (16454) + (C)n            Simple_repeat       1     21    (0) 683  
   11   30.4  0.0  0.0  NZ_CP007256.1    16587   16630   (75099) + (GGTGCG)n       Simple_repeat       1     44    (0) 684  
   11   22.5  1.9  6.0  NZ_CP007256.1    18470   18521   (73208) + (CGACGG)n       Simple_repeat       1     50    (0) 685  
   45   31.1  0.4  7.0  NZ_CP007256.1    24828   25086   (66643) + (CGG)n          Simple_repeat       1    243    (0) 686  
   12   24.4  4.4  4.4  NZ_CP007256.1    27051   27118   (64611) + (GTCGGCC)n      Simple_repeat       1     68    (0) 687  
   13   13.6  2.9  2.9  NZ_CP007256.1    30115   30148   (61581) + (GCGACG)n       Simple_repeat       1     34    (0) 688  
   12   26.8  0.0  0.0  NZ_CP007257.1     1562    1601  (476314) + (GACGGT)n       Simple_repeat       1     40    (0) 689  
   12   26.8  0.0  0.0  NZ_CP007257.1     2072    2111  (475804) + (GACGGT)n       Simple_repeat       1     40    (0) 690  
   11   20.8  0.0  2.9  NZ_CP007257.1     2198    2232  (475683) + (GACGGT)n       Simple_repeat       1     34    (0) 691  
   14   27.9  0.0  0.0  NZ_CP007257.1    46937   46979  (430936) + (GTC)n          Simple_repeat       1     43    (0) 692  
  288   15.0  0.0  0.0  NZ_CP007257.1    50711   50767  (427148) C rnd-1_family-14 Unknown           (2)     62      2 693  
  640   26.0  3.2  3.0  NZ_CP007257.1    51116   51487  (426428) + rnd-1_family-0  Unknown             1    373    (3) 694  
   12   13.9  0.0  0.0  NZ_CP007257.1    54797   54820  (423095) + (GAC)n          Simple_repeat       1     24    (0) 695  
   12    5.5  0.0  0.0  NZ_CP007257.1    64942   64960  (412955) + (GTG)n          Simple_repeat       1     19    (0) 696  
 1175   22.2  1.1  1.3  NZ_CP007257.1   107577  107955  (369960) C rnd-1_family-9  Unknown           (0)    378      1 697  
   18    7.0  0.0  3.2  NZ_CP007257.1   110601  110632  (367283) + (CACGTG)n       Simple_repeat       1     31    (0) 698  
   12   21.6  0.0  0.0  NZ_CP007257.1   128713  128744  (349171) + (ACCGCC)n       Simple_repeat       1     32    (0) 699  
   13    9.7  9.1  0.0  NZ_CP007257.1   174254  174286  (303629) + (GCATCG)n       Simple_repeat       1     36    (0) 700  
   36    0.0  0.0  0.0  NZ_CP007257.1   184644  184677  (293238) + (TCGGA)n        Simple_repeat       1     34    (0) 701  
   28    3.3  0.0  0.0  NZ_CP007257.1   197233  197263  (280652) + (GTCGGT)n       Simple_repeat       1     31    (0) 702  
   12   31.3  0.0  0.0  NZ_CP007257.1   230741  230787  (247128) + (GGACGG)n       Simple_repeat       1     47    (0) 703  
   13   26.0  3.8  5.1  NZ_CP007257.1   353651  353730  (124185) + (TCGAGG)n       Simple_repeat       1     79    (0) 704  
   15   11.6  4.9  4.9  NZ_CP007257.1   353825  353865  (124050) + (GGT)n          Simple_repeat       1     41    (0) 705  
   11   27.7  0.0  0.0  NZ_CP007257.1   360900  360938  (116977) + (CCGATG)n       Simple_repeat       1     39    (0) 706  
   15   14.9  2.4  5.0  NZ_CP007257.1   370880  370920  (106995) + (GTG)n          Simple_repeat       1     40    (0) 707  
   12   20.6  5.6  3.6  NZ_CP007257.1   372630  372683  (105232) + (GCGGTGC)n      Simple_repeat       1     55    (0) 708  
   13   17.5  0.0  3.0  NZ_CP007257.1   394974  395007   (82908) + (CCGCGG)n       Simple_repeat       1     33    (0) 709  
   14   25.2  1.5  6.2  NZ_CP007257.1   426948  426957   (50958) + (CCGCA)n        Simple_repeat       1     16   (49) 710  
   13   11.1  3.2  3.2  NZ_CP007257.1   426958  426988   (50927) + (CCG)n          Simple_repeat       1     31    (0) 711  
   14   25.2  1.5  6.2  NZ_CP007257.1   426989  427015   (50900) + (CCGCA)n        Simple_repeat      17     65    (0) 710  
   19   16.7  6.2  3.0  NZ_CP007257.1   427698  427761   (50154) + (ACACCA)n       Simple_repeat       1     66    (0) 712  
   12   20.4  2.4  2.4  NZ_CP007257.1   454942  454982   (22933) + (CGACGT)n       Simple_repeat       1     41    (0) 713  
