

Building a new DB, current time: 02/16/2024 16:20:45
New DB name:   /Users/macvbookpro/PycharmProjects/repeatmodeler/RM_884.FriFeb161620062024/round-1/sampleDB-1.fa
New DB title:  /Users/macvbookpro/PycharmProjects/repeatmodeler/RM_884.FriFeb161620062024/round-1/sampleDB-1.fa
Sequence type: Nucleotide
Keep MBits: T
Maximum file size: 3000000000B
Adding sequences from FASTA; added 106 sequences in 0.030149 seconds.




Building a new DB, current time: 02/16/2024 16:20:45
New DB name:   /Users/macvbookpro/PycharmProjects/repeatmodeler/RM_884.FriFeb161620062024/round-1/consensi.fa
New DB title:  /Users/macvbookpro/PycharmProjects/repeatmodeler/RM_884.FriFeb161620062024/round-1/consensi.fa
Sequence type: Nucleotide
Keep MBits: T
Maximum file size: 3000000000B
Adding sequences from FASTA; added 25 sequences in 0.174944 seconds.




Building a new DB, current time: 02/16/2024 16:20:46
New DB name:   /Users/macvbookpro/PycharmProjects/repeatmodeler/RM_884.FriFeb161620062024/round-1/family-0.fa
New DB title:  /Users/macvbookpro/PycharmProjects/repeatmodeler/RM_884.FriFeb161620062024/round-1/family-0.fa
Sequence type: Nucleotide
Keep MBits: T
Maximum file size: 3000000000B
Adding sequences from FASTA; added 32 sequences in 0.00164199 seconds.




Building a new DB, current time: 02/16/2024 16:20:47
New DB name:   /Users/macvbookpro/PycharmProjects/repeatmodeler/RM_884.FriFeb161620062024/round-1/family-0-cons-2.fa
New DB title:  /Users/macvbookpro/PycharmProjects/repeatmodeler/RM_884.FriFeb161620062024/round-1/family-0-cons-2.fa
Sequence type: Nucleotide
Keep MBits: T
Maximum file size: 3000000000B
Adding sequences from FASTA; added 1 sequences in 0.000251055 seconds.




Building a new DB, current time: 02/16/2024 16:20:47
New DB name:   /Users/macvbookpro/PycharmProjects/repeatmodeler/RM_884.FriFeb161620062024/round-1/family-0-cons-3.fa
New DB title:  /Users/macvbookpro/PycharmProjects/repeatmodeler/RM_884.FriFeb161620062024/round-1/family-0-cons-3.fa
Sequence type: Nucleotide
Keep MBits: T
Maximum file size: 3000000000B
Adding sequences from FASTA; added 1 sequences in 0.000250101 seconds.




Building a new DB, current time: 02/16/2024 16:20:47
New DB name:   /Users/macvbookpro/PycharmProjects/repeatmodeler/RM_884.FriFeb161620062024/round-1/family-0-cons-4.fa
New DB title:  /Users/macvbookpro/PycharmProjects/repeatmodeler/RM_884.FriFeb161620062024/round-1/family-0-cons-4.fa
Sequence type: Nucleotide
Keep MBits: T
Maximum file size: 3000000000B
Adding sequences from FASTA; added 1 sequences in 0.000258923 seconds.




Building a new DB, current time: 02/16/2024 16:20:47
New DB name:   /Users/macvbookpro/PycharmProjects/repeatmodeler/RM_884.FriFeb161620062024/round-1/family-1.fa
New DB title:  /Users/macvbookpro/PycharmProjects/repeatmodeler/RM_884.FriFeb161620062024/round-1/family-1.fa
Sequence type: Nucleotide
Keep MBits: T
Maximum file size: 3000000000B
Adding sequences from FASTA; added 21 sequences in 0.000963926 seconds.




Building a new DB, current time: 02/16/2024 16:20:47
New DB name:   /Users/macvbookpro/PycharmProjects/repeatmodeler/RM_884.FriFeb161620062024/round-1/family-1-cons-2.fa
New DB title:  /Users/macvbookpro/PycharmProjects/repeatmodeler/RM_884.FriFeb161620062024/round-1/family-1-cons-2.fa
Sequence type: Nucleotide
Keep MBits: T
Maximum file size: 3000000000B
Adding sequences from FASTA; added 1 sequences in 0.000348091 seconds.




Building a new DB, current time: 02/16/2024 16:20:48
New DB name:   /Users/macvbookpro/PycharmProjects/repeatmodeler/RM_884.FriFeb161620062024/round-1/family-1-cons-3.fa
New DB title:  /Users/macvbookpro/PycharmProjects/repeatmodeler/RM_884.FriFeb161620062024/round-1/family-1-cons-3.fa
Sequence type: Nucleotide
Keep MBits: T
Maximum file size: 3000000000B
Adding sequences from FASTA; added 1 sequences in 0.00041008 seconds.




Building a new DB, current time: 02/16/2024 16:20:48
New DB name:   /Users/macvbookpro/PycharmProjects/repeatmodeler/RM_884.FriFeb161620062024/round-1/family-1-cons-4.fa
New DB title:  /Users/macvbookpro/PycharmProjects/repeatmodeler/RM_884.FriFeb161620062024/round-1/family-1-cons-4.fa
Sequence type: Nucleotide
Keep MBits: T
Maximum file size: 3000000000B
Adding sequences from FASTA; added 1 sequences in 0.000248909 seconds.




Building a new DB, current time: 02/16/2024 16:20:48
New DB name:   /Users/macvbookpro/PycharmProjects/repeatmodeler/RM_884.FriFeb161620062024/round-1/family-1-cons-5.fa
New DB title:  /Users/macvbookpro/PycharmProjects/repeatmodeler/RM_884.FriFeb161620062024/round-1/family-1-cons-5.fa
Sequence type: Nucleotide
Keep MBits: T
Maximum file size: 3000000000B
Adding sequences from FASTA; added 1 sequences in 0.000250816 seconds.




Building a new DB, current time: 02/16/2024 16:20:48
New DB name:   /Users/macvbookpro/PycharmProjects/repeatmodeler/RM_884.FriFeb161620062024/round-1/family-1-cons-6.fa
New DB title:  /Users/macvbookpro/PycharmProjects/repeatmodeler/RM_884.FriFeb161620062024/round-1/family-1-cons-6.fa
Sequence type: Nucleotide
Keep MBits: T
Maximum file size: 3000000000B
Adding sequences from FASTA; added 1 sequences in 0.00029397 seconds.




Building a new DB, current time: 02/16/2024 16:20:48
New DB name:   /Users/macvbookpro/PycharmProjects/repeatmodeler/RM_884.FriFeb161620062024/round-1/family-2.fa
New DB title:  /Users/macvbookpro/PycharmProjects/repeatmodeler/RM_884.FriFeb161620062024/round-1/family-2.fa
Sequence type: Nucleotide
Keep MBits: T
Maximum file size: 3000000000B
Adding sequences from FASTA; added 20 sequences in 0.00089097 seconds.




Building a new DB, current time: 02/16/2024 16:20:49
New DB name:   /Users/macvbookpro/PycharmProjects/repeatmodeler/RM_884.FriFeb161620062024/round-1/family-2-cons-2.fa
New DB title:  /Users/macvbookpro/PycharmProjects/repeatmodeler/RM_884.FriFeb161620062024/round-1/family-2-cons-2.fa
Sequence type: Nucleotide
Keep MBits: T
Maximum file size: 3000000000B
Adding sequences from FASTA; added 1 sequences in 0.000252008 seconds.




Building a new DB, current time: 02/16/2024 16:20:49
New DB name:   /Users/macvbookpro/PycharmProjects/repeatmodeler/RM_884.FriFeb161620062024/round-1/family-2-cons-3.fa
New DB title:  /Users/macvbookpro/PycharmProjects/repeatmodeler/RM_884.FriFeb161620062024/round-1/family-2-cons-3.fa
Sequence type: Nucleotide
Keep MBits: T
Maximum file size: 3000000000B
Adding sequences from FASTA; added 1 sequences in 0.000254869 seconds.




Building a new DB, current time: 02/16/2024 16:20:49
New DB name:   /Users/macvbookpro/PycharmProjects/repeatmodeler/RM_884.FriFeb161620062024/round-1/family-2-cons-4.fa
New DB title:  /Users/macvbookpro/PycharmProjects/repeatmodeler/RM_884.FriFeb161620062024/round-1/family-2-cons-4.fa
Sequence type: Nucleotide
Keep MBits: T
Maximum file size: 3000000000B
Adding sequences from FASTA; added 1 sequences in 0.000281811 seconds.




Building a new DB, current time: 02/16/2024 16:20:49
New DB name:   /Users/macvbookpro/PycharmProjects/repeatmodeler/RM_884.FriFeb161620062024/round-1/family-2-cons-5.fa
New DB title:  /Users/macvbookpro/PycharmProjects/repeatmodeler/RM_884.FriFeb161620062024/round-1/family-2-cons-5.fa
Sequence type: Nucleotide
Keep MBits: T
Maximum file size: 3000000000B
Adding sequences from FASTA; added 1 sequences in 0.000255108 seconds.




Building a new DB, current time: 02/16/2024 16:20:49
New DB name:   /Users/macvbookpro/PycharmProjects/repeatmodeler/RM_884.FriFeb161620062024/round-1/family-2-cons-6.fa
New DB title:  /Users/macvbookpro/PycharmProjects/repeatmodeler/RM_884.FriFeb161620062024/round-1/family-2-cons-6.fa
Sequence type: Nucleotide
Keep MBits: T
Maximum file size: 3000000000B
Adding sequences from FASTA; added 1 sequences in 0.000250816 seconds.




Building a new DB, current time: 02/16/2024 16:20:50
New DB name:   /Users/macvbookpro/PycharmProjects/repeatmodeler/RM_884.FriFeb161620062024/round-1/family-3.fa
New DB title:  /Users/macvbookpro/PycharmProjects/repeatmodeler/RM_884.FriFeb161620062024/round-1/family-3.fa
Sequence type: Nucleotide
Keep MBits: T
Maximum file size: 3000000000B
Adding sequences from FASTA; added 17 sequences in 0.00109005 seconds.




Building a new DB, current time: 02/16/2024 16:20:51
New DB name:   /Users/macvbookpro/PycharmProjects/repeatmodeler/RM_884.FriFeb161620062024/round-1/family-3-cons-2.fa
New DB title:  /Users/macvbookpro/PycharmProjects/repeatmodeler/RM_884.FriFeb161620062024/round-1/family-3-cons-2.fa
Sequence type: Nucleotide
Keep MBits: T
Maximum file size: 3000000000B
Adding sequences from FASTA; added 1 sequences in 0.00029397 seconds.




Building a new DB, current time: 02/16/2024 16:20:52
New DB name:   /Users/macvbookpro/PycharmProjects/repeatmodeler/RM_884.FriFeb161620062024/round-1/family-3-cons-3.fa
New DB title:  /Users/macvbookpro/PycharmProjects/repeatmodeler/RM_884.FriFeb161620062024/round-1/family-3-cons-3.fa
Sequence type: Nucleotide
Keep MBits: T
Maximum file size: 3000000000B
Adding sequences from FASTA; added 1 sequences in 0.000275135 seconds.




Building a new DB, current time: 02/16/2024 16:20:52
New DB name:   /Users/macvbookpro/PycharmProjects/repeatmodeler/RM_884.FriFeb161620062024/round-1/family-3-cons-4.fa
New DB title:  /Users/macvbookpro/PycharmProjects/repeatmodeler/RM_884.FriFeb161620062024/round-1/family-3-cons-4.fa
Sequence type: Nucleotide
Keep MBits: T
Maximum file size: 3000000000B
Adding sequences from FASTA; added 1 sequences in 0.000274897 seconds.




Building a new DB, current time: 02/16/2024 16:20:53
New DB name:   /Users/macvbookpro/PycharmProjects/repeatmodeler/RM_884.FriFeb161620062024/round-1/family-3-cons-5.fa
New DB title:  /Users/macvbookpro/PycharmProjects/repeatmodeler/RM_884.FriFeb161620062024/round-1/family-3-cons-5.fa
Sequence type: Nucleotide
Keep MBits: T
Maximum file size: 3000000000B
Adding sequences from FASTA; added 1 sequences in 0.000272989 seconds.




Building a new DB, current time: 02/16/2024 16:20:54
New DB name:   /Users/macvbookpro/PycharmProjects/repeatmodeler/RM_884.FriFeb161620062024/round-1/family-4.fa
New DB title:  /Users/macvbookpro/PycharmProjects/repeatmodeler/RM_884.FriFeb161620062024/round-1/family-4.fa
Sequence type: Nucleotide
Keep MBits: T
Maximum file size: 3000000000B
Adding sequences from FASTA; added 16 sequences in 0.000882864 seconds.




Building a new DB, current time: 02/16/2024 16:20:54
New DB name:   /Users/macvbookpro/PycharmProjects/repeatmodeler/RM_884.FriFeb161620062024/round-1/family-4-cons-2.fa
New DB title:  /Users/macvbookpro/PycharmProjects/repeatmodeler/RM_884.FriFeb161620062024/round-1/family-4-cons-2.fa
Sequence type: Nucleotide
Keep MBits: T
Maximum file size: 3000000000B
Adding sequences from FASTA; added 1 sequences in 0.00069499 seconds.




Building a new DB, current time: 02/16/2024 16:20:55
New DB name:   /Users/macvbookpro/PycharmProjects/repeatmodeler/RM_884.FriFeb161620062024/round-1/family-4-cons-3.fa
New DB title:  /Users/macvbookpro/PycharmProjects/repeatmodeler/RM_884.FriFeb161620062024/round-1/family-4-cons-3.fa
Sequence type: Nucleotide
Keep MBits: T
Maximum file size: 3000000000B
Adding sequences from FASTA; added 1 sequences in 0.000478029 seconds.




Building a new DB, current time: 02/16/2024 16:20:55
New DB name:   /Users/macvbookpro/PycharmProjects/repeatmodeler/RM_884.FriFeb161620062024/round-1/family-4-cons-4.fa
New DB title:  /Users/macvbookpro/PycharmProjects/repeatmodeler/RM_884.FriFeb161620062024/round-1/family-4-cons-4.fa
Sequence type: Nucleotide
Keep MBits: T
Maximum file size: 3000000000B
Adding sequences from FASTA; added 1 sequences in 0.000271797 seconds.




Building a new DB, current time: 02/16/2024 16:20:55
New DB name:   /Users/macvbookpro/PycharmProjects/repeatmodeler/RM_884.FriFeb161620062024/round-1/family-5.fa
New DB title:  /Users/macvbookpro/PycharmProjects/repeatmodeler/RM_884.FriFeb161620062024/round-1/family-5.fa
Sequence type: Nucleotide
Keep MBits: T
Maximum file size: 3000000000B
Adding sequences from FASTA; added 16 sequences in 0.000904083 seconds.




Building a new DB, current time: 02/16/2024 16:20:55
New DB name:   /Users/macvbookpro/PycharmProjects/repeatmodeler/RM_884.FriFeb161620062024/round-1/family-5-cons-2.fa
New DB title:  /Users/macvbookpro/PycharmProjects/repeatmodeler/RM_884.FriFeb161620062024/round-1/family-5-cons-2.fa
Sequence type: Nucleotide
Keep MBits: T
Maximum file size: 3000000000B
Adding sequences from FASTA; added 1 sequences in 0.000383854 seconds.




Building a new DB, current time: 02/16/2024 16:20:56
New DB name:   /Users/macvbookpro/PycharmProjects/repeatmodeler/RM_884.FriFeb161620062024/round-1/family-5-cons-3.fa
New DB title:  /Users/macvbookpro/PycharmProjects/repeatmodeler/RM_884.FriFeb161620062024/round-1/family-5-cons-3.fa
Sequence type: Nucleotide
Keep MBits: T
Maximum file size: 3000000000B
Adding sequences from FASTA; added 1 sequences in 0.000441074 seconds.




Building a new DB, current time: 02/16/2024 16:20:56
New DB name:   /Users/macvbookpro/PycharmProjects/repeatmodeler/RM_884.FriFeb161620062024/round-1/family-5-cons-4.fa
New DB title:  /Users/macvbookpro/PycharmProjects/repeatmodeler/RM_884.FriFeb161620062024/round-1/family-5-cons-4.fa
Sequence type: Nucleotide
Keep MBits: T
Maximum file size: 3000000000B
Adding sequences from FASTA; added 1 sequences in 0.000260115 seconds.




Building a new DB, current time: 02/16/2024 16:20:56
New DB name:   /Users/macvbookpro/PycharmProjects/repeatmodeler/RM_884.FriFeb161620062024/round-1/family-5-cons-5.fa
New DB title:  /Users/macvbookpro/PycharmProjects/repeatmodeler/RM_884.FriFeb161620062024/round-1/family-5-cons-5.fa
Sequence type: Nucleotide
Keep MBits: T
Maximum file size: 3000000000B
Adding sequences from FASTA; added 1 sequences in 0.000254869 seconds.


